{
  "C:\\Users\\User\\aqdm\\src\\lib\\mariadb\\query.ts": {
    "path": "C:\\Users\\User\\aqdm\\src\\lib\\mariadb\\query.ts",
    "all": false,
    "statementMap": {
      "0": { "start": { "line": 1, "column": 0 }, "end": { "line": 1, "column": 46 } },
      "1": { "start": { "line": 2, "column": 0 }, "end": { "line": 2, "column": 30 } },
      "2": { "start": { "line": 3, "column": 0 }, "end": { "line": 3, "column": 0 } },
      "3": { "start": { "line": 4, "column": 0 }, "end": { "line": 4, "column": 55 } },
      "4": { "start": { "line": 5, "column": 0 }, "end": { "line": 5, "column": 0 } },
      "5": { "start": { "line": 6, "column": 0 }, "end": { "line": 6, "column": 3 } },
      "6": { "start": { "line": 7, "column": 0 }, "end": { "line": 7, "column": 43 } },
      "7": { "start": { "line": 8, "column": 0 }, "end": { "line": 8, "column": 2 } },
      "8": { "start": { "line": 9, "column": 0 }, "end": { "line": 9, "column": 49 } },
      "9": { "start": { "line": 10, "column": 0 }, "end": { "line": 10, "column": 41 } },
      "10": { "start": { "line": 11, "column": 0 }, "end": { "line": 11, "column": 30 } },
      "11": { "start": { "line": 12, "column": 0 }, "end": { "line": 12, "column": 3 } },
      "12": { "start": { "line": 13, "column": 0 }, "end": { "line": 13, "column": 81 } },
      "13": { "start": { "line": 14, "column": 0 }, "end": { "line": 14, "column": 41 } },
      "14": { "start": { "line": 15, "column": 0 }, "end": { "line": 15, "column": 107 } },
      "15": { "start": { "line": 16, "column": 0 }, "end": { "line": 16, "column": 1 } },
      "16": { "start": { "line": 17, "column": 0 }, "end": { "line": 17, "column": 0 } },
      "17": { "start": { "line": 18, "column": 0 }, "end": { "line": 18, "column": 3 } },
      "18": { "start": { "line": 19, "column": 0 }, "end": { "line": 19, "column": 47 } },
      "19": { "start": { "line": 20, "column": 0 }, "end": { "line": 20, "column": 2 } },
      "20": { "start": { "line": 21, "column": 0 }, "end": { "line": 21, "column": 41 } },
      "21": { "start": { "line": 22, "column": 0 }, "end": { "line": 22, "column": 75 } },
      "22": { "start": { "line": 23, "column": 0 }, "end": { "line": 23, "column": 15 } },
      "23": { "start": { "line": 24, "column": 0 }, "end": { "line": 24, "column": 3 } },
      "24": { "start": { "line": 25, "column": 0 }, "end": { "line": 25, "column": 32 } },
      "25": { "start": { "line": 26, "column": 0 }, "end": { "line": 26, "column": 42 } },
      "26": { "start": { "line": 27, "column": 0 }, "end": { "line": 27, "column": 59 } },
      "27": { "start": { "line": 28, "column": 0 }, "end": { "line": 28, "column": 6 } },
      "28": { "start": { "line": 29, "column": 0 }, "end": { "line": 29, "column": 20 } },
      "29": { "start": { "line": 30, "column": 0 }, "end": { "line": 30, "column": 35 } },
      "30": { "start": { "line": 31, "column": 0 }, "end": { "line": 31, "column": 20 } },
      "31": { "start": { "line": 32, "column": 0 }, "end": { "line": 32, "column": 3 } },
      "32": { "start": { "line": 33, "column": 0 }, "end": { "line": 33, "column": 0 } },
      "33": { "start": { "line": 34, "column": 0 }, "end": { "line": 34, "column": 34 } },
      "34": { "start": { "line": 35, "column": 0 }, "end": { "line": 35, "column": 30 } },
      "35": { "start": { "line": 36, "column": 0 }, "end": { "line": 36, "column": 51 } },
      "36": { "start": { "line": 37, "column": 0 }, "end": { "line": 37, "column": 79 } },
      "37": { "start": { "line": 38, "column": 0 }, "end": { "line": 38, "column": 17 } },
      "38": { "start": { "line": 39, "column": 0 }, "end": { "line": 39, "column": 16 } },
      "39": { "start": { "line": 40, "column": 0 }, "end": { "line": 40, "column": 3 } },
      "40": { "start": { "line": 41, "column": 0 }, "end": { "line": 41, "column": 0 } },
      "41": { "start": { "line": 42, "column": 0 }, "end": { "line": 42, "column": 39 } },
      "42": { "start": { "line": 43, "column": 0 }, "end": { "line": 43, "column": 25 } },
      "43": { "start": { "line": 44, "column": 0 }, "end": { "line": 44, "column": 74 } },
      "44": { "start": { "line": 45, "column": 0 }, "end": { "line": 45, "column": 43 } },
      "45": { "start": { "line": 46, "column": 0 }, "end": { "line": 46, "column": 18 } },
      "46": { "start": { "line": 47, "column": 0 }, "end": { "line": 47, "column": 96 } },
      "47": { "start": { "line": 48, "column": 0 }, "end": { "line": 48, "column": 94 } },
      "48": { "start": { "line": 49, "column": 0 }, "end": { "line": 49, "column": 40 } },
      "49": { "start": { "line": 50, "column": 0 }, "end": { "line": 50, "column": 108 } },
      "50": { "start": { "line": 51, "column": 0 }, "end": { "line": 51, "column": 7 } },
      "51": { "start": { "line": 52, "column": 0 }, "end": { "line": 52, "column": 17 } },
      "52": { "start": { "line": 53, "column": 0 }, "end": { "line": 53, "column": 30 } },
      "53": { "start": { "line": 54, "column": 0 }, "end": { "line": 54, "column": 3 } },
      "54": { "start": { "line": 55, "column": 0 }, "end": { "line": 55, "column": 0 } },
      "55": { "start": { "line": 56, "column": 0 }, "end": { "line": 56, "column": 49 } },
      "56": { "start": { "line": 57, "column": 0 }, "end": { "line": 57, "column": 1 } },
      "57": { "start": { "line": 58, "column": 0 }, "end": { "line": 58, "column": 0 } },
      "58": { "start": { "line": 59, "column": 0 }, "end": { "line": 59, "column": 3 } },
      "59": { "start": { "line": 60, "column": 0 }, "end": { "line": 60, "column": 14 } },
      "60": { "start": { "line": 61, "column": 0 }, "end": { "line": 61, "column": 2 } },
      "61": { "start": { "line": 62, "column": 0 }, "end": { "line": 62, "column": 42 } },
      "62": { "start": { "line": 63, "column": 0 }, "end": { "line": 63, "column": 3 } },
      "63": { "start": { "line": 64, "column": 0 }, "end": { "line": 64, "column": 72 } },
      "64": { "start": { "line": 65, "column": 0 }, "end": { "line": 65, "column": 7 } },
      "65": { "start": { "line": 66, "column": 0 }, "end": { "line": 66, "column": 19 } },
      "66": { "start": { "line": 67, "column": 0 }, "end": { "line": 67, "column": 19 } },
      "67": { "start": { "line": 68, "column": 0 }, "end": { "line": 68, "column": 46 } },
      "68": { "start": { "line": 69, "column": 0 }, "end": { "line": 69, "column": 3 } },
      "69": { "start": { "line": 70, "column": 0 }, "end": { "line": 70, "column": 1 } },
      "70": { "start": { "line": 71, "column": 0 }, "end": { "line": 71, "column": 0 } },
      "71": { "start": { "line": 72, "column": 0 }, "end": { "line": 72, "column": 3 } },
      "72": { "start": { "line": 73, "column": 0 }, "end": { "line": 73, "column": 29 } },
      "73": { "start": { "line": 74, "column": 0 }, "end": { "line": 74, "column": 2 } },
      "74": { "start": { "line": 75, "column": 0 }, "end": { "line": 75, "column": 49 } },
      "75": { "start": { "line": 76, "column": 0 }, "end": { "line": 76, "column": 3 } },
      "76": { "start": { "line": 77, "column": 0 }, "end": { "line": 77, "column": 67 } },
      "77": { "start": { "line": 78, "column": 0 }, "end": { "line": 78, "column": 11 } },
      "78": { "start": { "line": 79, "column": 0 }, "end": { "line": 79, "column": 0 } },
      "79": { "start": { "line": 80, "column": 0 }, "end": { "line": 80, "column": 7 } },
      "80": { "start": { "line": 81, "column": 0 }, "end": { "line": 81, "column": 38 } },
      "81": { "start": { "line": 82, "column": 0 }, "end": { "line": 82, "column": 34 } },
      "82": { "start": { "line": 83, "column": 0 }, "end": { "line": 83, "column": 16 } },
      "83": { "start": { "line": 84, "column": 0 }, "end": { "line": 84, "column": 19 } },
      "84": { "start": { "line": 85, "column": 0 }, "end": { "line": 85, "column": 15 } },
      "85": { "start": { "line": 86, "column": 0 }, "end": { "line": 86, "column": 24 } },
      "86": { "start": { "line": 87, "column": 0 }, "end": { "line": 87, "column": 5 } },
      "87": { "start": { "line": 88, "column": 0 }, "end": { "line": 88, "column": 16 } },
      "88": { "start": { "line": 89, "column": 0 }, "end": { "line": 89, "column": 3 } },
      "89": { "start": { "line": 90, "column": 0 }, "end": { "line": 90, "column": 1 } },
      "90": { "start": { "line": 91, "column": 0 }, "end": { "line": 91, "column": 0 } },
      "91": { "start": { "line": 92, "column": 0 }, "end": { "line": 92, "column": 3 } },
      "92": { "start": { "line": 93, "column": 0 }, "end": { "line": 93, "column": 15 } },
      "93": { "start": { "line": 94, "column": 0 }, "end": { "line": 94, "column": 2 } },
      "94": { "start": { "line": 95, "column": 0 }, "end": { "line": 95, "column": 43 } },
      "95": { "start": { "line": 96, "column": 0 }, "end": { "line": 96, "column": 3 } },
      "96": { "start": { "line": 97, "column": 0 }, "end": { "line": 97, "column": 78 } },
      "97": { "start": { "line": 98, "column": 0 }, "end": { "line": 98, "column": 7 } },
      "98": { "start": { "line": 99, "column": 0 }, "end": { "line": 99, "column": 24 } },
      "99": { "start": { "line": 100, "column": 0 }, "end": { "line": 100, "column": 19 } },
      "100": { "start": { "line": 101, "column": 0 }, "end": { "line": 101, "column": 16 } },
      "101": { "start": { "line": 102, "column": 0 }, "end": { "line": 102, "column": 13 } },
      "102": { "start": { "line": 103, "column": 0 }, "end": { "line": 103, "column": 22 } },
      "103": { "start": { "line": 104, "column": 0 }, "end": { "line": 104, "column": 3 } },
      "104": { "start": { "line": 105, "column": 0 }, "end": { "line": 105, "column": 1 } },
      "105": { "start": { "line": 106, "column": 0 }, "end": { "line": 106, "column": 0 } },
      "106": { "start": { "line": 107, "column": 0 }, "end": { "line": 107, "column": 3 } },
      "107": { "start": { "line": 108, "column": 0 }, "end": { "line": 108, "column": 15 } },
      "108": { "start": { "line": 109, "column": 0 }, "end": { "line": 109, "column": 2 } },
      "109": { "start": { "line": 110, "column": 0 }, "end": { "line": 110, "column": 43 } },
      "110": { "start": { "line": 111, "column": 0 }, "end": { "line": 111, "column": 3 } },
      "111": { "start": { "line": 112, "column": 0 }, "end": { "line": 112, "column": 80 } },
      "112": { "start": { "line": 113, "column": 0 }, "end": { "line": 113, "column": 7 } },
      "113": { "start": { "line": 114, "column": 0 }, "end": { "line": 114, "column": 26 } },
      "114": { "start": { "line": 115, "column": 0 }, "end": { "line": 115, "column": 19 } },
      "115": { "start": { "line": 116, "column": 0 }, "end": { "line": 116, "column": 16 } },
      "116": { "start": { "line": 117, "column": 0 }, "end": { "line": 117, "column": 13 } },
      "117": { "start": { "line": 118, "column": 0 }, "end": { "line": 118, "column": 22 } },
      "118": { "start": { "line": 119, "column": 0 }, "end": { "line": 119, "column": 3 } },
      "119": { "start": { "line": 120, "column": 0 }, "end": { "line": 120, "column": 1 } },
      "120": { "start": { "line": 121, "column": 0 }, "end": { "line": 121, "column": 0 } },
      "121": { "start": { "line": 122, "column": 0 }, "end": { "line": 122, "column": 3 } },
      "122": { "start": { "line": 123, "column": 0 }, "end": { "line": 123, "column": 26 } },
      "123": { "start": { "line": 124, "column": 0 }, "end": { "line": 124, "column": 2 } },
      "124": { "start": { "line": 125, "column": 0 }, "end": { "line": 125, "column": 31 } },
      "125": { "start": { "line": 126, "column": 0 }, "end": { "line": 126, "column": 56 } },
      "126": { "start": { "line": 127, "column": 0 }, "end": { "line": 127, "column": 72 } },
      "127": { "start": { "line": 128, "column": 0 }, "end": { "line": 128, "column": 49 } },
      "128": { "start": { "line": 129, "column": 0 }, "end": { "line": 129, "column": 26 } },
      "129": { "start": { "line": 130, "column": 0 }, "end": { "line": 130, "column": 2 } },
      "130": { "start": { "line": 131, "column": 0 }, "end": { "line": 131, "column": 11 } },
      "131": { "start": { "line": 132, "column": 0 }, "end": { "line": 132, "column": 11 } },
      "132": { "start": { "line": 133, "column": 0 }, "end": { "line": 133, "column": 104 } },
      "133": { "start": { "line": 134, "column": 0 }, "end": { "line": 134, "column": 69 } },
      "134": { "start": { "line": 135, "column": 0 }, "end": { "line": 135, "column": 2 } },
      "135": { "start": { "line": 136, "column": 0 }, "end": { "line": 136, "column": 11 } },
      "136": { "start": { "line": 137, "column": 0 }, "end": { "line": 137, "column": 105 } },
      "137": { "start": { "line": 138, "column": 0 }, "end": { "line": 138, "column": 27 } },
      "138": { "start": { "line": 139, "column": 0 }, "end": { "line": 139, "column": 25 } },
      "139": { "start": { "line": 140, "column": 0 }, "end": { "line": 140, "column": 25 } },
      "140": { "start": { "line": 141, "column": 0 }, "end": { "line": 141, "column": 6 } },
      "141": { "start": { "line": 142, "column": 0 }, "end": { "line": 142, "column": 78 } },
      "142": { "start": { "line": 143, "column": 0 }, "end": { "line": 143, "column": 2 } },
      "143": { "start": { "line": 144, "column": 0 }, "end": { "line": 144, "column": 14 } },
      "144": { "start": { "line": 145, "column": 0 }, "end": { "line": 145, "column": 105 } },
      "145": { "start": { "line": 146, "column": 0 }, "end": { "line": 146, "column": 14 } },
      "146": { "start": { "line": 147, "column": 0 }, "end": { "line": 147, "column": 23 } },
      "147": { "start": { "line": 148, "column": 0 }, "end": { "line": 148, "column": 21 } },
      "148": { "start": { "line": 149, "column": 0 }, "end": { "line": 149, "column": 21 } },
      "149": { "start": { "line": 150, "column": 0 }, "end": { "line": 150, "column": 7 } },
      "150": { "start": { "line": 151, "column": 0 }, "end": { "line": 151, "column": 6 } },
      "151": { "start": { "line": 152, "column": 0 }, "end": { "line": 152, "column": 72 } },
      "152": { "start": { "line": 153, "column": 0 }, "end": { "line": 153, "column": 2 } },
      "153": { "start": { "line": 154, "column": 0 }, "end": { "line": 154, "column": 58 } },
      "154": { "start": { "line": 155, "column": 0 }, "end": { "line": 155, "column": 41 } },
      "155": { "start": { "line": 156, "column": 0 }, "end": { "line": 156, "column": 105 } },
      "156": { "start": { "line": 157, "column": 0 }, "end": { "line": 157, "column": 14 } },
      "157": { "start": { "line": 158, "column": 0 }, "end": { "line": 158, "column": 23 } },
      "158": { "start": { "line": 159, "column": 0 }, "end": { "line": 159, "column": 21 } },
      "159": { "start": { "line": 160, "column": 0 }, "end": { "line": 160, "column": 21 } },
      "160": { "start": { "line": 161, "column": 0 }, "end": { "line": 161, "column": 7 } },
      "161": { "start": { "line": 162, "column": 0 }, "end": { "line": 162, "column": 12 } },
      "162": { "start": { "line": 163, "column": 0 }, "end": { "line": 163, "column": 72 } },
      "163": { "start": { "line": 164, "column": 0 }, "end": { "line": 164, "column": 3 } },
      "164": { "start": { "line": 165, "column": 0 }, "end": { "line": 165, "column": 38 } },
      "165": { "start": { "line": 166, "column": 0 }, "end": { "line": 166, "column": 16 } },
      "166": { "start": { "line": 167, "column": 0 }, "end": { "line": 167, "column": 45 } },
      "167": { "start": { "line": 168, "column": 0 }, "end": { "line": 168, "column": 59 } },
      "168": { "start": { "line": 169, "column": 0 }, "end": { "line": 169, "column": 32 } },
      "169": { "start": { "line": 170, "column": 0 }, "end": { "line": 170, "column": 17 } },
      "170": { "start": { "line": 171, "column": 0 }, "end": { "line": 171, "column": 23 } },
      "171": { "start": { "line": 172, "column": 0 }, "end": { "line": 172, "column": 26 } },
      "172": { "start": { "line": 173, "column": 0 }, "end": { "line": 173, "column": 0 } },
      "173": { "start": { "line": 174, "column": 0 }, "end": { "line": 174, "column": 7 } },
      "174": { "start": { "line": 175, "column": 0 }, "end": { "line": 175, "column": 16 } },
      "175": { "start": { "line": 176, "column": 0 }, "end": { "line": 176, "column": 40 } },
      "176": { "start": { "line": 177, "column": 0 }, "end": { "line": 177, "column": 5 } },
      "177": { "start": { "line": 178, "column": 0 }, "end": { "line": 178, "column": 0 } },
      "178": { "start": { "line": 179, "column": 0 }, "end": { "line": 179, "column": 51 } },
      "179": { "start": { "line": 180, "column": 0 }, "end": { "line": 180, "column": 0 } },
      "180": { "start": { "line": 181, "column": 0 }, "end": { "line": 181, "column": 49 } },
      "181": { "start": { "line": 182, "column": 0 }, "end": { "line": 182, "column": 61 } },
      "182": { "start": { "line": 183, "column": 0 }, "end": { "line": 183, "column": 5 } },
      "183": { "start": { "line": 184, "column": 0 }, "end": { "line": 184, "column": 19 } },
      "184": { "start": { "line": 185, "column": 0 }, "end": { "line": 185, "column": 30 } },
      "185": { "start": { "line": 186, "column": 0 }, "end": { "line": 186, "column": 51 } },
      "186": { "start": { "line": 187, "column": 0 }, "end": { "line": 187, "column": 16 } },
      "187": { "start": { "line": 188, "column": 0 }, "end": { "line": 188, "column": 13 } },
      "188": { "start": { "line": 189, "column": 0 }, "end": { "line": 189, "column": 32 } },
      "189": { "start": { "line": 190, "column": 0 }, "end": { "line": 190, "column": 24 } },
      "190": { "start": { "line": 191, "column": 0 }, "end": { "line": 191, "column": 5 } },
      "191": { "start": { "line": 192, "column": 0 }, "end": { "line": 192, "column": 3 } },
      "192": { "start": { "line": 193, "column": 0 }, "end": { "line": 193, "column": 0 } },
      "193": { "start": { "line": 194, "column": 0 }, "end": { "line": 194, "column": 16 } },
      "194": { "start": { "line": 195, "column": 0 }, "end": { "line": 195, "column": 1 } },
      "195": { "start": { "line": 196, "column": 0 }, "end": { "line": 196, "column": 0 } },
      "196": { "start": { "line": 197, "column": 0 }, "end": { "line": 197, "column": 3 } },
      "197": { "start": { "line": 198, "column": 0 }, "end": { "line": 198, "column": 32 } },
      "198": { "start": { "line": 199, "column": 0 }, "end": { "line": 199, "column": 2 } },
      "199": { "start": { "line": 200, "column": 0 }, "end": { "line": 200, "column": 31 } },
      "200": { "start": { "line": 201, "column": 0 }, "end": { "line": 201, "column": 56 } },
      "201": { "start": { "line": 202, "column": 0 }, "end": { "line": 202, "column": 72 } },
      "202": { "start": { "line": 203, "column": 0 }, "end": { "line": 203, "column": 49 } },
      "203": { "start": { "line": 204, "column": 0 }, "end": { "line": 204, "column": 26 } },
      "204": { "start": { "line": 205, "column": 0 }, "end": { "line": 205, "column": 2 } },
      "205": { "start": { "line": 206, "column": 0 }, "end": { "line": 206, "column": 11 } },
      "206": { "start": { "line": 207, "column": 0 }, "end": { "line": 207, "column": 11 } },
      "207": { "start": { "line": 208, "column": 0 }, "end": { "line": 208, "column": 104 } },
      "208": { "start": { "line": 209, "column": 0 }, "end": { "line": 209, "column": 67 } },
      "209": { "start": { "line": 210, "column": 0 }, "end": { "line": 210, "column": 2 } },
      "210": { "start": { "line": 211, "column": 0 }, "end": { "line": 211, "column": 11 } },
      "211": { "start": { "line": 212, "column": 0 }, "end": { "line": 212, "column": 105 } },
      "212": { "start": { "line": 213, "column": 0 }, "end": { "line": 213, "column": 27 } },
      "213": { "start": { "line": 214, "column": 0 }, "end": { "line": 214, "column": 25 } },
      "214": { "start": { "line": 215, "column": 0 }, "end": { "line": 215, "column": 25 } },
      "215": { "start": { "line": 216, "column": 0 }, "end": { "line": 216, "column": 6 } },
      "216": { "start": { "line": 217, "column": 0 }, "end": { "line": 217, "column": 76 } },
      "217": { "start": { "line": 218, "column": 0 }, "end": { "line": 218, "column": 2 } },
      "218": { "start": { "line": 219, "column": 0 }, "end": { "line": 219, "column": 14 } },
      "219": { "start": { "line": 220, "column": 0 }, "end": { "line": 220, "column": 105 } },
      "220": { "start": { "line": 221, "column": 0 }, "end": { "line": 221, "column": 14 } },
      "221": { "start": { "line": 222, "column": 0 }, "end": { "line": 222, "column": 23 } },
      "222": { "start": { "line": 223, "column": 0 }, "end": { "line": 223, "column": 21 } },
      "223": { "start": { "line": 224, "column": 0 }, "end": { "line": 224, "column": 21 } },
      "224": { "start": { "line": 225, "column": 0 }, "end": { "line": 225, "column": 7 } },
      "225": { "start": { "line": 226, "column": 0 }, "end": { "line": 226, "column": 6 } },
      "226": { "start": { "line": 227, "column": 0 }, "end": { "line": 227, "column": 70 } },
      "227": { "start": { "line": 228, "column": 0 }, "end": { "line": 228, "column": 2 } },
      "228": { "start": { "line": 229, "column": 0 }, "end": { "line": 229, "column": 58 } },
      "229": { "start": { "line": 230, "column": 0 }, "end": { "line": 230, "column": 41 } },
      "230": { "start": { "line": 231, "column": 0 }, "end": { "line": 231, "column": 105 } },
      "231": { "start": { "line": 232, "column": 0 }, "end": { "line": 232, "column": 63 } },
      "232": { "start": { "line": 233, "column": 0 }, "end": { "line": 233, "column": 12 } },
      "233": { "start": { "line": 234, "column": 0 }, "end": { "line": 234, "column": 72 } },
      "234": { "start": { "line": 235, "column": 0 }, "end": { "line": 235, "column": 3 } },
      "235": { "start": { "line": 236, "column": 0 }, "end": { "line": 236, "column": 38 } },
      "236": { "start": { "line": 237, "column": 0 }, "end": { "line": 237, "column": 16 } },
      "237": { "start": { "line": 238, "column": 0 }, "end": { "line": 238, "column": 45 } },
      "238": { "start": { "line": 239, "column": 0 }, "end": { "line": 239, "column": 59 } },
      "239": { "start": { "line": 240, "column": 0 }, "end": { "line": 240, "column": 32 } },
      "240": { "start": { "line": 241, "column": 0 }, "end": { "line": 241, "column": 22 } },
      "241": { "start": { "line": 242, "column": 0 }, "end": { "line": 242, "column": 30 } },
      "242": { "start": { "line": 243, "column": 0 }, "end": { "line": 243, "column": 26 } },
      "243": { "start": { "line": 244, "column": 0 }, "end": { "line": 244, "column": 0 } },
      "244": { "start": { "line": 245, "column": 0 }, "end": { "line": 245, "column": 7 } },
      "245": { "start": { "line": 246, "column": 0 }, "end": { "line": 246, "column": 16 } },
      "246": { "start": { "line": 247, "column": 0 }, "end": { "line": 247, "column": 40 } },
      "247": { "start": { "line": 248, "column": 0 }, "end": { "line": 248, "column": 5 } },
      "248": { "start": { "line": 249, "column": 0 }, "end": { "line": 249, "column": 0 } },
      "249": { "start": { "line": 250, "column": 0 }, "end": { "line": 250, "column": 51 } },
      "250": { "start": { "line": 251, "column": 0 }, "end": { "line": 251, "column": 0 } },
      "251": { "start": { "line": 252, "column": 0 }, "end": { "line": 252, "column": 49 } },
      "252": { "start": { "line": 253, "column": 0 }, "end": { "line": 253, "column": 46 } },
      "253": { "start": { "line": 254, "column": 0 }, "end": { "line": 254, "column": 5 } },
      "254": { "start": { "line": 255, "column": 0 }, "end": { "line": 255, "column": 19 } },
      "255": { "start": { "line": 256, "column": 0 }, "end": { "line": 256, "column": 30 } },
      "256": { "start": { "line": 257, "column": 0 }, "end": { "line": 257, "column": 51 } },
      "257": { "start": { "line": 258, "column": 0 }, "end": { "line": 258, "column": 16 } },
      "258": { "start": { "line": 259, "column": 0 }, "end": { "line": 259, "column": 13 } },
      "259": { "start": { "line": 260, "column": 0 }, "end": { "line": 260, "column": 32 } },
      "260": { "start": { "line": 261, "column": 0 }, "end": { "line": 261, "column": 24 } },
      "261": { "start": { "line": 262, "column": 0 }, "end": { "line": 262, "column": 5 } },
      "262": { "start": { "line": 263, "column": 0 }, "end": { "line": 263, "column": 3 } },
      "263": { "start": { "line": 264, "column": 0 }, "end": { "line": 264, "column": 0 } },
      "264": { "start": { "line": 265, "column": 0 }, "end": { "line": 265, "column": 16 } },
      "265": { "start": { "line": 266, "column": 0 }, "end": { "line": 266, "column": 1 } },
      "266": { "start": { "line": 267, "column": 0 }, "end": { "line": 267, "column": 0 } },
      "267": { "start": { "line": 268, "column": 0 }, "end": { "line": 268, "column": 3 } },
      "268": { "start": { "line": 269, "column": 0 }, "end": { "line": 269, "column": 40 } },
      "269": { "start": { "line": 270, "column": 0 }, "end": { "line": 270, "column": 2 } },
      "270": { "start": { "line": 271, "column": 0 }, "end": { "line": 271, "column": 31 } },
      "271": { "start": { "line": 272, "column": 0 }, "end": { "line": 272, "column": 56 } },
      "272": { "start": { "line": 273, "column": 0 }, "end": { "line": 273, "column": 49 } },
      "273": { "start": { "line": 274, "column": 0 }, "end": { "line": 274, "column": 24 } },
      "274": { "start": { "line": 275, "column": 0 }, "end": { "line": 275, "column": 2 } },
      "275": { "start": { "line": 276, "column": 0 }, "end": { "line": 276, "column": 11 } },
      "276": { "start": { "line": 277, "column": 0 }, "end": { "line": 277, "column": 11 } },
      "277": { "start": { "line": 278, "column": 0 }, "end": { "line": 278, "column": 90 } },
      "278": { "start": { "line": 279, "column": 0 }, "end": { "line": 279, "column": 16 } },
      "279": { "start": { "line": 280, "column": 0 }, "end": { "line": 280, "column": 2 } },
      "280": { "start": { "line": 281, "column": 0 }, "end": { "line": 281, "column": 58 } },
      "281": { "start": { "line": 282, "column": 0 }, "end": { "line": 282, "column": 41 } },
      "282": { "start": { "line": 283, "column": 0 }, "end": { "line": 283, "column": 96 } },
      "283": { "start": { "line": 284, "column": 0 }, "end": { "line": 284, "column": 72 } },
      "284": { "start": { "line": 285, "column": 0 }, "end": { "line": 285, "column": 3 } },
      "285": { "start": { "line": 286, "column": 0 }, "end": { "line": 286, "column": 38 } },
      "286": { "start": { "line": 287, "column": 0 }, "end": { "line": 287, "column": 16 } },
      "287": { "start": { "line": 288, "column": 0 }, "end": { "line": 288, "column": 45 } },
      "288": { "start": { "line": 289, "column": 0 }, "end": { "line": 289, "column": 32 } },
      "289": { "start": { "line": 290, "column": 0 }, "end": { "line": 290, "column": 22 } },
      "290": { "start": { "line": 291, "column": 0 }, "end": { "line": 291, "column": 30 } },
      "291": { "start": { "line": 292, "column": 0 }, "end": { "line": 292, "column": 26 } },
      "292": { "start": { "line": 293, "column": 0 }, "end": { "line": 293, "column": 0 } },
      "293": { "start": { "line": 294, "column": 0 }, "end": { "line": 294, "column": 7 } },
      "294": { "start": { "line": 295, "column": 0 }, "end": { "line": 295, "column": 16 } },
      "295": { "start": { "line": 296, "column": 0 }, "end": { "line": 296, "column": 40 } },
      "296": { "start": { "line": 297, "column": 0 }, "end": { "line": 297, "column": 5 } },
      "297": { "start": { "line": 298, "column": 0 }, "end": { "line": 298, "column": 0 } },
      "298": { "start": { "line": 299, "column": 0 }, "end": { "line": 299, "column": 51 } },
      "299": { "start": { "line": 300, "column": 0 }, "end": { "line": 300, "column": 0 } },
      "300": { "start": { "line": 301, "column": 0 }, "end": { "line": 301, "column": 52 } },
      "301": { "start": { "line": 302, "column": 0 }, "end": { "line": 302, "column": 18 } },
      "302": { "start": { "line": 303, "column": 0 }, "end": { "line": 303, "column": 5 } },
      "303": { "start": { "line": 304, "column": 0 }, "end": { "line": 304, "column": 0 } },
      "304": { "start": { "line": 305, "column": 0 }, "end": { "line": 305, "column": 45 } },
      "305": { "start": { "line": 306, "column": 0 }, "end": { "line": 306, "column": 34 } },
      "306": { "start": { "line": 307, "column": 0 }, "end": { "line": 307, "column": 0 } },
      "307": { "start": { "line": 308, "column": 0 }, "end": { "line": 308, "column": 26 } },
      "308": { "start": { "line": 309, "column": 0 }, "end": { "line": 309, "column": 19 } },
      "309": { "start": { "line": 310, "column": 0 }, "end": { "line": 310, "column": 30 } },
      "310": { "start": { "line": 311, "column": 0 }, "end": { "line": 311, "column": 51 } },
      "311": { "start": { "line": 312, "column": 0 }, "end": { "line": 312, "column": 16 } },
      "312": { "start": { "line": 313, "column": 0 }, "end": { "line": 313, "column": 13 } },
      "313": { "start": { "line": 314, "column": 0 }, "end": { "line": 314, "column": 32 } },
      "314": { "start": { "line": 315, "column": 0 }, "end": { "line": 315, "column": 24 } },
      "315": { "start": { "line": 316, "column": 0 }, "end": { "line": 316, "column": 5 } },
      "316": { "start": { "line": 317, "column": 0 }, "end": { "line": 317, "column": 3 } },
      "317": { "start": { "line": 318, "column": 0 }, "end": { "line": 318, "column": 0 } },
      "318": { "start": { "line": 319, "column": 0 }, "end": { "line": 319, "column": 16 } },
      "319": { "start": { "line": 320, "column": 0 }, "end": { "line": 320, "column": 1 } },
      "320": { "start": { "line": 321, "column": 0 }, "end": { "line": 321, "column": 0 } },
      "321": { "start": { "line": 322, "column": 0 }, "end": { "line": 322, "column": 3 } },
      "322": { "start": { "line": 323, "column": 0 }, "end": { "line": 323, "column": 31 } },
      "323": { "start": { "line": 324, "column": 0 }, "end": { "line": 324, "column": 2 } },
      "324": { "start": { "line": 325, "column": 0 }, "end": { "line": 325, "column": 31 } },
      "325": { "start": { "line": 326, "column": 0 }, "end": { "line": 326, "column": 56 } },
      "326": { "start": { "line": 327, "column": 0 }, "end": { "line": 327, "column": 49 } },
      "327": { "start": { "line": 328, "column": 0 }, "end": { "line": 328, "column": 88 } },
      "328": { "start": { "line": 329, "column": 0 }, "end": { "line": 329, "column": 2 } },
      "329": { "start": { "line": 330, "column": 0 }, "end": { "line": 330, "column": 11 } },
      "330": { "start": { "line": 331, "column": 0 }, "end": { "line": 331, "column": 11 } },
      "331": { "start": { "line": 332, "column": 0 }, "end": { "line": 332, "column": 73 } },
      "332": { "start": { "line": 333, "column": 0 }, "end": { "line": 333, "column": 2 } },
      "333": { "start": { "line": 334, "column": 0 }, "end": { "line": 334, "column": 58 } },
      "334": { "start": { "line": 335, "column": 0 }, "end": { "line": 335, "column": 41 } },
      "335": { "start": { "line": 336, "column": 0 }, "end": { "line": 336, "column": 79 } },
      "336": { "start": { "line": 337, "column": 0 }, "end": { "line": 337, "column": 72 } },
      "337": { "start": { "line": 338, "column": 0 }, "end": { "line": 338, "column": 3 } },
      "338": { "start": { "line": 339, "column": 0 }, "end": { "line": 339, "column": 27 } },
      "339": { "start": { "line": 340, "column": 0 }, "end": { "line": 340, "column": 16 } },
      "340": { "start": { "line": 341, "column": 0 }, "end": { "line": 341, "column": 45 } },
      "341": { "start": { "line": 342, "column": 0 }, "end": { "line": 342, "column": 32 } },
      "342": { "start": { "line": 343, "column": 0 }, "end": { "line": 343, "column": 79 } },
      "343": { "start": { "line": 344, "column": 0 }, "end": { "line": 344, "column": 26 } },
      "344": { "start": { "line": 345, "column": 0 }, "end": { "line": 345, "column": 0 } },
      "345": { "start": { "line": 346, "column": 0 }, "end": { "line": 346, "column": 7 } },
      "346": { "start": { "line": 347, "column": 0 }, "end": { "line": 347, "column": 51 } },
      "347": { "start": { "line": 348, "column": 0 }, "end": { "line": 348, "column": 57 } },
      "348": { "start": { "line": 349, "column": 0 }, "end": { "line": 349, "column": 5 } },
      "349": { "start": { "line": 350, "column": 0 }, "end": { "line": 350, "column": 0 } },
      "350": { "start": { "line": 351, "column": 0 }, "end": { "line": 351, "column": 16 } },
      "351": { "start": { "line": 352, "column": 0 }, "end": { "line": 352, "column": 40 } },
      "352": { "start": { "line": 353, "column": 0 }, "end": { "line": 353, "column": 5 } },
      "353": { "start": { "line": 354, "column": 0 }, "end": { "line": 354, "column": 0 } },
      "354": { "start": { "line": 355, "column": 0 }, "end": { "line": 355, "column": 90 } },
      "355": { "start": { "line": 356, "column": 0 }, "end": { "line": 356, "column": 12 } },
      "356": { "start": { "line": 357, "column": 0 }, "end": { "line": 357, "column": 41 } },
      "357": { "start": { "line": 358, "column": 0 }, "end": { "line": 358, "column": 33 } },
      "358": { "start": { "line": 359, "column": 0 }, "end": { "line": 359, "column": 43 } },
      "359": { "start": { "line": 360, "column": 0 }, "end": { "line": 360, "column": 6 } },
      "360": { "start": { "line": 361, "column": 0 }, "end": { "line": 361, "column": 19 } },
      "361": { "start": { "line": 362, "column": 0 }, "end": { "line": 362, "column": 30 } },
      "362": { "start": { "line": 363, "column": 0 }, "end": { "line": 363, "column": 51 } },
      "363": { "start": { "line": 364, "column": 0 }, "end": { "line": 364, "column": 16 } },
      "364": { "start": { "line": 365, "column": 0 }, "end": { "line": 365, "column": 13 } },
      "365": { "start": { "line": 366, "column": 0 }, "end": { "line": 366, "column": 32 } },
      "366": { "start": { "line": 367, "column": 0 }, "end": { "line": 367, "column": 24 } },
      "367": { "start": { "line": 368, "column": 0 }, "end": { "line": 368, "column": 5 } },
      "368": { "start": { "line": 369, "column": 0 }, "end": { "line": 369, "column": 3 } },
      "369": { "start": { "line": 370, "column": 0 }, "end": { "line": 370, "column": 1 } },
      "370": { "start": { "line": 371, "column": 0 }, "end": { "line": 371, "column": 0 } },
      "371": { "start": { "line": 372, "column": 0 }, "end": { "line": 372, "column": 54 } }
    },
    "s": {
      "0": 1,
      "1": 1,
      "2": 1,
      "3": 1,
      "4": 1,
      "5": 1,
      "6": 1,
      "7": 1,
      "8": 1,
      "9": 1,
      "10": 1,
      "11": 1,
      "12": 1,
      "13": 43,
      "14": 43,
      "15": 43,
      "16": 1,
      "17": 1,
      "18": 1,
      "19": 1,
      "20": 1,
      "21": 1,
      "22": 1,
      "23": 1,
      "24": 1,
      "25": 22,
      "26": 22,
      "27": 22,
      "28": 22,
      "29": 4,
      "30": 4,
      "31": 4,
      "32": 18,
      "33": 22,
      "34": 1,
      "35": 1,
      "36": 3,
      "37": 3,
      "38": 1,
      "39": 1,
      "40": 17,
      "41": 22,
      "42": 16,
      "43": 16,
      "44": 42,
      "45": 38,
      "46": 38,
      "47": 42,
      "48": 4,
      "49": 4,
      "50": 4,
      "51": 42,
      "52": 16,
      "53": 16,
      "54": 1,
      "55": 1,
      "56": 1,
      "57": 1,
      "58": 1,
      "59": 1,
      "60": 1,
      "61": 1,
      "62": 1,
      "63": 1,
      "64": 27,
      "65": 27,
      "66": 27,
      "67": 0,
      "68": 0,
      "69": 27,
      "70": 1,
      "71": 1,
      "72": 1,
      "73": 1,
      "74": 1,
      "75": 1,
      "76": 1,
      "77": 5,
      "78": 5,
      "79": 5,
      "80": 5,
      "81": 4,
      "82": 3,
      "83": 5,
      "84": 2,
      "85": 1,
      "86": 1,
      "87": 2,
      "88": 2,
      "89": 5,
      "90": 1,
      "91": 1,
      "92": 1,
      "93": 1,
      "94": 1,
      "95": 1,
      "96": 1,
      "97": 4,
      "98": 4,
      "99": 4,
      "100": 1,
      "101": 4,
      "102": 4,
      "103": 4,
      "104": 4,
      "105": 1,
      "106": 1,
      "107": 1,
      "108": 1,
      "109": 1,
      "110": 1,
      "111": 1,
      "112": 4,
      "113": 4,
      "114": 4,
      "115": 1,
      "116": 4,
      "117": 4,
      "118": 4,
      "119": 4,
      "120": 1,
      "121": 1,
      "122": 1,
      "123": 1,
      "124": 1,
      "125": 1,
      "126": 1,
      "127": 1,
      "128": 1,
      "129": 1,
      "130": 1,
      "131": 1,
      "132": 1,
      "133": 1,
      "134": 1,
      "135": 1,
      "136": 1,
      "137": 1,
      "138": 1,
      "139": 1,
      "140": 1,
      "141": 1,
      "142": 1,
      "143": 1,
      "144": 1,
      "145": 1,
      "146": 1,
      "147": 1,
      "148": 1,
      "149": 1,
      "150": 1,
      "151": 1,
      "152": 1,
      "153": 1,
      "154": 1,
      "155": 1,
      "156": 1,
      "157": 1,
      "158": 1,
      "159": 1,
      "160": 1,
      "161": 1,
      "162": 1,
      "163": 1,
      "164": 1,
      "165": 8,
      "166": 8,
      "167": 8,
      "168": 8,
      "169": 8,
      "170": 8,
      "171": 8,
      "172": 8,
      "173": 8,
      "174": 8,
      "175": 6,
      "176": 5,
      "177": 7,
      "178": 7,
      "179": 5,
      "180": 8,
      "181": 3,
      "182": 3,
      "183": 8,
      "184": 3,
      "185": 3,
      "186": 3,
      "187": 8,
      "188": 8,
      "189": 5,
      "190": 5,
      "191": 8,
      "192": 5,
      "193": 5,
      "194": 5,
      "195": 1,
      "196": 1,
      "197": 1,
      "198": 1,
      "199": 1,
      "200": 1,
      "201": 1,
      "202": 1,
      "203": 1,
      "204": 1,
      "205": 1,
      "206": 1,
      "207": 1,
      "208": 1,
      "209": 1,
      "210": 1,
      "211": 1,
      "212": 1,
      "213": 1,
      "214": 1,
      "215": 1,
      "216": 1,
      "217": 1,
      "218": 1,
      "219": 1,
      "220": 1,
      "221": 1,
      "222": 1,
      "223": 1,
      "224": 1,
      "225": 1,
      "226": 1,
      "227": 1,
      "228": 1,
      "229": 1,
      "230": 1,
      "231": 1,
      "232": 1,
      "233": 1,
      "234": 1,
      "235": 1,
      "236": 7,
      "237": 7,
      "238": 7,
      "239": 7,
      "240": 7,
      "241": 7,
      "242": 7,
      "243": 7,
      "244": 7,
      "245": 7,
      "246": 6,
      "247": 5,
      "248": 6,
      "249": 6,
      "250": 5,
      "251": 7,
      "252": 3,
      "253": 3,
      "254": 7,
      "255": 2,
      "256": 2,
      "257": 2,
      "258": 7,
      "259": 7,
      "260": 5,
      "261": 5,
      "262": 7,
      "263": 5,
      "264": 5,
      "265": 5,
      "266": 1,
      "267": 1,
      "268": 1,
      "269": 1,
      "270": 1,
      "271": 1,
      "272": 1,
      "273": 1,
      "274": 1,
      "275": 1,
      "276": 1,
      "277": 1,
      "278": 1,
      "279": 1,
      "280": 1,
      "281": 1,
      "282": 1,
      "283": 1,
      "284": 1,
      "285": 1,
      "286": 6,
      "287": 6,
      "288": 6,
      "289": 6,
      "290": 6,
      "291": 6,
      "292": 6,
      "293": 6,
      "294": 6,
      "295": 5,
      "296": 4,
      "297": 5,
      "298": 5,
      "299": 4,
      "300": 6,
      "301": 2,
      "302": 2,
      "303": 2,
      "304": 2,
      "305": 2,
      "306": 2,
      "307": 2,
      "308": 2,
      "309": 2,
      "310": 2,
      "311": 2,
      "312": 6,
      "313": 6,
      "314": 4,
      "315": 4,
      "316": 6,
      "317": 2,
      "318": 2,
      "319": 2,
      "320": 1,
      "321": 1,
      "322": 1,
      "323": 1,
      "324": 1,
      "325": 1,
      "326": 1,
      "327": 1,
      "328": 1,
      "329": 1,
      "330": 1,
      "331": 1,
      "332": 1,
      "333": 1,
      "334": 1,
      "335": 1,
      "336": 1,
      "337": 1,
      "338": 1,
      "339": 8,
      "340": 8,
      "341": 8,
      "342": 8,
      "343": 8,
      "344": 8,
      "345": 8,
      "346": 8,
      "347": 2,
      "348": 2,
      "349": 6,
      "350": 8,
      "351": 5,
      "352": 4,
      "353": 5,
      "354": 5,
      "355": 4,
      "356": 4,
      "357": 4,
      "358": 4,
      "359": 4,
      "360": 4,
      "361": 4,
      "362": 4,
      "363": 4,
      "364": 8,
      "365": 8,
      "366": 4,
      "367": 4,
      "368": 8,
      "369": 8,
      "370": 1,
      "371": 1
    },
    "branchMap": {
      "0": {
        "type": "branch",
        "line": 13,
        "loc": { "start": { "line": 13, "column": 7 }, "end": { "line": 16, "column": 1 } },
        "locations": [{ "start": { "line": 13, "column": 7 }, "end": { "line": 16, "column": 1 } }]
      },
      "1": {
        "type": "branch",
        "line": 15,
        "loc": { "start": { "line": 15, "column": 32 }, "end": { "line": 15, "column": 102 } },
        "locations": [{ "start": { "line": 15, "column": 32 }, "end": { "line": 15, "column": 102 } }]
      },
      "2": {
        "type": "branch",
        "line": 15,
        "loc": { "start": { "line": 15, "column": 47 }, "end": { "line": 15, "column": 79 } },
        "locations": [{ "start": { "line": 15, "column": 47 }, "end": { "line": 15, "column": 79 } }]
      },
      "3": {
        "type": "branch",
        "line": 15,
        "loc": { "start": { "line": 15, "column": 67 }, "end": { "line": 15, "column": 87 } },
        "locations": [{ "start": { "line": 15, "column": 67 }, "end": { "line": 15, "column": 87 } }]
      },
      "4": {
        "type": "branch",
        "line": 15,
        "loc": { "start": { "line": 15, "column": 87 }, "end": { "line": 15, "column": 102 } },
        "locations": [{ "start": { "line": 15, "column": 87 }, "end": { "line": 15, "column": 102 } }]
      },
      "5": {
        "type": "branch",
        "line": 25,
        "loc": { "start": { "line": 25, "column": 7 }, "end": { "line": 57, "column": 1 } },
        "locations": [{ "start": { "line": 25, "column": 7 }, "end": { "line": 57, "column": 1 } }]
      },
      "6": {
        "type": "branch",
        "line": 29,
        "loc": { "start": { "line": 29, "column": 19 }, "end": { "line": 32, "column": 3 } },
        "locations": [{ "start": { "line": 29, "column": 19 }, "end": { "line": 32, "column": 3 } }]
      },
      "7": {
        "type": "branch",
        "line": 32,
        "loc": { "start": { "line": 32, "column": 2 }, "end": { "line": 34, "column": 33 } },
        "locations": [{ "start": { "line": 32, "column": 2 }, "end": { "line": 34, "column": 33 } }]
      },
      "8": {
        "type": "branch",
        "line": 34,
        "loc": { "start": { "line": 34, "column": 33 }, "end": { "line": 40, "column": 3 } },
        "locations": [{ "start": { "line": 34, "column": 33 }, "end": { "line": 40, "column": 3 } }]
      },
      "9": {
        "type": "branch",
        "line": 40,
        "loc": { "start": { "line": 40, "column": 2 }, "end": { "line": 42, "column": 38 } },
        "locations": [{ "start": { "line": 40, "column": 2 }, "end": { "line": 42, "column": 38 } }]
      },
      "10": {
        "type": "branch",
        "line": 42,
        "loc": { "start": { "line": 42, "column": 38 }, "end": { "line": 54, "column": 3 } },
        "locations": [{ "start": { "line": 42, "column": 38 }, "end": { "line": 54, "column": 3 } }]
      },
      "11": {
        "type": "branch",
        "line": 54,
        "loc": { "start": { "line": 54, "column": 2 }, "end": { "line": 57, "column": 1 } },
        "locations": [{ "start": { "line": 54, "column": 2 }, "end": { "line": 57, "column": 1 } }]
      },
      "12": {
        "type": "branch",
        "line": 36,
        "loc": { "start": { "line": 36, "column": 29 }, "end": { "line": 39, "column": 7 } },
        "locations": [{ "start": { "line": 36, "column": 29 }, "end": { "line": 39, "column": 7 } }]
      },
      "13": {
        "type": "branch",
        "line": 44,
        "loc": { "start": { "line": 44, "column": 45 }, "end": { "line": 53, "column": 7 } },
        "locations": [{ "start": { "line": 44, "column": 45 }, "end": { "line": 53, "column": 7 } }]
      },
      "14": {
        "type": "branch",
        "line": 45,
        "loc": { "start": { "line": 45, "column": 42 }, "end": { "line": 48, "column": 13 } },
        "locations": [{ "start": { "line": 45, "column": 42 }, "end": { "line": 48, "column": 13 } }]
      },
      "15": {
        "type": "branch",
        "line": 48,
        "loc": { "start": { "line": 48, "column": 6 }, "end": { "line": 51, "column": 7 } },
        "locations": [{ "start": { "line": 48, "column": 6 }, "end": { "line": 51, "column": 7 } }]
      },
      "16": {
        "type": "branch",
        "line": 64,
        "loc": { "start": { "line": 64, "column": 7 }, "end": { "line": 70, "column": 1 } },
        "locations": [{ "start": { "line": 64, "column": 7 }, "end": { "line": 70, "column": 1 } }]
      },
      "17": {
        "type": "branch",
        "line": 67,
        "loc": { "start": { "line": 67, "column": 4 }, "end": { "line": 69, "column": 3 } },
        "locations": [{ "start": { "line": 67, "column": 4 }, "end": { "line": 69, "column": 3 } }]
      },
      "18": {
        "type": "branch",
        "line": 77,
        "loc": { "start": { "line": 77, "column": 7 }, "end": { "line": 90, "column": 1 } },
        "locations": [{ "start": { "line": 77, "column": 7 }, "end": { "line": 90, "column": 1 } }]
      },
      "19": {
        "type": "branch",
        "line": 81,
        "loc": { "start": { "line": 81, "column": 35 }, "end": { "line": 82, "column": 34 } },
        "locations": [{ "start": { "line": 81, "column": 35 }, "end": { "line": 82, "column": 34 } }]
      },
      "20": {
        "type": "branch",
        "line": 82,
        "loc": { "start": { "line": 82, "column": 31 }, "end": { "line": 84, "column": 4 } },
        "locations": [{ "start": { "line": 82, "column": 31 }, "end": { "line": 84, "column": 4 } }]
      },
      "21": {
        "type": "branch",
        "line": 84,
        "loc": { "start": { "line": 84, "column": 4 }, "end": { "line": 89, "column": 3 } },
        "locations": [{ "start": { "line": 84, "column": 4 }, "end": { "line": 89, "column": 3 } }]
      },
      "22": {
        "type": "branch",
        "line": 85,
        "loc": { "start": { "line": 85, "column": 14 }, "end": { "line": 87, "column": 5 } },
        "locations": [{ "start": { "line": 85, "column": 14 }, "end": { "line": 87, "column": 5 } }]
      },
      "23": {
        "type": "branch",
        "line": 97,
        "loc": { "start": { "line": 97, "column": 7 }, "end": { "line": 105, "column": 1 } },
        "locations": [{ "start": { "line": 97, "column": 7 }, "end": { "line": 105, "column": 1 } }]
      },
      "24": {
        "type": "branch",
        "line": 99,
        "loc": { "start": { "line": 99, "column": 21 }, "end": { "line": 100, "column": 4 } },
        "locations": [{ "start": { "line": 99, "column": 21 }, "end": { "line": 100, "column": 4 } }]
      },
      "25": {
        "type": "branch",
        "line": 100,
        "loc": { "start": { "line": 100, "column": 4 }, "end": { "line": 102, "column": 12 } },
        "locations": [{ "start": { "line": 100, "column": 4 }, "end": { "line": 102, "column": 12 } }]
      },
      "26": {
        "type": "branch",
        "line": 102,
        "loc": { "start": { "line": 102, "column": 2 }, "end": { "line": 102, "column": 12 } },
        "locations": [{ "start": { "line": 102, "column": 2 }, "end": { "line": 102, "column": 12 } }]
      },
      "27": {
        "type": "branch",
        "line": 112,
        "loc": { "start": { "line": 112, "column": 7 }, "end": { "line": 120, "column": 1 } },
        "locations": [{ "start": { "line": 112, "column": 7 }, "end": { "line": 120, "column": 1 } }]
      },
      "28": {
        "type": "branch",
        "line": 114,
        "loc": { "start": { "line": 114, "column": 23 }, "end": { "line": 115, "column": 4 } },
        "locations": [{ "start": { "line": 114, "column": 23 }, "end": { "line": 115, "column": 4 } }]
      },
      "29": {
        "type": "branch",
        "line": 115,
        "loc": { "start": { "line": 115, "column": 4 }, "end": { "line": 117, "column": 12 } },
        "locations": [{ "start": { "line": 115, "column": 4 }, "end": { "line": 117, "column": 12 } }]
      },
      "30": {
        "type": "branch",
        "line": 117,
        "loc": { "start": { "line": 117, "column": 2 }, "end": { "line": 117, "column": 12 } },
        "locations": [{ "start": { "line": 117, "column": 2 }, "end": { "line": 117, "column": 12 } }]
      },
      "31": {
        "type": "branch",
        "line": 165,
        "loc": { "start": { "line": 165, "column": 7 }, "end": { "line": 195, "column": 1 } },
        "locations": [{ "start": { "line": 165, "column": 7 }, "end": { "line": 195, "column": 1 } }]
      },
      "32": {
        "type": "branch",
        "line": 175,
        "loc": { "start": { "line": 175, "column": 15 }, "end": { "line": 177, "column": 5 } },
        "locations": [{ "start": { "line": 175, "column": 15 }, "end": { "line": 177, "column": 5 } }]
      },
      "33": {
        "type": "branch",
        "line": 176,
        "loc": { "start": { "line": 176, "column": 37 }, "end": { "line": 177, "column": 5 } },
        "locations": [{ "start": { "line": 176, "column": 37 }, "end": { "line": 177, "column": 5 } }]
      },
      "34": {
        "type": "branch",
        "line": 177,
        "loc": { "start": { "line": 177, "column": 4 }, "end": { "line": 179, "column": 51 } },
        "locations": [{ "start": { "line": 177, "column": 4 }, "end": { "line": 179, "column": 51 } }]
      },
      "35": {
        "type": "branch",
        "line": 179,
        "loc": { "start": { "line": 179, "column": 43 }, "end": { "line": 181, "column": 31 } },
        "locations": [{ "start": { "line": 179, "column": 43 }, "end": { "line": 181, "column": 31 } }]
      },
      "36": {
        "type": "branch",
        "line": 181,
        "loc": { "start": { "line": 181, "column": 22 }, "end": { "line": 181, "column": 48 } },
        "locations": [{ "start": { "line": 181, "column": 22 }, "end": { "line": 181, "column": 48 } }]
      },
      "37": {
        "type": "branch",
        "line": 181,
        "loc": { "start": { "line": 181, "column": 48 }, "end": { "line": 183, "column": 5 } },
        "locations": [{ "start": { "line": 181, "column": 48 }, "end": { "line": 183, "column": 5 } }]
      },
      "38": {
        "type": "branch",
        "line": 184,
        "loc": { "start": { "line": 184, "column": 4 }, "end": { "line": 188, "column": 12 } },
        "locations": [{ "start": { "line": 184, "column": 4 }, "end": { "line": 188, "column": 12 } }]
      },
      "39": {
        "type": "branch",
        "line": 188,
        "loc": { "start": { "line": 188, "column": 2 }, "end": { "line": 188, "column": 12 } },
        "locations": [{ "start": { "line": 188, "column": 2 }, "end": { "line": 188, "column": 12 } }]
      },
      "40": {
        "type": "branch",
        "line": 189,
        "loc": { "start": { "line": 189, "column": 8 }, "end": { "line": 189, "column": 31 } },
        "locations": [{ "start": { "line": 189, "column": 8 }, "end": { "line": 189, "column": 31 } }]
      },
      "41": {
        "type": "branch",
        "line": 189,
        "loc": { "start": { "line": 189, "column": 31 }, "end": { "line": 191, "column": 5 } },
        "locations": [{ "start": { "line": 189, "column": 31 }, "end": { "line": 191, "column": 5 } }]
      },
      "42": {
        "type": "branch",
        "line": 192,
        "loc": { "start": { "line": 192, "column": 2 }, "end": { "line": 195, "column": 1 } },
        "locations": [{ "start": { "line": 192, "column": 2 }, "end": { "line": 195, "column": 1 } }]
      },
      "43": {
        "type": "branch",
        "line": 182,
        "loc": { "start": { "line": 182, "column": 24 }, "end": { "line": 182, "column": 61 } },
        "locations": [{ "start": { "line": 182, "column": 24 }, "end": { "line": 182, "column": 61 } }]
      },
      "44": {
        "type": "branch",
        "line": 236,
        "loc": { "start": { "line": 236, "column": 7 }, "end": { "line": 266, "column": 1 } },
        "locations": [{ "start": { "line": 236, "column": 7 }, "end": { "line": 266, "column": 1 } }]
      },
      "45": {
        "type": "branch",
        "line": 246,
        "loc": { "start": { "line": 246, "column": 15 }, "end": { "line": 250, "column": 51 } },
        "locations": [{ "start": { "line": 246, "column": 15 }, "end": { "line": 250, "column": 51 } }]
      },
      "46": {
        "type": "branch",
        "line": 247,
        "loc": { "start": { "line": 247, "column": 37 }, "end": { "line": 248, "column": 5 } },
        "locations": [{ "start": { "line": 247, "column": 37 }, "end": { "line": 248, "column": 5 } }]
      },
      "47": {
        "type": "branch",
        "line": 250,
        "loc": { "start": { "line": 250, "column": 43 }, "end": { "line": 252, "column": 31 } },
        "locations": [{ "start": { "line": 250, "column": 43 }, "end": { "line": 252, "column": 31 } }]
      },
      "48": {
        "type": "branch",
        "line": 252,
        "loc": { "start": { "line": 252, "column": 22 }, "end": { "line": 252, "column": 48 } },
        "locations": [{ "start": { "line": 252, "column": 22 }, "end": { "line": 252, "column": 48 } }]
      },
      "49": {
        "type": "branch",
        "line": 252,
        "loc": { "start": { "line": 252, "column": 48 }, "end": { "line": 254, "column": 5 } },
        "locations": [{ "start": { "line": 252, "column": 48 }, "end": { "line": 254, "column": 5 } }]
      },
      "50": {
        "type": "branch",
        "line": 255,
        "loc": { "start": { "line": 255, "column": 4 }, "end": { "line": 259, "column": 12 } },
        "locations": [{ "start": { "line": 255, "column": 4 }, "end": { "line": 259, "column": 12 } }]
      },
      "51": {
        "type": "branch",
        "line": 259,
        "loc": { "start": { "line": 259, "column": 2 }, "end": { "line": 259, "column": 12 } },
        "locations": [{ "start": { "line": 259, "column": 2 }, "end": { "line": 259, "column": 12 } }]
      },
      "52": {
        "type": "branch",
        "line": 260,
        "loc": { "start": { "line": 260, "column": 8 }, "end": { "line": 260, "column": 31 } },
        "locations": [{ "start": { "line": 260, "column": 8 }, "end": { "line": 260, "column": 31 } }]
      },
      "53": {
        "type": "branch",
        "line": 260,
        "loc": { "start": { "line": 260, "column": 31 }, "end": { "line": 262, "column": 5 } },
        "locations": [{ "start": { "line": 260, "column": 31 }, "end": { "line": 262, "column": 5 } }]
      },
      "54": {
        "type": "branch",
        "line": 263,
        "loc": { "start": { "line": 263, "column": 2 }, "end": { "line": 266, "column": 1 } },
        "locations": [{ "start": { "line": 263, "column": 2 }, "end": { "line": 266, "column": 1 } }]
      },
      "55": {
        "type": "branch",
        "line": 286,
        "loc": { "start": { "line": 286, "column": 7 }, "end": { "line": 320, "column": 1 } },
        "locations": [{ "start": { "line": 286, "column": 7 }, "end": { "line": 320, "column": 1 } }]
      },
      "56": {
        "type": "branch",
        "line": 295,
        "loc": { "start": { "line": 295, "column": 15 }, "end": { "line": 299, "column": 51 } },
        "locations": [{ "start": { "line": 295, "column": 15 }, "end": { "line": 299, "column": 51 } }]
      },
      "57": {
        "type": "branch",
        "line": 296,
        "loc": { "start": { "line": 296, "column": 37 }, "end": { "line": 297, "column": 5 } },
        "locations": [{ "start": { "line": 296, "column": 37 }, "end": { "line": 297, "column": 5 } }]
      },
      "58": {
        "type": "branch",
        "line": 299,
        "loc": { "start": { "line": 299, "column": 43 }, "end": { "line": 301, "column": 32 } },
        "locations": [{ "start": { "line": 299, "column": 43 }, "end": { "line": 301, "column": 32 } }]
      },
      "59": {
        "type": "branch",
        "line": 301,
        "loc": { "start": { "line": 301, "column": 23 }, "end": { "line": 301, "column": 51 } },
        "locations": [{ "start": { "line": 301, "column": 23 }, "end": { "line": 301, "column": 51 } }]
      },
      "60": {
        "type": "branch",
        "line": 301,
        "loc": { "start": { "line": 301, "column": 51 }, "end": { "line": 313, "column": 12 } },
        "locations": [{ "start": { "line": 301, "column": 51 }, "end": { "line": 313, "column": 12 } }]
      },
      "61": {
        "type": "branch",
        "line": 314,
        "loc": { "start": { "line": 314, "column": 8 }, "end": { "line": 314, "column": 31 } },
        "locations": [{ "start": { "line": 314, "column": 8 }, "end": { "line": 314, "column": 31 } }]
      },
      "62": {
        "type": "branch",
        "line": 314,
        "loc": { "start": { "line": 314, "column": 31 }, "end": { "line": 316, "column": 5 } },
        "locations": [{ "start": { "line": 314, "column": 31 }, "end": { "line": 316, "column": 5 } }]
      },
      "63": {
        "type": "branch",
        "line": 317,
        "loc": { "start": { "line": 317, "column": 2 }, "end": { "line": 320, "column": 1 } },
        "locations": [{ "start": { "line": 317, "column": 2 }, "end": { "line": 320, "column": 1 } }]
      },
      "64": {
        "type": "branch",
        "line": 339,
        "loc": { "start": { "line": 339, "column": 7 }, "end": { "line": 370, "column": 1 } },
        "locations": [{ "start": { "line": 339, "column": 7 }, "end": { "line": 370, "column": 1 } }]
      },
      "65": {
        "type": "branch",
        "line": 347,
        "loc": { "start": { "line": 347, "column": 50 }, "end": { "line": 349, "column": 5 } },
        "locations": [{ "start": { "line": 347, "column": 50 }, "end": { "line": 349, "column": 5 } }]
      },
      "66": {
        "type": "branch",
        "line": 349,
        "loc": { "start": { "line": 349, "column": 4 }, "end": { "line": 351, "column": 15 } },
        "locations": [{ "start": { "line": 349, "column": 4 }, "end": { "line": 351, "column": 15 } }]
      },
      "67": {
        "type": "branch",
        "line": 351,
        "loc": { "start": { "line": 351, "column": 15 }, "end": { "line": 355, "column": 90 } },
        "locations": [{ "start": { "line": 351, "column": 15 }, "end": { "line": 355, "column": 90 } }]
      },
      "68": {
        "type": "branch",
        "line": 352,
        "loc": { "start": { "line": 352, "column": 37 }, "end": { "line": 353, "column": 5 } },
        "locations": [{ "start": { "line": 352, "column": 37 }, "end": { "line": 353, "column": 5 } }]
      },
      "69": {
        "type": "branch",
        "line": 355,
        "loc": { "start": { "line": 355, "column": 82 }, "end": { "line": 365, "column": 12 } },
        "locations": [{ "start": { "line": 355, "column": 82 }, "end": { "line": 365, "column": 12 } }]
      },
      "70": {
        "type": "branch",
        "line": 365,
        "loc": { "start": { "line": 365, "column": 2 }, "end": { "line": 365, "column": 12 } },
        "locations": [{ "start": { "line": 365, "column": 2 }, "end": { "line": 365, "column": 12 } }]
      },
      "71": {
        "type": "branch",
        "line": 366,
        "loc": { "start": { "line": 366, "column": 8 }, "end": { "line": 366, "column": 31 } },
        "locations": [{ "start": { "line": 366, "column": 8 }, "end": { "line": 366, "column": 31 } }]
      },
      "72": {
        "type": "branch",
        "line": 366,
        "loc": { "start": { "line": 366, "column": 31 }, "end": { "line": 368, "column": 5 } },
        "locations": [{ "start": { "line": 366, "column": 31 }, "end": { "line": 368, "column": 5 } }]
      }
    },
    "b": {
      "0": [43],
      "1": [58],
      "2": [56],
      "3": [52],
      "4": [6],
      "5": [22],
      "6": [4],
      "7": [18],
      "8": [1],
      "9": [17],
      "10": [16],
      "11": [1],
      "12": [3],
      "13": [42],
      "14": [38],
      "15": [4],
      "16": [27],
      "17": [0],
      "18": [5],
      "19": [4],
      "20": [3],
      "21": [2],
      "22": [1],
      "23": [4],
      "24": [3],
      "25": [1],
      "26": [3],
      "27": [4],
      "28": [3],
      "29": [1],
      "30": [3],
      "31": [8],
      "32": [6],
      "33": [5],
      "34": [7],
      "35": [5],
      "36": [4],
      "37": [3],
      "38": [3],
      "39": [5],
      "40": [7],
      "41": [5],
      "42": [5],
      "43": [6],
      "44": [7],
      "45": [6],
      "46": [5],
      "47": [5],
      "48": [4],
      "49": [3],
      "50": [2],
      "51": [5],
      "52": [6],
      "53": [5],
      "54": [5],
      "55": [6],
      "56": [5],
      "57": [4],
      "58": [4],
      "59": [3],
      "60": [2],
      "61": [5],
      "62": [4],
      "63": [2],
      "64": [8],
      "65": [2],
      "66": [6],
      "67": [5],
      "68": [4],
      "69": [4],
      "70": [0],
      "71": [5],
      "72": [4]
    },
    "fnMap": {
      "0": {
        "name": "resolveNestedValue",
        "decl": { "start": { "line": 13, "column": 7 }, "end": { "line": 16, "column": 1 } },
        "loc": { "start": { "line": 13, "column": 7 }, "end": { "line": 16, "column": 1 } },
        "line": 13
      },
      "1": {
        "name": "mapRow",
        "decl": { "start": { "line": 25, "column": 7 }, "end": { "line": 57, "column": 1 } },
        "loc": { "start": { "line": 25, "column": 7 }, "end": { "line": 57, "column": 1 } },
        "line": 25
      },
      "2": {
        "name": "releaseConn",
        "decl": { "start": { "line": 64, "column": 7 }, "end": { "line": 70, "column": 1 } },
        "loc": { "start": { "line": 64, "column": 7 }, "end": { "line": 70, "column": 1 } },
        "line": 64
      },
      "3": {
        "name": "beginTransaction",
        "decl": { "start": { "line": 77, "column": 7 }, "end": { "line": 90, "column": 1 } },
        "loc": { "start": { "line": 77, "column": 7 }, "end": { "line": 90, "column": 1 } },
        "line": 77
      },
      "4": {
        "name": "commitTransaction",
        "decl": { "start": { "line": 97, "column": 7 }, "end": { "line": 105, "column": 1 } },
        "loc": { "start": { "line": 97, "column": 7 }, "end": { "line": 105, "column": 1 } },
        "line": 97
      },
      "5": {
        "name": "rollbackTransaction",
        "decl": { "start": { "line": 112, "column": 7 }, "end": { "line": 120, "column": 1 } },
        "loc": { "start": { "line": 112, "column": 7 }, "end": { "line": 120, "column": 1 } },
        "line": 112
      },
      "6": {
        "name": "getAll",
        "decl": { "start": { "line": 165, "column": 7 }, "end": { "line": 195, "column": 1 } },
        "loc": { "start": { "line": 165, "column": 7 }, "end": { "line": 195, "column": 1 } },
        "line": 165
      },
      "7": {
        "name": "getRow",
        "decl": { "start": { "line": 236, "column": 7 }, "end": { "line": 266, "column": 1 } },
        "loc": { "start": { "line": 236, "column": 7 }, "end": { "line": 266, "column": 1 } },
        "line": 236
      },
      "8": {
        "name": "getOne",
        "decl": { "start": { "line": 286, "column": 7 }, "end": { "line": 320, "column": 1 } },
        "loc": { "start": { "line": 286, "column": 7 }, "end": { "line": 320, "column": 1 } },
        "line": 286
      },
      "9": {
        "name": "exec",
        "decl": { "start": { "line": 339, "column": 7 }, "end": { "line": 370, "column": 1 } },
        "loc": { "start": { "line": 339, "column": 7 }, "end": { "line": 370, "column": 1 } },
        "line": 339
      }
    },
    "f": { "0": 43, "1": 22, "2": 27, "3": 5, "4": 4, "5": 4, "6": 8, "7": 7, "8": 6, "9": 8 }
  }
}
