{
  "C:\\Users\\User\\aqdm\\src\\lib\\default.constant.ts": {
    "path": "C:\\Users\\User\\aqdm\\src\\lib\\default.constant.ts",
    "all": false,
    "statementMap": {
      "0": { "start": { "line": 1, "column": 0 }, "end": { "line": 1, "column": 3 } },
      "1": { "start": { "line": 2, "column": 0 }, "end": { "line": 2, "column": 17 } },
      "2": { "start": { "line": 3, "column": 0 }, "end": { "line": 3, "column": 3 } },
      "3": { "start": { "line": 4, "column": 0 }, "end": { "line": 4, "column": 35 } },
      "4": { "start": { "line": 5, "column": 0 }, "end": { "line": 5, "column": 0 } },
      "5": { "start": { "line": 6, "column": 0 }, "end": { "line": 6, "column": 61 } },
      "6": { "start": { "line": 7, "column": 0 }, "end": { "line": 7, "column": 0 } },
      "7": { "start": { "line": 8, "column": 0 }, "end": { "line": 8, "column": 58 } },
      "8": { "start": { "line": 9, "column": 0 }, "end": { "line": 9, "column": 0 } },
      "9": { "start": { "line": 10, "column": 0 }, "end": { "line": 10, "column": 54 } }
    },
    "s": { "0": 1, "1": 1, "2": 1, "3": 1, "4": 1, "5": 1, "6": 1, "7": 1, "8": 1, "9": 1 },
    "branchMap": {},
    "b": {},
    "fnMap": {},
    "f": {}
  },
  "C:\\Users\\User\\aqdm\\src\\lib\\mariadb\\conn.ts": {
    "path": "C:\\Users\\User\\aqdm\\src\\lib\\mariadb\\conn.ts",
    "all": false,
    "statementMap": {
      "0": { "start": { "line": 1, "column": 0 }, "end": { "line": 1, "column": 30 } },
      "1": { "start": { "line": 2, "column": 0 }, "end": { "line": 2, "column": 0 } },
      "2": { "start": { "line": 3, "column": 0 }, "end": { "line": 3, "column": 7 } },
      "3": { "start": { "line": 4, "column": 0 }, "end": { "line": 4, "column": 21 } },
      "4": { "start": { "line": 5, "column": 0 }, "end": { "line": 5, "column": 21 } },
      "5": { "start": { "line": 6, "column": 0 }, "end": { "line": 6, "column": 29 } },
      "6": { "start": { "line": 7, "column": 0 }, "end": { "line": 7, "column": 42 } },
      "7": { "start": { "line": 8, "column": 0 }, "end": { "line": 8, "column": 21 } },
      "8": { "start": { "line": 9, "column": 0 }, "end": { "line": 9, "column": 16 } },
      "9": { "start": { "line": 10, "column": 0 }, "end": { "line": 10, "column": 0 } },
      "10": { "start": { "line": 11, "column": 0 }, "end": { "line": 11, "column": 82 } },
      "11": { "start": { "line": 12, "column": 0 }, "end": { "line": 12, "column": 47 } },
      "12": { "start": { "line": 13, "column": 0 }, "end": { "line": 13, "column": 82 } },
      "13": { "start": { "line": 14, "column": 0 }, "end": { "line": 14, "column": 84 } },
      "14": { "start": { "line": 15, "column": 0 }, "end": { "line": 15, "column": 5 } },
      "15": { "start": { "line": 16, "column": 0 }, "end": { "line": 16, "column": 78 } },
      "16": { "start": { "line": 17, "column": 0 }, "end": { "line": 17, "column": 3 } },
      "17": { "start": { "line": 18, "column": 0 }, "end": { "line": 18, "column": 18 } },
      "18": { "start": { "line": 19, "column": 0 }, "end": { "line": 19, "column": 1 } },
      "19": { "start": { "line": 20, "column": 0 }, "end": { "line": 20, "column": 0 } },
      "20": { "start": { "line": 21, "column": 0 }, "end": { "line": 21, "column": 44 } },
      "21": { "start": { "line": 22, "column": 0 }, "end": { "line": 22, "column": 32 } },
      "22": { "start": { "line": 23, "column": 0 }, "end": { "line": 23, "column": 16 } },
      "23": { "start": { "line": 24, "column": 0 }, "end": { "line": 24, "column": 158 } },
      "24": { "start": { "line": 25, "column": 0 }, "end": { "line": 25, "column": 6 } },
      "25": { "start": { "line": 26, "column": 0 }, "end": { "line": 26, "column": 5 } },
      "26": { "start": { "line": 27, "column": 0 }, "end": { "line": 27, "column": 0 } },
      "27": { "start": { "line": 28, "column": 0 }, "end": { "line": 28, "column": 32 } },
      "28": { "start": { "line": 29, "column": 0 }, "end": { "line": 29, "column": 16 } },
      "29": { "start": { "line": 30, "column": 0 }, "end": { "line": 30, "column": 158 } },
      "30": { "start": { "line": 31, "column": 0 }, "end": { "line": 31, "column": 6 } },
      "31": { "start": { "line": 32, "column": 0 }, "end": { "line": 32, "column": 5 } },
      "32": { "start": { "line": 33, "column": 0 }, "end": { "line": 33, "column": 0 } },
      "33": { "start": { "line": 34, "column": 0 }, "end": { "line": 34, "column": 35 } },
      "34": { "start": { "line": 35, "column": 0 }, "end": { "line": 35, "column": 16 } },
      "35": { "start": { "line": 36, "column": 0 }, "end": { "line": 36, "column": 158 } },
      "36": { "start": { "line": 37, "column": 0 }, "end": { "line": 37, "column": 6 } },
      "37": { "start": { "line": 38, "column": 0 }, "end": { "line": 38, "column": 5 } },
      "38": { "start": { "line": 39, "column": 0 }, "end": { "line": 39, "column": 0 } },
      "39": { "start": { "line": 40, "column": 0 }, "end": { "line": 40, "column": 28 } },
      "40": { "start": { "line": 41, "column": 0 }, "end": { "line": 41, "column": 16 } },
      "41": { "start": { "line": 42, "column": 0 }, "end": { "line": 42, "column": 143 } },
      "42": { "start": { "line": 43, "column": 0 }, "end": { "line": 43, "column": 6 } },
      "43": { "start": { "line": 44, "column": 0 }, "end": { "line": 44, "column": 5 } },
      "44": { "start": { "line": 45, "column": 0 }, "end": { "line": 45, "column": 1 } },
      "45": { "start": { "line": 46, "column": 0 }, "end": { "line": 46, "column": 0 } },
      "46": { "start": { "line": 47, "column": 0 }, "end": { "line": 47, "column": 23 } },
      "47": { "start": { "line": 48, "column": 0 }, "end": { "line": 48, "column": 0 } },
      "48": { "start": { "line": 49, "column": 0 }, "end": { "line": 49, "column": 5 } },
      "49": { "start": { "line": 50, "column": 0 }, "end": { "line": 50, "column": 40 } },
      "50": { "start": { "line": 51, "column": 0 }, "end": { "line": 51, "column": 38 } },
      "51": { "start": { "line": 52, "column": 0 }, "end": { "line": 52, "column": 11 } },
      "52": { "start": { "line": 53, "column": 0 }, "end": { "line": 53, "column": 11 } },
      "53": { "start": { "line": 54, "column": 0 }, "end": { "line": 54, "column": 15 } },
      "54": { "start": { "line": 55, "column": 0 }, "end": { "line": 55, "column": 15 } },
      "55": { "start": { "line": 56, "column": 0 }, "end": { "line": 56, "column": 35 } },
      "56": { "start": { "line": 57, "column": 0 }, "end": { "line": 57, "column": 0 } },
      "57": { "start": { "line": 58, "column": 0 }, "end": { "line": 58, "column": 25 } },
      "58": { "start": { "line": 59, "column": 0 }, "end": { "line": 59, "column": 27 } },
      "59": { "start": { "line": 60, "column": 0 }, "end": { "line": 60, "column": 32 } },
      "60": { "start": { "line": 61, "column": 0 }, "end": { "line": 61, "column": 32 } },
      "61": { "start": { "line": 62, "column": 0 }, "end": { "line": 62, "column": 0 } },
      "62": { "start": { "line": 63, "column": 0 }, "end": { "line": 63, "column": 23 } },
      "63": { "start": { "line": 64, "column": 0 }, "end": { "line": 64, "column": 24 } },
      "64": { "start": { "line": 65, "column": 0 }, "end": { "line": 65, "column": 30 } },
      "65": { "start": { "line": 66, "column": 0 }, "end": { "line": 66, "column": 27 } },
      "66": { "start": { "line": 67, "column": 0 }, "end": { "line": 67, "column": 29 } },
      "67": { "start": { "line": 68, "column": 0 }, "end": { "line": 68, "column": 0 } },
      "68": { "start": { "line": 69, "column": 0 }, "end": { "line": 69, "column": 24 } },
      "69": { "start": { "line": 70, "column": 0 }, "end": { "line": 70, "column": 7 } },
      "70": { "start": { "line": 71, "column": 0 }, "end": { "line": 71, "column": 0 } },
      "71": { "start": { "line": 72, "column": 0 }, "end": { "line": 72, "column": 89 } },
      "72": { "start": { "line": 73, "column": 0 }, "end": { "line": 73, "column": 27 } },
      "73": { "start": { "line": 74, "column": 0 }, "end": { "line": 74, "column": 5 } },
      "74": { "start": { "line": 75, "column": 0 }, "end": { "line": 75, "column": 0 } },
      "75": { "start": { "line": 76, "column": 0 }, "end": { "line": 76, "column": 17 } },
      "76": { "start": { "line": 77, "column": 0 }, "end": { "line": 77, "column": 5 } },
      "77": { "start": { "line": 78, "column": 0 }, "end": { "line": 78, "column": 17 } },
      "78": { "start": { "line": 79, "column": 0 }, "end": { "line": 79, "column": 53 } },
      "79": { "start": { "line": 80, "column": 0 }, "end": { "line": 80, "column": 1 } },
      "80": { "start": { "line": 81, "column": 0 }, "end": { "line": 81, "column": 0 } },
      "81": { "start": { "line": 82, "column": 0 }, "end": { "line": 82, "column": 16 } }
    },
    "s": {
      "0": 1,
      "1": 1,
      "2": 1,
      "3": 1,
      "4": 1,
      "5": 1,
      "6": 1,
      "7": 1,
      "8": 1,
      "9": 1,
      "10": 1,
      "11": 1,
      "12": 0,
      "13": 0,
      "14": 0,
      "15": 0,
      "16": 0,
      "17": 1,
      "18": 1,
      "19": 1,
      "20": 0,
      "21": 0,
      "22": 0,
      "23": 0,
      "24": 0,
      "25": 0,
      "26": 0,
      "27": 0,
      "28": 0,
      "29": 0,
      "30": 0,
      "31": 0,
      "32": 0,
      "33": 0,
      "34": 0,
      "35": 0,
      "36": 0,
      "37": 0,
      "38": 0,
      "39": 0,
      "40": 0,
      "41": 0,
      "42": 0,
      "43": 0,
      "44": 0,
      "45": 1,
      "46": 1,
      "47": 1,
      "48": 1,
      "49": 1,
      "50": 1,
      "51": 1,
      "52": 1,
      "53": 1,
      "54": 1,
      "55": 1,
      "56": 1,
      "57": 1,
      "58": 1,
      "59": 1,
      "60": 1,
      "61": 1,
      "62": 1,
      "63": 1,
      "64": 1,
      "65": 1,
      "66": 1,
      "67": 1,
      "68": 1,
      "69": 1,
      "70": 1,
      "71": 1,
      "72": 0,
      "73": 0,
      "74": 1,
      "75": 1,
      "76": 1,
      "77": 1,
      "78": 0,
      "79": 0,
      "80": 1,
      "81": 1
    },
    "branchMap": {
      "0": {
        "type": "branch",
        "line": 78,
        "loc": { "start": { "line": 78, "column": 2 }, "end": { "line": 80, "column": 1 } },
        "locations": [{ "start": { "line": 78, "column": 2 }, "end": { "line": 80, "column": 1 } }]
      },
      "1": {
        "type": "branch",
        "line": 11,
        "loc": { "start": { "line": 11, "column": 0 }, "end": { "line": 19, "column": 1 } },
        "locations": [{ "start": { "line": 11, "column": 0 }, "end": { "line": 19, "column": 1 } }]
      },
      "2": {
        "type": "branch",
        "line": 12,
        "loc": { "start": { "line": 12, "column": 46 }, "end": { "line": 17, "column": 3 } },
        "locations": [{ "start": { "line": 12, "column": 46 }, "end": { "line": 17, "column": 3 } }]
      },
      "3": {
        "type": "branch",
        "line": 50,
        "loc": { "start": { "line": 50, "column": 33 }, "end": { "line": 77, "column": 5 } },
        "locations": [{ "start": { "line": 50, "column": 33 }, "end": { "line": 77, "column": 5 } }]
      },
      "4": {
        "type": "branch",
        "line": 56,
        "loc": { "start": { "line": 56, "column": 19 }, "end": { "line": 56, "column": 35 } },
        "locations": [{ "start": { "line": 56, "column": 19 }, "end": { "line": 56, "column": 35 } }]
      },
      "5": {
        "type": "branch",
        "line": 72,
        "loc": { "start": { "line": 72, "column": 33 }, "end": { "line": 72, "column": 88 } },
        "locations": [{ "start": { "line": 72, "column": 33 }, "end": { "line": 72, "column": 88 } }]
      },
      "6": {
        "type": "branch",
        "line": 72,
        "loc": { "start": { "line": 72, "column": 88 }, "end": { "line": 74, "column": 5 } },
        "locations": [{ "start": { "line": 72, "column": 88 }, "end": { "line": 74, "column": 5 } }]
      }
    },
    "b": { "0": [0], "1": [1], "2": [0], "3": [1], "4": [0], "5": [0], "6": [0] },
    "fnMap": {
      "0": {
        "name": "registerService",
        "decl": { "start": { "line": 11, "column": 0 }, "end": { "line": 19, "column": 1 } },
        "loc": { "start": { "line": 11, "column": 0 }, "end": { "line": 19, "column": 1 } },
        "line": 11
      },
      "1": {
        "name": "logConnection",
        "decl": { "start": { "line": 21, "column": 0 }, "end": { "line": 45, "column": 1 } },
        "loc": { "start": { "line": 21, "column": 0 }, "end": { "line": 45, "column": 1 } },
        "line": 21
      }
    },
    "f": { "0": 1, "1": 0 }
  },
  "C:\\Users\\User\\aqdm\\src\\lib\\mariadb\\query.ts": {
    "path": "C:\\Users\\User\\aqdm\\src\\lib\\mariadb\\query.ts",
    "all": false,
    "statementMap": {
      "0": { "start": { "line": 1, "column": 0 }, "end": { "line": 1, "column": 46 } },
      "1": { "start": { "line": 2, "column": 0 }, "end": { "line": 2, "column": 30 } },
      "2": { "start": { "line": 3, "column": 0 }, "end": { "line": 3, "column": 0 } },
      "3": { "start": { "line": 4, "column": 0 }, "end": { "line": 4, "column": 55 } },
      "4": { "start": { "line": 5, "column": 0 }, "end": { "line": 5, "column": 0 } },
      "5": { "start": { "line": 6, "column": 0 }, "end": { "line": 6, "column": 3 } },
      "6": { "start": { "line": 7, "column": 0 }, "end": { "line": 7, "column": 43 } },
      "7": { "start": { "line": 8, "column": 0 }, "end": { "line": 8, "column": 2 } },
      "8": { "start": { "line": 9, "column": 0 }, "end": { "line": 9, "column": 49 } },
      "9": { "start": { "line": 10, "column": 0 }, "end": { "line": 10, "column": 41 } },
      "10": { "start": { "line": 11, "column": 0 }, "end": { "line": 11, "column": 30 } },
      "11": { "start": { "line": 12, "column": 0 }, "end": { "line": 12, "column": 3 } },
      "12": { "start": { "line": 13, "column": 0 }, "end": { "line": 13, "column": 81 } },
      "13": { "start": { "line": 14, "column": 0 }, "end": { "line": 14, "column": 41 } },
      "14": { "start": { "line": 15, "column": 0 }, "end": { "line": 15, "column": 107 } },
      "15": { "start": { "line": 16, "column": 0 }, "end": { "line": 16, "column": 1 } },
      "16": { "start": { "line": 17, "column": 0 }, "end": { "line": 17, "column": 0 } },
      "17": { "start": { "line": 18, "column": 0 }, "end": { "line": 18, "column": 3 } },
      "18": { "start": { "line": 19, "column": 0 }, "end": { "line": 19, "column": 47 } },
      "19": { "start": { "line": 20, "column": 0 }, "end": { "line": 20, "column": 2 } },
      "20": { "start": { "line": 21, "column": 0 }, "end": { "line": 21, "column": 41 } },
      "21": { "start": { "line": 22, "column": 0 }, "end": { "line": 22, "column": 75 } },
      "22": { "start": { "line": 23, "column": 0 }, "end": { "line": 23, "column": 15 } },
      "23": { "start": { "line": 24, "column": 0 }, "end": { "line": 24, "column": 3 } },
      "24": { "start": { "line": 25, "column": 0 }, "end": { "line": 25, "column": 32 } },
      "25": { "start": { "line": 26, "column": 0 }, "end": { "line": 26, "column": 42 } },
      "26": { "start": { "line": 27, "column": 0 }, "end": { "line": 27, "column": 59 } },
      "27": { "start": { "line": 28, "column": 0 }, "end": { "line": 28, "column": 6 } },
      "28": { "start": { "line": 29, "column": 0 }, "end": { "line": 29, "column": 20 } },
      "29": { "start": { "line": 30, "column": 0 }, "end": { "line": 30, "column": 35 } },
      "30": { "start": { "line": 31, "column": 0 }, "end": { "line": 31, "column": 20 } },
      "31": { "start": { "line": 32, "column": 0 }, "end": { "line": 32, "column": 3 } },
      "32": { "start": { "line": 33, "column": 0 }, "end": { "line": 33, "column": 0 } },
      "33": { "start": { "line": 34, "column": 0 }, "end": { "line": 34, "column": 34 } },
      "34": { "start": { "line": 35, "column": 0 }, "end": { "line": 35, "column": 30 } },
      "35": { "start": { "line": 36, "column": 0 }, "end": { "line": 36, "column": 51 } },
      "36": { "start": { "line": 37, "column": 0 }, "end": { "line": 37, "column": 79 } },
      "37": { "start": { "line": 38, "column": 0 }, "end": { "line": 38, "column": 17 } },
      "38": { "start": { "line": 39, "column": 0 }, "end": { "line": 39, "column": 16 } },
      "39": { "start": { "line": 40, "column": 0 }, "end": { "line": 40, "column": 3 } },
      "40": { "start": { "line": 41, "column": 0 }, "end": { "line": 41, "column": 0 } },
      "41": { "start": { "line": 42, "column": 0 }, "end": { "line": 42, "column": 39 } },
      "42": { "start": { "line": 43, "column": 0 }, "end": { "line": 43, "column": 25 } },
      "43": { "start": { "line": 44, "column": 0 }, "end": { "line": 44, "column": 74 } },
      "44": { "start": { "line": 45, "column": 0 }, "end": { "line": 45, "column": 43 } },
      "45": { "start": { "line": 46, "column": 0 }, "end": { "line": 46, "column": 18 } },
      "46": { "start": { "line": 47, "column": 0 }, "end": { "line": 47, "column": 96 } },
      "47": { "start": { "line": 48, "column": 0 }, "end": { "line": 48, "column": 94 } },
      "48": { "start": { "line": 49, "column": 0 }, "end": { "line": 49, "column": 40 } },
      "49": { "start": { "line": 50, "column": 0 }, "end": { "line": 50, "column": 108 } },
      "50": { "start": { "line": 51, "column": 0 }, "end": { "line": 51, "column": 7 } },
      "51": { "start": { "line": 52, "column": 0 }, "end": { "line": 52, "column": 17 } },
      "52": { "start": { "line": 53, "column": 0 }, "end": { "line": 53, "column": 30 } },
      "53": { "start": { "line": 54, "column": 0 }, "end": { "line": 54, "column": 3 } },
      "54": { "start": { "line": 55, "column": 0 }, "end": { "line": 55, "column": 0 } },
      "55": { "start": { "line": 56, "column": 0 }, "end": { "line": 56, "column": 49 } },
      "56": { "start": { "line": 57, "column": 0 }, "end": { "line": 57, "column": 1 } },
      "57": { "start": { "line": 58, "column": 0 }, "end": { "line": 58, "column": 0 } },
      "58": { "start": { "line": 59, "column": 0 }, "end": { "line": 59, "column": 3 } },
      "59": { "start": { "line": 60, "column": 0 }, "end": { "line": 60, "column": 29 } },
      "60": { "start": { "line": 61, "column": 0 }, "end": { "line": 61, "column": 2 } },
      "61": { "start": { "line": 62, "column": 0 }, "end": { "line": 62, "column": 49 } },
      "62": { "start": { "line": 63, "column": 0 }, "end": { "line": 63, "column": 3 } },
      "63": { "start": { "line": 64, "column": 0 }, "end": { "line": 64, "column": 67 } },
      "64": { "start": { "line": 65, "column": 0 }, "end": { "line": 65, "column": 34 } },
      "65": { "start": { "line": 66, "column": 0 }, "end": { "line": 66, "column": 11 } },
      "66": { "start": { "line": 67, "column": 0 }, "end": { "line": 67, "column": 0 } },
      "67": { "start": { "line": 68, "column": 0 }, "end": { "line": 68, "column": 7 } },
      "68": { "start": { "line": 69, "column": 0 }, "end": { "line": 69, "column": 38 } },
      "69": { "start": { "line": 70, "column": 0 }, "end": { "line": 70, "column": 34 } },
      "70": { "start": { "line": 71, "column": 0 }, "end": { "line": 71, "column": 16 } },
      "71": { "start": { "line": 72, "column": 0 }, "end": { "line": 72, "column": 19 } },
      "72": { "start": { "line": 73, "column": 0 }, "end": { "line": 73, "column": 15 } },
      "73": { "start": { "line": 74, "column": 0 }, "end": { "line": 74, "column": 21 } },
      "74": { "start": { "line": 75, "column": 0 }, "end": { "line": 75, "column": 5 } },
      "75": { "start": { "line": 76, "column": 0 }, "end": { "line": 76, "column": 16 } },
      "76": { "start": { "line": 77, "column": 0 }, "end": { "line": 77, "column": 3 } },
      "77": { "start": { "line": 78, "column": 0 }, "end": { "line": 78, "column": 1 } },
      "78": { "start": { "line": 79, "column": 0 }, "end": { "line": 79, "column": 0 } },
      "79": { "start": { "line": 80, "column": 0 }, "end": { "line": 80, "column": 3 } },
      "80": { "start": { "line": 81, "column": 0 }, "end": { "line": 81, "column": 15 } },
      "81": { "start": { "line": 82, "column": 0 }, "end": { "line": 82, "column": 2 } },
      "82": { "start": { "line": 83, "column": 0 }, "end": { "line": 83, "column": 43 } },
      "83": { "start": { "line": 84, "column": 0 }, "end": { "line": 84, "column": 3 } },
      "84": { "start": { "line": 85, "column": 0 }, "end": { "line": 85, "column": 78 } },
      "85": { "start": { "line": 86, "column": 0 }, "end": { "line": 86, "column": 35 } },
      "86": { "start": { "line": 87, "column": 0 }, "end": { "line": 87, "column": 7 } },
      "87": { "start": { "line": 88, "column": 0 }, "end": { "line": 88, "column": 24 } },
      "88": { "start": { "line": 89, "column": 0 }, "end": { "line": 89, "column": 19 } },
      "89": { "start": { "line": 90, "column": 0 }, "end": { "line": 90, "column": 16 } },
      "90": { "start": { "line": 91, "column": 0 }, "end": { "line": 91, "column": 13 } },
      "91": { "start": { "line": 92, "column": 0 }, "end": { "line": 92, "column": 19 } },
      "92": { "start": { "line": 93, "column": 0 }, "end": { "line": 93, "column": 3 } },
      "93": { "start": { "line": 94, "column": 0 }, "end": { "line": 94, "column": 1 } },
      "94": { "start": { "line": 95, "column": 0 }, "end": { "line": 95, "column": 0 } },
      "95": { "start": { "line": 96, "column": 0 }, "end": { "line": 96, "column": 3 } },
      "96": { "start": { "line": 97, "column": 0 }, "end": { "line": 97, "column": 15 } },
      "97": { "start": { "line": 98, "column": 0 }, "end": { "line": 98, "column": 2 } },
      "98": { "start": { "line": 99, "column": 0 }, "end": { "line": 99, "column": 43 } },
      "99": { "start": { "line": 100, "column": 0 }, "end": { "line": 100, "column": 3 } },
      "100": { "start": { "line": 101, "column": 0 }, "end": { "line": 101, "column": 80 } },
      "101": { "start": { "line": 102, "column": 0 }, "end": { "line": 102, "column": 37 } },
      "102": { "start": { "line": 103, "column": 0 }, "end": { "line": 103, "column": 7 } },
      "103": { "start": { "line": 104, "column": 0 }, "end": { "line": 104, "column": 26 } },
      "104": { "start": { "line": 105, "column": 0 }, "end": { "line": 105, "column": 19 } },
      "105": { "start": { "line": 106, "column": 0 }, "end": { "line": 106, "column": 16 } },
      "106": { "start": { "line": 107, "column": 0 }, "end": { "line": 107, "column": 13 } },
      "107": { "start": { "line": 108, "column": 0 }, "end": { "line": 108, "column": 19 } },
      "108": { "start": { "line": 109, "column": 0 }, "end": { "line": 109, "column": 3 } },
      "109": { "start": { "line": 110, "column": 0 }, "end": { "line": 110, "column": 1 } },
      "110": { "start": { "line": 111, "column": 0 }, "end": { "line": 111, "column": 0 } },
      "111": { "start": { "line": 112, "column": 0 }, "end": { "line": 112, "column": 3 } },
      "112": { "start": { "line": 113, "column": 0 }, "end": { "line": 113, "column": 26 } },
      "113": { "start": { "line": 114, "column": 0 }, "end": { "line": 114, "column": 2 } },
      "114": { "start": { "line": 115, "column": 0 }, "end": { "line": 115, "column": 31 } },
      "115": { "start": { "line": 116, "column": 0 }, "end": { "line": 116, "column": 56 } },
      "116": { "start": { "line": 117, "column": 0 }, "end": { "line": 117, "column": 72 } },
      "117": { "start": { "line": 118, "column": 0 }, "end": { "line": 118, "column": 49 } },
      "118": { "start": { "line": 119, "column": 0 }, "end": { "line": 119, "column": 26 } },
      "119": { "start": { "line": 120, "column": 0 }, "end": { "line": 120, "column": 2 } },
      "120": { "start": { "line": 121, "column": 0 }, "end": { "line": 121, "column": 11 } },
      "121": { "start": { "line": 122, "column": 0 }, "end": { "line": 122, "column": 11 } },
      "122": { "start": { "line": 123, "column": 0 }, "end": { "line": 123, "column": 104 } },
      "123": { "start": { "line": 124, "column": 0 }, "end": { "line": 124, "column": 69 } },
      "124": { "start": { "line": 125, "column": 0 }, "end": { "line": 125, "column": 2 } },
      "125": { "start": { "line": 126, "column": 0 }, "end": { "line": 126, "column": 11 } },
      "126": { "start": { "line": 127, "column": 0 }, "end": { "line": 127, "column": 105 } },
      "127": { "start": { "line": 128, "column": 0 }, "end": { "line": 128, "column": 27 } },
      "128": { "start": { "line": 129, "column": 0 }, "end": { "line": 129, "column": 25 } },
      "129": { "start": { "line": 130, "column": 0 }, "end": { "line": 130, "column": 25 } },
      "130": { "start": { "line": 131, "column": 0 }, "end": { "line": 131, "column": 6 } },
      "131": { "start": { "line": 132, "column": 0 }, "end": { "line": 132, "column": 78 } },
      "132": { "start": { "line": 133, "column": 0 }, "end": { "line": 133, "column": 2 } },
      "133": { "start": { "line": 134, "column": 0 }, "end": { "line": 134, "column": 14 } },
      "134": { "start": { "line": 135, "column": 0 }, "end": { "line": 135, "column": 105 } },
      "135": { "start": { "line": 136, "column": 0 }, "end": { "line": 136, "column": 14 } },
      "136": { "start": { "line": 137, "column": 0 }, "end": { "line": 137, "column": 23 } },
      "137": { "start": { "line": 138, "column": 0 }, "end": { "line": 138, "column": 21 } },
      "138": { "start": { "line": 139, "column": 0 }, "end": { "line": 139, "column": 21 } },
      "139": { "start": { "line": 140, "column": 0 }, "end": { "line": 140, "column": 7 } },
      "140": { "start": { "line": 141, "column": 0 }, "end": { "line": 141, "column": 6 } },
      "141": { "start": { "line": 142, "column": 0 }, "end": { "line": 142, "column": 72 } },
      "142": { "start": { "line": 143, "column": 0 }, "end": { "line": 143, "column": 2 } },
      "143": { "start": { "line": 144, "column": 0 }, "end": { "line": 144, "column": 58 } },
      "144": { "start": { "line": 145, "column": 0 }, "end": { "line": 145, "column": 41 } },
      "145": { "start": { "line": 146, "column": 0 }, "end": { "line": 146, "column": 105 } },
      "146": { "start": { "line": 147, "column": 0 }, "end": { "line": 147, "column": 14 } },
      "147": { "start": { "line": 148, "column": 0 }, "end": { "line": 148, "column": 23 } },
      "148": { "start": { "line": 149, "column": 0 }, "end": { "line": 149, "column": 21 } },
      "149": { "start": { "line": 150, "column": 0 }, "end": { "line": 150, "column": 21 } },
      "150": { "start": { "line": 151, "column": 0 }, "end": { "line": 151, "column": 7 } },
      "151": { "start": { "line": 152, "column": 0 }, "end": { "line": 152, "column": 12 } },
      "152": { "start": { "line": 153, "column": 0 }, "end": { "line": 153, "column": 72 } },
      "153": { "start": { "line": 154, "column": 0 }, "end": { "line": 154, "column": 3 } },
      "154": { "start": { "line": 155, "column": 0 }, "end": { "line": 155, "column": 38 } },
      "155": { "start": { "line": 156, "column": 0 }, "end": { "line": 156, "column": 16 } },
      "156": { "start": { "line": 157, "column": 0 }, "end": { "line": 157, "column": 45 } },
      "157": { "start": { "line": 158, "column": 0 }, "end": { "line": 158, "column": 59 } },
      "158": { "start": { "line": 159, "column": 0 }, "end": { "line": 159, "column": 32 } },
      "159": { "start": { "line": 160, "column": 0 }, "end": { "line": 160, "column": 17 } },
      "160": { "start": { "line": 161, "column": 0 }, "end": { "line": 161, "column": 23 } },
      "161": { "start": { "line": 162, "column": 0 }, "end": { "line": 162, "column": 26 } },
      "162": { "start": { "line": 163, "column": 0 }, "end": { "line": 163, "column": 0 } },
      "163": { "start": { "line": 164, "column": 0 }, "end": { "line": 164, "column": 7 } },
      "164": { "start": { "line": 165, "column": 0 }, "end": { "line": 165, "column": 16 } },
      "165": { "start": { "line": 166, "column": 0 }, "end": { "line": 166, "column": 40 } },
      "166": { "start": { "line": 167, "column": 0 }, "end": { "line": 167, "column": 5 } },
      "167": { "start": { "line": 168, "column": 0 }, "end": { "line": 168, "column": 0 } },
      "168": { "start": { "line": 169, "column": 0 }, "end": { "line": 169, "column": 51 } },
      "169": { "start": { "line": 170, "column": 0 }, "end": { "line": 170, "column": 0 } },
      "170": { "start": { "line": 171, "column": 0 }, "end": { "line": 171, "column": 49 } },
      "171": { "start": { "line": 172, "column": 0 }, "end": { "line": 172, "column": 61 } },
      "172": { "start": { "line": 173, "column": 0 }, "end": { "line": 173, "column": 5 } },
      "173": { "start": { "line": 174, "column": 0 }, "end": { "line": 174, "column": 19 } },
      "174": { "start": { "line": 175, "column": 0 }, "end": { "line": 175, "column": 30 } },
      "175": { "start": { "line": 176, "column": 0 }, "end": { "line": 176, "column": 51 } },
      "176": { "start": { "line": 177, "column": 0 }, "end": { "line": 177, "column": 16 } },
      "177": { "start": { "line": 178, "column": 0 }, "end": { "line": 178, "column": 13 } },
      "178": { "start": { "line": 179, "column": 0 }, "end": { "line": 179, "column": 32 } },
      "179": { "start": { "line": 180, "column": 0 }, "end": { "line": 180, "column": 21 } },
      "180": { "start": { "line": 181, "column": 0 }, "end": { "line": 181, "column": 5 } },
      "181": { "start": { "line": 182, "column": 0 }, "end": { "line": 182, "column": 3 } },
      "182": { "start": { "line": 183, "column": 0 }, "end": { "line": 183, "column": 0 } },
      "183": { "start": { "line": 184, "column": 0 }, "end": { "line": 184, "column": 16 } },
      "184": { "start": { "line": 185, "column": 0 }, "end": { "line": 185, "column": 1 } },
      "185": { "start": { "line": 186, "column": 0 }, "end": { "line": 186, "column": 0 } },
      "186": { "start": { "line": 187, "column": 0 }, "end": { "line": 187, "column": 3 } },
      "187": { "start": { "line": 188, "column": 0 }, "end": { "line": 188, "column": 32 } },
      "188": { "start": { "line": 189, "column": 0 }, "end": { "line": 189, "column": 2 } },
      "189": { "start": { "line": 190, "column": 0 }, "end": { "line": 190, "column": 31 } },
      "190": { "start": { "line": 191, "column": 0 }, "end": { "line": 191, "column": 56 } },
      "191": { "start": { "line": 192, "column": 0 }, "end": { "line": 192, "column": 72 } },
      "192": { "start": { "line": 193, "column": 0 }, "end": { "line": 193, "column": 49 } },
      "193": { "start": { "line": 194, "column": 0 }, "end": { "line": 194, "column": 26 } },
      "194": { "start": { "line": 195, "column": 0 }, "end": { "line": 195, "column": 2 } },
      "195": { "start": { "line": 196, "column": 0 }, "end": { "line": 196, "column": 11 } },
      "196": { "start": { "line": 197, "column": 0 }, "end": { "line": 197, "column": 11 } },
      "197": { "start": { "line": 198, "column": 0 }, "end": { "line": 198, "column": 104 } },
      "198": { "start": { "line": 199, "column": 0 }, "end": { "line": 199, "column": 67 } },
      "199": { "start": { "line": 200, "column": 0 }, "end": { "line": 200, "column": 2 } },
      "200": { "start": { "line": 201, "column": 0 }, "end": { "line": 201, "column": 11 } },
      "201": { "start": { "line": 202, "column": 0 }, "end": { "line": 202, "column": 105 } },
      "202": { "start": { "line": 203, "column": 0 }, "end": { "line": 203, "column": 27 } },
      "203": { "start": { "line": 204, "column": 0 }, "end": { "line": 204, "column": 25 } },
      "204": { "start": { "line": 205, "column": 0 }, "end": { "line": 205, "column": 25 } },
      "205": { "start": { "line": 206, "column": 0 }, "end": { "line": 206, "column": 6 } },
      "206": { "start": { "line": 207, "column": 0 }, "end": { "line": 207, "column": 76 } },
      "207": { "start": { "line": 208, "column": 0 }, "end": { "line": 208, "column": 2 } },
      "208": { "start": { "line": 209, "column": 0 }, "end": { "line": 209, "column": 14 } },
      "209": { "start": { "line": 210, "column": 0 }, "end": { "line": 210, "column": 105 } },
      "210": { "start": { "line": 211, "column": 0 }, "end": { "line": 211, "column": 14 } },
      "211": { "start": { "line": 212, "column": 0 }, "end": { "line": 212, "column": 23 } },
      "212": { "start": { "line": 213, "column": 0 }, "end": { "line": 213, "column": 21 } },
      "213": { "start": { "line": 214, "column": 0 }, "end": { "line": 214, "column": 21 } },
      "214": { "start": { "line": 215, "column": 0 }, "end": { "line": 215, "column": 7 } },
      "215": { "start": { "line": 216, "column": 0 }, "end": { "line": 216, "column": 6 } },
      "216": { "start": { "line": 217, "column": 0 }, "end": { "line": 217, "column": 70 } },
      "217": { "start": { "line": 218, "column": 0 }, "end": { "line": 218, "column": 2 } },
      "218": { "start": { "line": 219, "column": 0 }, "end": { "line": 219, "column": 58 } },
      "219": { "start": { "line": 220, "column": 0 }, "end": { "line": 220, "column": 41 } },
      "220": { "start": { "line": 221, "column": 0 }, "end": { "line": 221, "column": 105 } },
      "221": { "start": { "line": 222, "column": 0 }, "end": { "line": 222, "column": 63 } },
      "222": { "start": { "line": 223, "column": 0 }, "end": { "line": 223, "column": 12 } },
      "223": { "start": { "line": 224, "column": 0 }, "end": { "line": 224, "column": 72 } },
      "224": { "start": { "line": 225, "column": 0 }, "end": { "line": 225, "column": 3 } },
      "225": { "start": { "line": 226, "column": 0 }, "end": { "line": 226, "column": 38 } },
      "226": { "start": { "line": 227, "column": 0 }, "end": { "line": 227, "column": 16 } },
      "227": { "start": { "line": 228, "column": 0 }, "end": { "line": 228, "column": 45 } },
      "228": { "start": { "line": 229, "column": 0 }, "end": { "line": 229, "column": 59 } },
      "229": { "start": { "line": 230, "column": 0 }, "end": { "line": 230, "column": 32 } },
      "230": { "start": { "line": 231, "column": 0 }, "end": { "line": 231, "column": 22 } },
      "231": { "start": { "line": 232, "column": 0 }, "end": { "line": 232, "column": 30 } },
      "232": { "start": { "line": 233, "column": 0 }, "end": { "line": 233, "column": 26 } },
      "233": { "start": { "line": 234, "column": 0 }, "end": { "line": 234, "column": 0 } },
      "234": { "start": { "line": 235, "column": 0 }, "end": { "line": 235, "column": 7 } },
      "235": { "start": { "line": 236, "column": 0 }, "end": { "line": 236, "column": 16 } },
      "236": { "start": { "line": 237, "column": 0 }, "end": { "line": 237, "column": 40 } },
      "237": { "start": { "line": 238, "column": 0 }, "end": { "line": 238, "column": 5 } },
      "238": { "start": { "line": 239, "column": 0 }, "end": { "line": 239, "column": 0 } },
      "239": { "start": { "line": 240, "column": 0 }, "end": { "line": 240, "column": 51 } },
      "240": { "start": { "line": 241, "column": 0 }, "end": { "line": 241, "column": 0 } },
      "241": { "start": { "line": 242, "column": 0 }, "end": { "line": 242, "column": 49 } },
      "242": { "start": { "line": 243, "column": 0 }, "end": { "line": 243, "column": 46 } },
      "243": { "start": { "line": 244, "column": 0 }, "end": { "line": 244, "column": 5 } },
      "244": { "start": { "line": 245, "column": 0 }, "end": { "line": 245, "column": 19 } },
      "245": { "start": { "line": 246, "column": 0 }, "end": { "line": 246, "column": 30 } },
      "246": { "start": { "line": 247, "column": 0 }, "end": { "line": 247, "column": 51 } },
      "247": { "start": { "line": 248, "column": 0 }, "end": { "line": 248, "column": 16 } },
      "248": { "start": { "line": 249, "column": 0 }, "end": { "line": 249, "column": 13 } },
      "249": { "start": { "line": 250, "column": 0 }, "end": { "line": 250, "column": 32 } },
      "250": { "start": { "line": 251, "column": 0 }, "end": { "line": 251, "column": 21 } },
      "251": { "start": { "line": 252, "column": 0 }, "end": { "line": 252, "column": 5 } },
      "252": { "start": { "line": 253, "column": 0 }, "end": { "line": 253, "column": 3 } },
      "253": { "start": { "line": 254, "column": 0 }, "end": { "line": 254, "column": 0 } },
      "254": { "start": { "line": 255, "column": 0 }, "end": { "line": 255, "column": 16 } },
      "255": { "start": { "line": 256, "column": 0 }, "end": { "line": 256, "column": 1 } },
      "256": { "start": { "line": 257, "column": 0 }, "end": { "line": 257, "column": 0 } },
      "257": { "start": { "line": 258, "column": 0 }, "end": { "line": 258, "column": 3 } },
      "258": { "start": { "line": 259, "column": 0 }, "end": { "line": 259, "column": 40 } },
      "259": { "start": { "line": 260, "column": 0 }, "end": { "line": 260, "column": 2 } },
      "260": { "start": { "line": 261, "column": 0 }, "end": { "line": 261, "column": 31 } },
      "261": { "start": { "line": 262, "column": 0 }, "end": { "line": 262, "column": 56 } },
      "262": { "start": { "line": 263, "column": 0 }, "end": { "line": 263, "column": 49 } },
      "263": { "start": { "line": 264, "column": 0 }, "end": { "line": 264, "column": 24 } },
      "264": { "start": { "line": 265, "column": 0 }, "end": { "line": 265, "column": 2 } },
      "265": { "start": { "line": 266, "column": 0 }, "end": { "line": 266, "column": 11 } },
      "266": { "start": { "line": 267, "column": 0 }, "end": { "line": 267, "column": 11 } },
      "267": { "start": { "line": 268, "column": 0 }, "end": { "line": 268, "column": 90 } },
      "268": { "start": { "line": 269, "column": 0 }, "end": { "line": 269, "column": 16 } },
      "269": { "start": { "line": 270, "column": 0 }, "end": { "line": 270, "column": 2 } },
      "270": { "start": { "line": 271, "column": 0 }, "end": { "line": 271, "column": 58 } },
      "271": { "start": { "line": 272, "column": 0 }, "end": { "line": 272, "column": 41 } },
      "272": { "start": { "line": 273, "column": 0 }, "end": { "line": 273, "column": 96 } },
      "273": { "start": { "line": 274, "column": 0 }, "end": { "line": 274, "column": 72 } },
      "274": { "start": { "line": 275, "column": 0 }, "end": { "line": 275, "column": 3 } },
      "275": { "start": { "line": 276, "column": 0 }, "end": { "line": 276, "column": 38 } },
      "276": { "start": { "line": 277, "column": 0 }, "end": { "line": 277, "column": 16 } },
      "277": { "start": { "line": 278, "column": 0 }, "end": { "line": 278, "column": 45 } },
      "278": { "start": { "line": 279, "column": 0 }, "end": { "line": 279, "column": 32 } },
      "279": { "start": { "line": 280, "column": 0 }, "end": { "line": 280, "column": 22 } },
      "280": { "start": { "line": 281, "column": 0 }, "end": { "line": 281, "column": 30 } },
      "281": { "start": { "line": 282, "column": 0 }, "end": { "line": 282, "column": 26 } },
      "282": { "start": { "line": 283, "column": 0 }, "end": { "line": 283, "column": 0 } },
      "283": { "start": { "line": 284, "column": 0 }, "end": { "line": 284, "column": 7 } },
      "284": { "start": { "line": 285, "column": 0 }, "end": { "line": 285, "column": 16 } },
      "285": { "start": { "line": 286, "column": 0 }, "end": { "line": 286, "column": 40 } },
      "286": { "start": { "line": 287, "column": 0 }, "end": { "line": 287, "column": 5 } },
      "287": { "start": { "line": 288, "column": 0 }, "end": { "line": 288, "column": 0 } },
      "288": { "start": { "line": 289, "column": 0 }, "end": { "line": 289, "column": 51 } },
      "289": { "start": { "line": 290, "column": 0 }, "end": { "line": 290, "column": 0 } },
      "290": { "start": { "line": 291, "column": 0 }, "end": { "line": 291, "column": 52 } },
      "291": { "start": { "line": 292, "column": 0 }, "end": { "line": 292, "column": 18 } },
      "292": { "start": { "line": 293, "column": 0 }, "end": { "line": 293, "column": 5 } },
      "293": { "start": { "line": 294, "column": 0 }, "end": { "line": 294, "column": 0 } },
      "294": { "start": { "line": 295, "column": 0 }, "end": { "line": 295, "column": 45 } },
      "295": { "start": { "line": 296, "column": 0 }, "end": { "line": 296, "column": 34 } },
      "296": { "start": { "line": 297, "column": 0 }, "end": { "line": 297, "column": 0 } },
      "297": { "start": { "line": 298, "column": 0 }, "end": { "line": 298, "column": 26 } },
      "298": { "start": { "line": 299, "column": 0 }, "end": { "line": 299, "column": 19 } },
      "299": { "start": { "line": 300, "column": 0 }, "end": { "line": 300, "column": 30 } },
      "300": { "start": { "line": 301, "column": 0 }, "end": { "line": 301, "column": 51 } },
      "301": { "start": { "line": 302, "column": 0 }, "end": { "line": 302, "column": 16 } },
      "302": { "start": { "line": 303, "column": 0 }, "end": { "line": 303, "column": 13 } },
      "303": { "start": { "line": 304, "column": 0 }, "end": { "line": 304, "column": 32 } },
      "304": { "start": { "line": 305, "column": 0 }, "end": { "line": 305, "column": 21 } },
      "305": { "start": { "line": 306, "column": 0 }, "end": { "line": 306, "column": 5 } },
      "306": { "start": { "line": 307, "column": 0 }, "end": { "line": 307, "column": 3 } },
      "307": { "start": { "line": 308, "column": 0 }, "end": { "line": 308, "column": 0 } },
      "308": { "start": { "line": 309, "column": 0 }, "end": { "line": 309, "column": 16 } },
      "309": { "start": { "line": 310, "column": 0 }, "end": { "line": 310, "column": 1 } },
      "310": { "start": { "line": 311, "column": 0 }, "end": { "line": 311, "column": 0 } },
      "311": { "start": { "line": 312, "column": 0 }, "end": { "line": 312, "column": 3 } },
      "312": { "start": { "line": 313, "column": 0 }, "end": { "line": 313, "column": 31 } },
      "313": { "start": { "line": 314, "column": 0 }, "end": { "line": 314, "column": 2 } },
      "314": { "start": { "line": 315, "column": 0 }, "end": { "line": 315, "column": 31 } },
      "315": { "start": { "line": 316, "column": 0 }, "end": { "line": 316, "column": 56 } },
      "316": { "start": { "line": 317, "column": 0 }, "end": { "line": 317, "column": 49 } },
      "317": { "start": { "line": 318, "column": 0 }, "end": { "line": 318, "column": 88 } },
      "318": { "start": { "line": 319, "column": 0 }, "end": { "line": 319, "column": 2 } },
      "319": { "start": { "line": 320, "column": 0 }, "end": { "line": 320, "column": 11 } },
      "320": { "start": { "line": 321, "column": 0 }, "end": { "line": 321, "column": 11 } },
      "321": { "start": { "line": 322, "column": 0 }, "end": { "line": 322, "column": 73 } },
      "322": { "start": { "line": 323, "column": 0 }, "end": { "line": 323, "column": 2 } },
      "323": { "start": { "line": 324, "column": 0 }, "end": { "line": 324, "column": 58 } },
      "324": { "start": { "line": 325, "column": 0 }, "end": { "line": 325, "column": 41 } },
      "325": { "start": { "line": 326, "column": 0 }, "end": { "line": 326, "column": 79 } },
      "326": { "start": { "line": 327, "column": 0 }, "end": { "line": 327, "column": 72 } },
      "327": { "start": { "line": 328, "column": 0 }, "end": { "line": 328, "column": 3 } },
      "328": { "start": { "line": 329, "column": 0 }, "end": { "line": 329, "column": 27 } },
      "329": { "start": { "line": 330, "column": 0 }, "end": { "line": 330, "column": 16 } },
      "330": { "start": { "line": 331, "column": 0 }, "end": { "line": 331, "column": 45 } },
      "331": { "start": { "line": 332, "column": 0 }, "end": { "line": 332, "column": 32 } },
      "332": { "start": { "line": 333, "column": 0 }, "end": { "line": 333, "column": 79 } },
      "333": { "start": { "line": 334, "column": 0 }, "end": { "line": 334, "column": 26 } },
      "334": { "start": { "line": 335, "column": 0 }, "end": { "line": 335, "column": 0 } },
      "335": { "start": { "line": 336, "column": 0 }, "end": { "line": 336, "column": 7 } },
      "336": { "start": { "line": 337, "column": 0 }, "end": { "line": 337, "column": 51 } },
      "337": { "start": { "line": 338, "column": 0 }, "end": { "line": 338, "column": 57 } },
      "338": { "start": { "line": 339, "column": 0 }, "end": { "line": 339, "column": 5 } },
      "339": { "start": { "line": 340, "column": 0 }, "end": { "line": 340, "column": 0 } },
      "340": { "start": { "line": 341, "column": 0 }, "end": { "line": 341, "column": 16 } },
      "341": { "start": { "line": 342, "column": 0 }, "end": { "line": 342, "column": 40 } },
      "342": { "start": { "line": 343, "column": 0 }, "end": { "line": 343, "column": 5 } },
      "343": { "start": { "line": 344, "column": 0 }, "end": { "line": 344, "column": 0 } },
      "344": { "start": { "line": 345, "column": 0 }, "end": { "line": 345, "column": 90 } },
      "345": { "start": { "line": 346, "column": 0 }, "end": { "line": 346, "column": 12 } },
      "346": { "start": { "line": 347, "column": 0 }, "end": { "line": 347, "column": 41 } },
      "347": { "start": { "line": 348, "column": 0 }, "end": { "line": 348, "column": 33 } },
      "348": { "start": { "line": 349, "column": 0 }, "end": { "line": 349, "column": 43 } },
      "349": { "start": { "line": 350, "column": 0 }, "end": { "line": 350, "column": 6 } },
      "350": { "start": { "line": 351, "column": 0 }, "end": { "line": 351, "column": 19 } },
      "351": { "start": { "line": 352, "column": 0 }, "end": { "line": 352, "column": 30 } },
      "352": { "start": { "line": 353, "column": 0 }, "end": { "line": 353, "column": 51 } },
      "353": { "start": { "line": 354, "column": 0 }, "end": { "line": 354, "column": 16 } },
      "354": { "start": { "line": 355, "column": 0 }, "end": { "line": 355, "column": 13 } },
      "355": { "start": { "line": 356, "column": 0 }, "end": { "line": 356, "column": 32 } },
      "356": { "start": { "line": 357, "column": 0 }, "end": { "line": 357, "column": 21 } },
      "357": { "start": { "line": 358, "column": 0 }, "end": { "line": 358, "column": 5 } },
      "358": { "start": { "line": 359, "column": 0 }, "end": { "line": 359, "column": 3 } },
      "359": { "start": { "line": 360, "column": 0 }, "end": { "line": 360, "column": 1 } },
      "360": { "start": { "line": 361, "column": 0 }, "end": { "line": 361, "column": 0 } },
      "361": { "start": { "line": 362, "column": 0 }, "end": { "line": 362, "column": 54 } }
    },
    "s": {
      "0": 1,
      "1": 1,
      "2": 1,
      "3": 1,
      "4": 1,
      "5": 1,
      "6": 1,
      "7": 1,
      "8": 1,
      "9": 1,
      "10": 1,
      "11": 1,
      "12": 1,
      "13": 0,
      "14": 0,
      "15": 0,
      "16": 1,
      "17": 1,
      "18": 1,
      "19": 1,
      "20": 1,
      "21": 1,
      "22": 1,
      "23": 1,
      "24": 1,
      "25": 0,
      "26": 0,
      "27": 0,
      "28": 0,
      "29": 0,
      "30": 0,
      "31": 0,
      "32": 0,
      "33": 0,
      "34": 0,
      "35": 0,
      "36": 0,
      "37": 0,
      "38": 0,
      "39": 0,
      "40": 0,
      "41": 0,
      "42": 0,
      "43": 0,
      "44": 0,
      "45": 0,
      "46": 0,
      "47": 0,
      "48": 0,
      "49": 0,
      "50": 0,
      "51": 0,
      "52": 0,
      "53": 0,
      "54": 0,
      "55": 0,
      "56": 0,
      "57": 1,
      "58": 1,
      "59": 1,
      "60": 1,
      "61": 1,
      "62": 1,
      "63": 1,
      "64": 0,
      "65": 0,
      "66": 0,
      "67": 0,
      "68": 0,
      "69": 0,
      "70": 0,
      "71": 0,
      "72": 0,
      "73": 0,
      "74": 0,
      "75": 0,
      "76": 0,
      "77": 0,
      "78": 1,
      "79": 1,
      "80": 1,
      "81": 1,
      "82": 1,
      "83": 1,
      "84": 1,
      "85": 0,
      "86": 0,
      "87": 0,
      "88": 0,
      "89": 0,
      "90": 0,
      "91": 0,
      "92": 0,
      "93": 0,
      "94": 1,
      "95": 1,
      "96": 1,
      "97": 1,
      "98": 1,
      "99": 1,
      "100": 1,
      "101": 0,
      "102": 0,
      "103": 0,
      "104": 0,
      "105": 0,
      "106": 0,
      "107": 0,
      "108": 0,
      "109": 0,
      "110": 1,
      "111": 1,
      "112": 1,
      "113": 1,
      "114": 1,
      "115": 1,
      "116": 1,
      "117": 1,
      "118": 1,
      "119": 1,
      "120": 1,
      "121": 1,
      "122": 1,
      "123": 1,
      "124": 1,
      "125": 1,
      "126": 1,
      "127": 1,
      "128": 1,
      "129": 1,
      "130": 1,
      "131": 1,
      "132": 1,
      "133": 1,
      "134": 1,
      "135": 1,
      "136": 1,
      "137": 1,
      "138": 1,
      "139": 1,
      "140": 1,
      "141": 1,
      "142": 1,
      "143": 1,
      "144": 1,
      "145": 1,
      "146": 1,
      "147": 1,
      "148": 1,
      "149": 1,
      "150": 1,
      "151": 1,
      "152": 1,
      "153": 1,
      "154": 1,
      "155": 0,
      "156": 0,
      "157": 0,
      "158": 0,
      "159": 0,
      "160": 0,
      "161": 0,
      "162": 0,
      "163": 0,
      "164": 0,
      "165": 0,
      "166": 0,
      "167": 0,
      "168": 0,
      "169": 0,
      "170": 0,
      "171": 0,
      "172": 0,
      "173": 0,
      "174": 0,
      "175": 0,
      "176": 0,
      "177": 0,
      "178": 0,
      "179": 0,
      "180": 0,
      "181": 0,
      "182": 0,
      "183": 0,
      "184": 0,
      "185": 1,
      "186": 1,
      "187": 1,
      "188": 1,
      "189": 1,
      "190": 1,
      "191": 1,
      "192": 1,
      "193": 1,
      "194": 1,
      "195": 1,
      "196": 1,
      "197": 1,
      "198": 1,
      "199": 1,
      "200": 1,
      "201": 1,
      "202": 1,
      "203": 1,
      "204": 1,
      "205": 1,
      "206": 1,
      "207": 1,
      "208": 1,
      "209": 1,
      "210": 1,
      "211": 1,
      "212": 1,
      "213": 1,
      "214": 1,
      "215": 1,
      "216": 1,
      "217": 1,
      "218": 1,
      "219": 1,
      "220": 1,
      "221": 1,
      "222": 1,
      "223": 1,
      "224": 1,
      "225": 1,
      "226": 0,
      "227": 0,
      "228": 0,
      "229": 0,
      "230": 0,
      "231": 0,
      "232": 0,
      "233": 0,
      "234": 0,
      "235": 0,
      "236": 0,
      "237": 0,
      "238": 0,
      "239": 0,
      "240": 0,
      "241": 0,
      "242": 0,
      "243": 0,
      "244": 0,
      "245": 0,
      "246": 0,
      "247": 0,
      "248": 0,
      "249": 0,
      "250": 0,
      "251": 0,
      "252": 0,
      "253": 0,
      "254": 0,
      "255": 0,
      "256": 1,
      "257": 1,
      "258": 1,
      "259": 1,
      "260": 1,
      "261": 1,
      "262": 1,
      "263": 1,
      "264": 1,
      "265": 1,
      "266": 1,
      "267": 1,
      "268": 1,
      "269": 1,
      "270": 1,
      "271": 1,
      "272": 1,
      "273": 1,
      "274": 1,
      "275": 1,
      "276": 0,
      "277": 0,
      "278": 0,
      "279": 0,
      "280": 0,
      "281": 0,
      "282": 0,
      "283": 0,
      "284": 0,
      "285": 0,
      "286": 0,
      "287": 0,
      "288": 0,
      "289": 0,
      "290": 0,
      "291": 0,
      "292": 0,
      "293": 0,
      "294": 0,
      "295": 0,
      "296": 0,
      "297": 0,
      "298": 0,
      "299": 0,
      "300": 0,
      "301": 0,
      "302": 0,
      "303": 0,
      "304": 0,
      "305": 0,
      "306": 0,
      "307": 0,
      "308": 0,
      "309": 0,
      "310": 1,
      "311": 1,
      "312": 1,
      "313": 1,
      "314": 1,
      "315": 1,
      "316": 1,
      "317": 1,
      "318": 1,
      "319": 1,
      "320": 1,
      "321": 1,
      "322": 1,
      "323": 1,
      "324": 1,
      "325": 1,
      "326": 1,
      "327": 1,
      "328": 1,
      "329": 0,
      "330": 0,
      "331": 0,
      "332": 0,
      "333": 0,
      "334": 0,
      "335": 0,
      "336": 0,
      "337": 0,
      "338": 0,
      "339": 0,
      "340": 0,
      "341": 0,
      "342": 0,
      "343": 0,
      "344": 0,
      "345": 0,
      "346": 0,
      "347": 0,
      "348": 0,
      "349": 0,
      "350": 0,
      "351": 0,
      "352": 0,
      "353": 0,
      "354": 0,
      "355": 0,
      "356": 0,
      "357": 0,
      "358": 0,
      "359": 0,
      "360": 1,
      "361": 1
    },
    "branchMap": {},
    "b": {},
    "fnMap": {
      "0": {
        "name": "resolveNestedValue",
        "decl": { "start": { "line": 13, "column": 7 }, "end": { "line": 16, "column": 1 } },
        "loc": { "start": { "line": 13, "column": 7 }, "end": { "line": 16, "column": 1 } },
        "line": 13
      },
      "1": {
        "name": "mapRow",
        "decl": { "start": { "line": 25, "column": 7 }, "end": { "line": 57, "column": 1 } },
        "loc": { "start": { "line": 25, "column": 7 }, "end": { "line": 57, "column": 1 } },
        "line": 25
      },
      "2": {
        "name": "beginTransaction",
        "decl": { "start": { "line": 64, "column": 7 }, "end": { "line": 78, "column": 1 } },
        "loc": { "start": { "line": 64, "column": 7 }, "end": { "line": 78, "column": 1 } },
        "line": 64
      },
      "3": {
        "name": "commitTransaction",
        "decl": { "start": { "line": 85, "column": 7 }, "end": { "line": 94, "column": 1 } },
        "loc": { "start": { "line": 85, "column": 7 }, "end": { "line": 94, "column": 1 } },
        "line": 85
      },
      "4": {
        "name": "rollbackTransaction",
        "decl": { "start": { "line": 101, "column": 7 }, "end": { "line": 110, "column": 1 } },
        "loc": { "start": { "line": 101, "column": 7 }, "end": { "line": 110, "column": 1 } },
        "line": 101
      },
      "5": {
        "name": "getAll",
        "decl": { "start": { "line": 155, "column": 7 }, "end": { "line": 185, "column": 1 } },
        "loc": { "start": { "line": 155, "column": 7 }, "end": { "line": 185, "column": 1 } },
        "line": 155
      },
      "6": {
        "name": "getRow",
        "decl": { "start": { "line": 226, "column": 7 }, "end": { "line": 256, "column": 1 } },
        "loc": { "start": { "line": 226, "column": 7 }, "end": { "line": 256, "column": 1 } },
        "line": 226
      },
      "7": {
        "name": "getOne",
        "decl": { "start": { "line": 276, "column": 7 }, "end": { "line": 310, "column": 1 } },
        "loc": { "start": { "line": 276, "column": 7 }, "end": { "line": 310, "column": 1 } },
        "line": 276
      },
      "8": {
        "name": "exec",
        "decl": { "start": { "line": 329, "column": 7 }, "end": { "line": 360, "column": 1 } },
        "loc": { "start": { "line": 329, "column": 7 }, "end": { "line": 360, "column": 1 } },
        "line": 329
      }
    },
    "f": { "0": 0, "1": 0, "2": 0, "3": 0, "4": 0, "5": 0, "6": 0, "7": 0, "8": 0 }
  },
  "C:\\Users\\User\\aqdm\\src\\models\\group-permission\\group-permission.model.ts": {
    "path": "C:\\Users\\User\\aqdm\\src\\models\\group-permission\\group-permission.model.ts",
    "all": false,
    "statementMap": {
      "0": { "start": { "line": 1, "column": 0 }, "end": { "line": 1, "column": 59 } },
      "1": { "start": { "line": 2, "column": 0 }, "end": { "line": 2, "column": 8 } },
      "2": { "start": { "line": 3, "column": 0 }, "end": { "line": 3, "column": 24 } },
      "3": { "start": { "line": 4, "column": 0 }, "end": { "line": 4, "column": 25 } },
      "4": { "start": { "line": 5, "column": 0 }, "end": { "line": 5, "column": 27 } },
      "5": { "start": { "line": 6, "column": 0 }, "end": { "line": 6, "column": 27 } },
      "6": { "start": { "line": 7, "column": 0 }, "end": { "line": 7, "column": 27 } },
      "7": { "start": { "line": 8, "column": 0 }, "end": { "line": 8, "column": 45 } },
      "8": { "start": { "line": 9, "column": 0 }, "end": { "line": 9, "column": 41 } },
      "9": { "start": { "line": 10, "column": 0 }, "end": { "line": 10, "column": 44 } },
      "10": { "start": { "line": 11, "column": 0 }, "end": { "line": 11, "column": 47 } },
      "11": { "start": { "line": 12, "column": 0 }, "end": { "line": 12, "column": 0 } },
      "12": { "start": { "line": 13, "column": 0 }, "end": { "line": 13, "column": 11 } },
      "13": { "start": { "line": 14, "column": 0 }, "end": { "line": 14, "column": 44 } },
      "14": { "start": { "line": 15, "column": 0 }, "end": { "line": 15, "column": 25 } },
      "15": { "start": { "line": 16, "column": 0 }, "end": { "line": 16, "column": 13 } },
      "16": { "start": { "line": 17, "column": 0 }, "end": { "line": 17, "column": 21 } },
      "17": { "start": { "line": 18, "column": 0 }, "end": { "line": 18, "column": 26 } },
      "18": { "start": { "line": 19, "column": 0 }, "end": { "line": 19, "column": 4 } },
      "19": { "start": { "line": 20, "column": 0 }, "end": { "line": 20, "column": 12 } },
      "20": { "start": { "line": 21, "column": 0 }, "end": { "line": 21, "column": 44 } },
      "21": { "start": { "line": 22, "column": 0 }, "end": { "line": 22, "column": 15 } },
      "22": { "start": { "line": 23, "column": 0 }, "end": { "line": 23, "column": 17 } },
      "23": { "start": { "line": 24, "column": 0 }, "end": { "line": 24, "column": 21 } },
      "24": { "start": { "line": 25, "column": 0 }, "end": { "line": 25, "column": 18 } },
      "25": { "start": { "line": 26, "column": 0 }, "end": { "line": 26, "column": 23 } },
      "26": { "start": { "line": 27, "column": 0 }, "end": { "line": 27, "column": 4 } },
      "27": { "start": { "line": 28, "column": 0 }, "end": { "line": 28, "column": 4 } },
      "28": { "start": { "line": 29, "column": 0 }, "end": { "line": 29, "column": 53 } },
      "29": { "start": { "line": 30, "column": 0 }, "end": { "line": 30, "column": 49 } },
      "30": { "start": { "line": 31, "column": 0 }, "end": { "line": 31, "column": 0 } },
      "31": { "start": { "line": 32, "column": 0 }, "end": { "line": 32, "column": 61 } },
      "32": { "start": { "line": 33, "column": 0 }, "end": { "line": 33, "column": 86 } },
      "33": { "start": { "line": 34, "column": 0 }, "end": { "line": 34, "column": 30 } },
      "34": { "start": { "line": 35, "column": 0 }, "end": { "line": 35, "column": 0 } },
      "35": { "start": { "line": 36, "column": 0 }, "end": { "line": 36, "column": 25 } },
      "36": { "start": { "line": 37, "column": 0 }, "end": { "line": 37, "column": 39 } },
      "37": { "start": { "line": 38, "column": 0 }, "end": { "line": 38, "column": 33 } },
      "38": { "start": { "line": 39, "column": 0 }, "end": { "line": 39, "column": 3 } },
      "39": { "start": { "line": 40, "column": 0 }, "end": { "line": 40, "column": 0 } },
      "40": { "start": { "line": 41, "column": 0 }, "end": { "line": 41, "column": 30 } },
      "41": { "start": { "line": 42, "column": 0 }, "end": { "line": 42, "column": 44 } },
      "42": { "start": { "line": 43, "column": 0 }, "end": { "line": 43, "column": 38 } },
      "43": { "start": { "line": 44, "column": 0 }, "end": { "line": 44, "column": 3 } },
      "44": { "start": { "line": 45, "column": 0 }, "end": { "line": 45, "column": 0 } },
      "45": { "start": { "line": 46, "column": 0 }, "end": { "line": 46, "column": 45 } },
      "46": { "start": { "line": 47, "column": 0 }, "end": { "line": 47, "column": 37 } },
      "47": { "start": { "line": 48, "column": 0 }, "end": { "line": 48, "column": 0 } },
      "48": { "start": { "line": 49, "column": 0 }, "end": { "line": 49, "column": 13 } },
      "49": { "start": { "line": 50, "column": 0 }, "end": { "line": 50, "column": 22 } },
      "50": { "start": { "line": 51, "column": 0 }, "end": { "line": 51, "column": 28 } },
      "51": { "start": { "line": 52, "column": 0 }, "end": { "line": 52, "column": 27 } },
      "52": { "start": { "line": 53, "column": 0 }, "end": { "line": 53, "column": 48 } },
      "53": { "start": { "line": 54, "column": 0 }, "end": { "line": 54, "column": 59 } },
      "54": { "start": { "line": 55, "column": 0 }, "end": { "line": 55, "column": 37 } },
      "55": { "start": { "line": 56, "column": 0 }, "end": { "line": 56, "column": 4 } },
      "56": { "start": { "line": 57, "column": 0 }, "end": { "line": 57, "column": 42 } },
      "57": { "start": { "line": 58, "column": 0 }, "end": { "line": 58, "column": 0 } },
      "58": { "start": { "line": 59, "column": 0 }, "end": { "line": 59, "column": 74 } },
      "59": { "start": { "line": 60, "column": 0 }, "end": { "line": 60, "column": 40 } },
      "60": { "start": { "line": 61, "column": 0 }, "end": { "line": 61, "column": 60 } },
      "61": { "start": { "line": 62, "column": 0 }, "end": { "line": 62, "column": 0 } },
      "62": { "start": { "line": 63, "column": 0 }, "end": { "line": 63, "column": 54 } },
      "63": { "start": { "line": 64, "column": 0 }, "end": { "line": 64, "column": 0 } },
      "64": { "start": { "line": 65, "column": 0 }, "end": { "line": 65, "column": 16 } },
      "65": { "start": { "line": 66, "column": 0 }, "end": { "line": 66, "column": 17 } },
      "66": { "start": { "line": 67, "column": 0 }, "end": { "line": 67, "column": 11 } },
      "67": { "start": { "line": 68, "column": 0 }, "end": { "line": 68, "column": 29 } },
      "68": { "start": { "line": 69, "column": 0 }, "end": { "line": 69, "column": 26 } },
      "69": { "start": { "line": 70, "column": 0 }, "end": { "line": 70, "column": 41 } },
      "70": { "start": { "line": 71, "column": 0 }, "end": { "line": 71, "column": 33 } },
      "71": { "start": { "line": 72, "column": 0 }, "end": { "line": 72, "column": 39 } },
      "72": { "start": { "line": 73, "column": 0 }, "end": { "line": 73, "column": 31 } },
      "73": { "start": { "line": 74, "column": 0 }, "end": { "line": 74, "column": 45 } },
      "74": { "start": { "line": 75, "column": 0 }, "end": { "line": 75, "column": 33 } },
      "75": { "start": { "line": 76, "column": 0 }, "end": { "line": 76, "column": 30 } },
      "76": { "start": { "line": 77, "column": 0 }, "end": { "line": 77, "column": 43 } },
      "77": { "start": { "line": 78, "column": 0 }, "end": { "line": 78, "column": 34 } },
      "78": { "start": { "line": 79, "column": 0 }, "end": { "line": 79, "column": 27 } },
      "79": { "start": { "line": 80, "column": 0 }, "end": { "line": 80, "column": 48 } },
      "80": { "start": { "line": 81, "column": 0 }, "end": { "line": 81, "column": 61 } },
      "81": { "start": { "line": 82, "column": 0 }, "end": { "line": 82, "column": 59 } },
      "82": { "start": { "line": 83, "column": 0 }, "end": { "line": 83, "column": 37 } },
      "83": { "start": { "line": 84, "column": 0 }, "end": { "line": 84, "column": 61 } },
      "84": { "start": { "line": 85, "column": 0 }, "end": { "line": 85, "column": 20 } },
      "85": { "start": { "line": 86, "column": 0 }, "end": { "line": 86, "column": 4 } },
      "86": { "start": { "line": 87, "column": 0 }, "end": { "line": 87, "column": 0 } },
      "87": { "start": { "line": 88, "column": 0 }, "end": { "line": 88, "column": 38 } },
      "88": { "start": { "line": 89, "column": 0 }, "end": { "line": 89, "column": 73 } },
      "89": { "start": { "line": 90, "column": 0 }, "end": { "line": 90, "column": 0 } },
      "90": { "start": { "line": 91, "column": 0 }, "end": { "line": 91, "column": 112 } },
      "91": { "start": { "line": 92, "column": 0 }, "end": { "line": 92, "column": 0 } },
      "92": { "start": { "line": 93, "column": 0 }, "end": { "line": 93, "column": 53 } },
      "93": { "start": { "line": 94, "column": 0 }, "end": { "line": 94, "column": 51 } },
      "94": { "start": { "line": 95, "column": 0 }, "end": { "line": 95, "column": 0 } },
      "95": { "start": { "line": 96, "column": 0 }, "end": { "line": 96, "column": 10 } },
      "96": { "start": { "line": 97, "column": 0 }, "end": { "line": 97, "column": 21 } },
      "97": { "start": { "line": 98, "column": 0 }, "end": { "line": 98, "column": 17 } },
      "98": { "start": { "line": 99, "column": 0 }, "end": { "line": 99, "column": 28 } },
      "99": { "start": { "line": 100, "column": 0 }, "end": { "line": 100, "column": 36 } },
      "100": { "start": { "line": 101, "column": 0 }, "end": { "line": 101, "column": 12 } },
      "101": { "start": { "line": 102, "column": 0 }, "end": { "line": 102, "column": 17 } },
      "102": { "start": { "line": 103, "column": 0 }, "end": { "line": 103, "column": 6 } },
      "103": { "start": { "line": 104, "column": 0 }, "end": { "line": 104, "column": 4 } },
      "104": { "start": { "line": 105, "column": 0 }, "end": { "line": 105, "column": 1 } },
      "105": { "start": { "line": 106, "column": 0 }, "end": { "line": 106, "column": 0 } },
      "106": { "start": { "line": 107, "column": 0 }, "end": { "line": 107, "column": 11 } },
      "107": { "start": { "line": 108, "column": 0 }, "end": { "line": 108, "column": 99 } },
      "108": { "start": { "line": 109, "column": 0 }, "end": { "line": 109, "column": 7 } },
      "109": { "start": { "line": 110, "column": 0 }, "end": { "line": 110, "column": 19 } },
      "110": { "start": { "line": 111, "column": 0 }, "end": { "line": 111, "column": 39 } },
      "111": { "start": { "line": 112, "column": 0 }, "end": { "line": 112, "column": 18 } },
      "112": { "start": { "line": 113, "column": 0 }, "end": { "line": 113, "column": 22 } },
      "113": { "start": { "line": 114, "column": 0 }, "end": { "line": 114, "column": 19 } },
      "114": { "start": { "line": 115, "column": 0 }, "end": { "line": 115, "column": 17 } },
      "115": { "start": { "line": 116, "column": 0 }, "end": { "line": 116, "column": 24 } },
      "116": { "start": { "line": 117, "column": 0 }, "end": { "line": 117, "column": 19 } },
      "117": { "start": { "line": 118, "column": 0 }, "end": { "line": 118, "column": 34 } },
      "118": { "start": { "line": 119, "column": 0 }, "end": { "line": 119, "column": 6 } },
      "119": { "start": { "line": 120, "column": 0 }, "end": { "line": 120, "column": 116 } },
      "120": { "start": { "line": 121, "column": 0 }, "end": { "line": 121, "column": 37 } },
      "121": { "start": { "line": 122, "column": 0 }, "end": { "line": 122, "column": 19 } },
      "122": { "start": { "line": 123, "column": 0 }, "end": { "line": 123, "column": 46 } },
      "123": { "start": { "line": 124, "column": 0 }, "end": { "line": 124, "column": 54 } },
      "124": { "start": { "line": 125, "column": 0 }, "end": { "line": 125, "column": 3 } },
      "125": { "start": { "line": 126, "column": 0 }, "end": { "line": 126, "column": 1 } },
      "126": { "start": { "line": 127, "column": 0 }, "end": { "line": 127, "column": 0 } },
      "127": { "start": { "line": 128, "column": 0 }, "end": { "line": 128, "column": 11 } },
      "128": { "start": { "line": 129, "column": 0 }, "end": { "line": 129, "column": 99 } },
      "129": { "start": { "line": 130, "column": 0 }, "end": { "line": 130, "column": 7 } },
      "130": { "start": { "line": 131, "column": 0 }, "end": { "line": 131, "column": 19 } },
      "131": { "start": { "line": 132, "column": 0 }, "end": { "line": 132, "column": 33 } },
      "132": { "start": { "line": 133, "column": 0 }, "end": { "line": 133, "column": 24 } },
      "133": { "start": { "line": 134, "column": 0 }, "end": { "line": 134, "column": 28 } },
      "134": { "start": { "line": 135, "column": 0 }, "end": { "line": 135, "column": 25 } },
      "135": { "start": { "line": 136, "column": 0 }, "end": { "line": 136, "column": 23 } },
      "136": { "start": { "line": 137, "column": 0 }, "end": { "line": 137, "column": 30 } },
      "137": { "start": { "line": 138, "column": 0 }, "end": { "line": 138, "column": 25 } },
      "138": { "start": { "line": 139, "column": 0 }, "end": { "line": 139, "column": 46 } },
      "139": { "start": { "line": 140, "column": 0 }, "end": { "line": 140, "column": 6 } },
      "140": { "start": { "line": 141, "column": 0 }, "end": { "line": 141, "column": 20 } },
      "141": { "start": { "line": 142, "column": 0 }, "end": { "line": 142, "column": 18 } },
      "142": { "start": { "line": 143, "column": 0 }, "end": { "line": 143, "column": 23 } },
      "143": { "start": { "line": 144, "column": 0 }, "end": { "line": 144, "column": 20 } },
      "144": { "start": { "line": 145, "column": 0 }, "end": { "line": 145, "column": 19 } },
      "145": { "start": { "line": 146, "column": 0 }, "end": { "line": 146, "column": 25 } },
      "146": { "start": { "line": 147, "column": 0 }, "end": { "line": 147, "column": 21 } },
      "147": { "start": { "line": 148, "column": 0 }, "end": { "line": 148, "column": 26 } },
      "148": { "start": { "line": 149, "column": 0 }, "end": { "line": 149, "column": 31 } },
      "149": { "start": { "line": 150, "column": 0 }, "end": { "line": 150, "column": 6 } },
      "150": { "start": { "line": 151, "column": 0 }, "end": { "line": 151, "column": 37 } },
      "151": { "start": { "line": 152, "column": 0 }, "end": { "line": 152, "column": 19 } },
      "152": { "start": { "line": 153, "column": 0 }, "end": { "line": 153, "column": 46 } },
      "153": { "start": { "line": 154, "column": 0 }, "end": { "line": 154, "column": 54 } },
      "154": { "start": { "line": 155, "column": 0 }, "end": { "line": 155, "column": 3 } },
      "155": { "start": { "line": 156, "column": 0 }, "end": { "line": 156, "column": 1 } },
      "156": { "start": { "line": 157, "column": 0 }, "end": { "line": 157, "column": 0 } },
      "157": { "start": { "line": 158, "column": 0 }, "end": { "line": 158, "column": 11 } },
      "158": { "start": { "line": 159, "column": 0 }, "end": { "line": 159, "column": 99 } },
      "159": { "start": { "line": 160, "column": 0 }, "end": { "line": 160, "column": 7 } },
      "160": { "start": { "line": 161, "column": 0 }, "end": { "line": 161, "column": 93 } },
      "161": { "start": { "line": 162, "column": 0 }, "end": { "line": 162, "column": 62 } },
      "162": { "start": { "line": 163, "column": 0 }, "end": { "line": 163, "column": 19 } },
      "163": { "start": { "line": 164, "column": 0 }, "end": { "line": 164, "column": 46 } },
      "164": { "start": { "line": 165, "column": 0 }, "end": { "line": 165, "column": 54 } },
      "165": { "start": { "line": 166, "column": 0 }, "end": { "line": 166, "column": 3 } },
      "166": { "start": { "line": 167, "column": 0 }, "end": { "line": 167, "column": 1 } },
      "167": { "start": { "line": 168, "column": 0 }, "end": { "line": 168, "column": 0 } },
      "168": { "start": { "line": 169, "column": 0 }, "end": { "line": 169, "column": 20 } },
      "169": { "start": { "line": 170, "column": 0 }, "end": { "line": 170, "column": 90 } },
      "170": { "start": { "line": 171, "column": 0 }, "end": { "line": 171, "column": 7 } },
      "171": { "start": { "line": 172, "column": 0 }, "end": { "line": 172, "column": 19 } },
      "172": { "start": { "line": 173, "column": 0 }, "end": { "line": 173, "column": 13 } },
      "173": { "start": { "line": 174, "column": 0 }, "end": { "line": 174, "column": 25 } },
      "174": { "start": { "line": 175, "column": 0 }, "end": { "line": 175, "column": 32 } },
      "175": { "start": { "line": 176, "column": 0 }, "end": { "line": 176, "column": 52 } },
      "176": { "start": { "line": 177, "column": 0 }, "end": { "line": 177, "column": 28 } },
      "177": { "start": { "line": 178, "column": 0 }, "end": { "line": 178, "column": 6 } },
      "178": { "start": { "line": 179, "column": 0 }, "end": { "line": 179, "column": 0 } },
      "179": { "start": { "line": 180, "column": 0 }, "end": { "line": 180, "column": 91 } },
      "180": { "start": { "line": 181, "column": 0 }, "end": { "line": 181, "column": 36 } },
      "181": { "start": { "line": 182, "column": 0 }, "end": { "line": 182, "column": 19 } },
      "182": { "start": { "line": 183, "column": 0 }, "end": { "line": 183, "column": 46 } },
      "183": { "start": { "line": 184, "column": 0 }, "end": { "line": 184, "column": 54 } },
      "184": { "start": { "line": 185, "column": 0 }, "end": { "line": 185, "column": 3 } },
      "185": { "start": { "line": 186, "column": 0 }, "end": { "line": 186, "column": 1 } }
    },
    "s": {
      "0": 1,
      "1": 1,
      "2": 1,
      "3": 1,
      "4": 1,
      "5": 1,
      "6": 1,
      "7": 1,
      "8": 1,
      "9": 1,
      "10": 1,
      "11": 1,
      "12": 1,
      "13": 1,
      "14": 0,
      "15": 0,
      "16": 0,
      "17": 0,
      "18": 0,
      "19": 0,
      "20": 0,
      "21": 0,
      "22": 0,
      "23": 0,
      "24": 0,
      "25": 0,
      "26": 0,
      "27": 0,
      "28": 0,
      "29": 0,
      "30": 0,
      "31": 0,
      "32": 0,
      "33": 0,
      "34": 0,
      "35": 0,
      "36": 0,
      "37": 0,
      "38": 0,
      "39": 0,
      "40": 0,
      "41": 0,
      "42": 0,
      "43": 0,
      "44": 0,
      "45": 0,
      "46": 0,
      "47": 0,
      "48": 0,
      "49": 0,
      "50": 0,
      "51": 0,
      "52": 0,
      "53": 0,
      "54": 0,
      "55": 0,
      "56": 0,
      "57": 0,
      "58": 0,
      "59": 0,
      "60": 0,
      "61": 0,
      "62": 0,
      "63": 0,
      "64": 0,
      "65": 0,
      "66": 0,
      "67": 0,
      "68": 0,
      "69": 0,
      "70": 0,
      "71": 0,
      "72": 0,
      "73": 0,
      "74": 0,
      "75": 0,
      "76": 0,
      "77": 0,
      "78": 0,
      "79": 0,
      "80": 0,
      "81": 0,
      "82": 0,
      "83": 0,
      "84": 0,
      "85": 0,
      "86": 0,
      "87": 0,
      "88": 0,
      "89": 0,
      "90": 0,
      "91": 0,
      "92": 0,
      "93": 0,
      "94": 0,
      "95": 0,
      "96": 0,
      "97": 0,
      "98": 0,
      "99": 0,
      "100": 0,
      "101": 0,
      "102": 0,
      "103": 0,
      "104": 0,
      "105": 1,
      "106": 1,
      "107": 1,
      "108": 0,
      "109": 0,
      "110": 0,
      "111": 0,
      "112": 0,
      "113": 0,
      "114": 0,
      "115": 0,
      "116": 0,
      "117": 0,
      "118": 0,
      "119": 0,
      "120": 0,
      "121": 0,
      "122": 0,
      "123": 0,
      "124": 0,
      "125": 0,
      "126": 1,
      "127": 1,
      "128": 1,
      "129": 0,
      "130": 0,
      "131": 0,
      "132": 0,
      "133": 0,
      "134": 0,
      "135": 0,
      "136": 0,
      "137": 0,
      "138": 0,
      "139": 0,
      "140": 0,
      "141": 0,
      "142": 0,
      "143": 0,
      "144": 0,
      "145": 0,
      "146": 0,
      "147": 0,
      "148": 0,
      "149": 0,
      "150": 0,
      "151": 0,
      "152": 0,
      "153": 0,
      "154": 0,
      "155": 0,
      "156": 1,
      "157": 1,
      "158": 1,
      "159": 0,
      "160": 0,
      "161": 0,
      "162": 0,
      "163": 0,
      "164": 0,
      "165": 0,
      "166": 0,
      "167": 1,
      "168": 1,
      "169": 1,
      "170": 0,
      "171": 0,
      "172": 0,
      "173": 0,
      "174": 0,
      "175": 0,
      "176": 0,
      "177": 0,
      "178": 0,
      "179": 0,
      "180": 0,
      "181": 0,
      "182": 0,
      "183": 0,
      "184": 0,
      "185": 0
    },
    "branchMap": {},
    "b": {},
    "fnMap": {
      "0": {
        "name": "selectGroupPermission",
        "decl": { "start": { "line": 14, "column": 7 }, "end": { "line": 105, "column": 1 } },
        "loc": { "start": { "line": 14, "column": 7 }, "end": { "line": 105, "column": 1 } },
        "line": 14
      },
      "1": {
        "name": "insertGroupPermission",
        "decl": { "start": { "line": 108, "column": 7 }, "end": { "line": 126, "column": 1 } },
        "loc": { "start": { "line": 108, "column": 7 }, "end": { "line": 126, "column": 1 } },
        "line": 108
      },
      "2": {
        "name": "updateGroupPermission",
        "decl": { "start": { "line": 129, "column": 7 }, "end": { "line": 156, "column": 1 } },
        "loc": { "start": { "line": 129, "column": 7 }, "end": { "line": 156, "column": 1 } },
        "line": 129
      },
      "3": {
        "name": "deleteGroupPermission",
        "decl": { "start": { "line": 159, "column": 7 }, "end": { "line": 167, "column": 1 } },
        "loc": { "start": { "line": 159, "column": 7 }, "end": { "line": 167, "column": 1 } },
        "line": 159
      },
      "4": {
        "name": "findGroupPermission",
        "decl": { "start": { "line": 170, "column": 7 }, "end": { "line": 186, "column": 1 } },
        "loc": { "start": { "line": 170, "column": 7 }, "end": { "line": 186, "column": 1 } },
        "line": 170
      }
    },
    "f": { "0": 0, "1": 0, "2": 0, "3": 0, "4": 0 }
  },
  "C:\\Users\\User\\aqdm\\src\\models\\history-action\\history-action.model.ts": {
    "path": "C:\\Users\\User\\aqdm\\src\\models\\history-action\\history-action.model.ts",
    "all": false,
    "statementMap": {
      "0": { "start": { "line": 1, "column": 0 }, "end": { "line": 1, "column": 43 } },
      "1": { "start": { "line": 2, "column": 0 }, "end": { "line": 2, "column": 42 } },
      "2": { "start": { "line": 3, "column": 0 }, "end": { "line": 3, "column": 46 } },
      "3": { "start": { "line": 4, "column": 0 }, "end": { "line": 4, "column": 0 } },
      "4": { "start": { "line": 5, "column": 0 }, "end": { "line": 5, "column": 76 } },
      "5": { "start": { "line": 6, "column": 0 }, "end": { "line": 6, "column": 17 } },
      "6": { "start": { "line": 7, "column": 0 }, "end": { "line": 7, "column": 23 } },
      "7": { "start": { "line": 8, "column": 0 }, "end": { "line": 8, "column": 115 } },
      "8": { "start": { "line": 9, "column": 0 }, "end": { "line": 9, "column": 41 } },
      "9": { "start": { "line": 10, "column": 0 }, "end": { "line": 10, "column": 4 } },
      "10": { "start": { "line": 11, "column": 0 }, "end": { "line": 11, "column": 18 } },
      "11": { "start": { "line": 12, "column": 0 }, "end": { "line": 12, "column": 19 } },
      "12": { "start": { "line": 13, "column": 0 }, "end": { "line": 13, "column": 18 } },
      "13": { "start": { "line": 14, "column": 0 }, "end": { "line": 14, "column": 11 } },
      "14": { "start": { "line": 15, "column": 0 }, "end": { "line": 15, "column": 19 } },
      "15": { "start": { "line": 16, "column": 0 }, "end": { "line": 16, "column": 20 } },
      "16": { "start": { "line": 17, "column": 0 }, "end": { "line": 17, "column": 21 } },
      "17": { "start": { "line": 18, "column": 0 }, "end": { "line": 18, "column": 18 } },
      "18": { "start": { "line": 19, "column": 0 }, "end": { "line": 19, "column": 19 } },
      "19": { "start": { "line": 20, "column": 0 }, "end": { "line": 20, "column": 19 } },
      "20": { "start": { "line": 21, "column": 0 }, "end": { "line": 21, "column": 15 } },
      "21": { "start": { "line": 22, "column": 0 }, "end": { "line": 22, "column": 4 } },
      "22": { "start": { "line": 23, "column": 0 }, "end": { "line": 23, "column": 35 } },
      "23": { "start": { "line": 24, "column": 0 }, "end": { "line": 24, "column": 1 } }
    },
    "s": {
      "0": 1,
      "1": 1,
      "2": 1,
      "3": 1,
      "4": 1,
      "5": 0,
      "6": 0,
      "7": 0,
      "8": 0,
      "9": 0,
      "10": 0,
      "11": 0,
      "12": 0,
      "13": 0,
      "14": 0,
      "15": 0,
      "16": 0,
      "17": 0,
      "18": 0,
      "19": 0,
      "20": 0,
      "21": 0,
      "22": 0,
      "23": 0
    },
    "branchMap": {},
    "b": {},
    "fnMap": {
      "0": {
        "name": "insertLogAction",
        "decl": { "start": { "line": 5, "column": 7 }, "end": { "line": 24, "column": 1 } },
        "loc": { "start": { "line": 5, "column": 7 }, "end": { "line": 24, "column": 1 } },
        "line": 5
      }
    },
    "f": { "0": 0 }
  },
  "C:\\Users\\User\\aqdm\\src\\services\\log-action\\log-action.service.ts": {
    "path": "C:\\Users\\User\\aqdm\\src\\services\\log-action\\log-action.service.ts",
    "all": false,
    "statementMap": {
      "0": { "start": { "line": 1, "column": 0 }, "end": { "line": 1, "column": 57 } },
      "1": { "start": { "line": 2, "column": 0 }, "end": { "line": 2, "column": 79 } },
      "2": { "start": { "line": 3, "column": 0 }, "end": { "line": 3, "column": 46 } },
      "3": { "start": { "line": 4, "column": 0 }, "end": { "line": 4, "column": 0 } },
      "4": { "start": { "line": 5, "column": 0 }, "end": { "line": 5, "column": 27 } },
[...]
      },
      "45": {
        "type": "branch",
        "line": 226,
        "loc": { "start": { "line": 226, "column": 35 }, "end": { "line": 228, "column": 5 } },
        "locations": [{ "start": { "line": 226, "column": 35 }, "end": { "line": 228, "column": 5 } }]
      },
      "46": {
        "type": "branch",
        "line": 228,
        "loc": { "start": { "line": 228, "column": 4 }, "end": { "line": 247, "column": 4 } },
        "locations": [{ "start": { "line": 228, "column": 4 }, "end": { "line": 247, "column": 4 } }]
      },
      "47": {
        "type": "branch",
        "line": 247,
        "loc": { "start": { "line": 247, "column": 4 }, "end": { "line": 253, "column": 12 } },
        "locations": [{ "start": { "line": 247, "column": 4 }, "end": { "line": 253, "column": 12 } }]
      },
      "48": {
        "type": "branch",
        "line": 252,
        "loc": { "start": { "line": 252, "column": 35 }, "end": { "line": 252, "column": 46 } },
        "locations": [{ "start": { "line": 252, "column": 35 }, "end": { "line": 252, "column": 46 } }]
      },
      "49": {
        "type": "branch",
        "line": 252,
        "loc": { "start": { "line": 252, "column": 38 }, "end": { "line": 252, "column": 90 } },
        "locations": [{ "start": { "line": 252, "column": 38 }, "end": { "line": 252, "column": 90 } }]
      },
      "50": {
        "type": "branch",
        "line": 253,
        "loc": { "start": { "line": 253, "column": 2 }, "end": { "line": 253, "column": 12 } },
        "locations": [{ "start": { "line": 253, "column": 2 }, "end": { "line": 253, "column": 12 } }]
      },
      "51": {
        "type": "branch",
        "line": 256,
        "loc": { "start": { "line": 256, "column": 26 }, "end": { "line": 257, "column": 8 } },
        "locations": [{ "start": { "line": 256, "column": 26 }, "end": { "line": 257, "column": 8 } }]
      },
      "52": {
        "type": "branch",
        "line": 257,
        "loc": { "start": { "line": 257, "column": 8 }, "end": { "line": 259, "column": 7 } },
        "locations": [{ "start": { "line": 257, "column": 8 }, "end": { "line": 259, "column": 7 } }]
      }
    },
    "b": {
      "0": [9],
      "1": [6],
      "2": [1],
      "3": [5],
      "4": [4],
      "5": [3],
      "6": [3],
      "7": [1],
      "8": [3],
      "9": [3],
      "10": [1],
      "11": [5],
      "12": [4],
      "13": [1],
      "14": [3],
      "15": [0],
      "16": [8],
      "17": [1],
      "18": [6],
      "19": [1],
      "20": [5],
      "21": [3],
      "22": [2],
      "23": [1],
      "24": [0],
      "25": [5],
      "26": [1],
      "27": [8],
      "28": [1],
      "29": [7],
      "30": [1],
      "31": [6],
      "32": [1],
      "33": [5],
      "34": [1],
      "35": [4],
      "36": [3],
      "37": [1],
      "38": [0],
      "39": [7],
      "40": [1],
      "41": [5],
      "42": [1],
      "43": [4],
      "44": [3],
      "45": [1],
      "46": [2],
      "47": [3],
      "48": [2],
      "49": [1],
      "50": [2],
      "51": [4],
      "52": [1]
    },
    "fnMap": {
      "0": {
        "name": "getGroupPermissionsS",
        "decl": { "start": { "line": 21, "column": 7 }, "end": { "line": 70, "column": 1 } },
        "loc": { "start": { "line": 21, "column": 7 }, "end": { "line": 70, "column": 1 } },
        "line": 21
      },
      "1": {
        "name": "createGroupPermissionS",
        "decl": { "start": { "line": 73, "column": 7 }, "end": { "line": 129, "column": 1 } },
        "loc": { "start": { "line": 73, "column": 7 }, "end": { "line": 129, "column": 1 } },
        "line": 73
      },
      "2": {
        "name": "updateGroupPermissionS",
        "decl": { "start": { "line": 132, "column": 7 }, "end": { "line": 206, "column": 1 } },
        "loc": { "start": { "line": 132, "column": 7 }, "end": { "line": 206, "column": 1 } },
        "line": 132
      },
      "3": {
        "name": "deleteGroupPermissionS",
        "decl": { "start": { "line": 209, "column": 7 }, "end": { "line": 262, "column": 1 } },
        "loc": { "start": { "line": 209, "column": 7 }, "end": { "line": 262, "column": 1 } },
        "line": 209
      }
    },
    "f": { "0": 9, "1": 6, "2": 8, "3": 5 }
  },
  "C:\\Users\\User\\aqdm\\src\\types\\history.ts": {
    "path": "C:\\Users\\User\\aqdm\\src\\types\\history.ts",
    "all": false,
    "statementMap": {
      "0": { "start": { "line": 1, "column": 0 }, "end": { "line": 1, "column": 24 } },
      "1": { "start": { "line": 2, "column": 0 }, "end": { "line": 2, "column": 0 } },
      "2": { "start": { "line": 3, "column": 0 }, "end": { "line": 3, "column": 14 } },
      "3": { "start": { "line": 4, "column": 0 }, "end": { "line": 4, "column": 39 } },
      "4": { "start": { "line": 5, "column": 0 }, "end": { "line": 5, "column": 36 } },
      "5": { "start": { "line": 6, "column": 0 }, "end": { "line": 6, "column": 35 } },
      "6": { "start": { "line": 7, "column": 0 }, "end": { "line": 7, "column": 28 } },
      "7": { "start": { "line": 8, "column": 0 }, "end": { "line": 8, "column": 36 } },
      "8": { "start": { "line": 9, "column": 0 }, "end": { "line": 9, "column": 44 } },
      "9": { "start": { "line": 10, "column": 0 }, "end": { "line": 10, "column": 38 } },
      "10": { "start": { "line": 11, "column": 0 }, "end": { "line": 11, "column": 35 } },
      "11": { "start": { "line": 12, "column": 0 }, "end": { "line": 12, "column": 36 } },
      "12": { "start": { "line": 13, "column": 0 }, "end": { "line": 13, "column": 36 } },
      "13": { "start": { "line": 14, "column": 0 }, "end": { "line": 14, "column": 32 } },
      "14": { "start": { "line": 15, "column": 0 }, "end": { "line": 15, "column": 3 } },
      "15": { "start": { "line": 16, "column": 0 }, "end": { "line": 16, "column": 0 } },
      "16": { "start": { "line": 17, "column": 0 }, "end": { "line": 17, "column": 17 } },
      "17": { "start": { "line": 18, "column": 0 }, "end": { "line": 18, "column": 39 } },
      "18": { "start": { "line": 19, "column": 0 }, "end": { "line": 19, "column": 28 } },
      "19": { "start": { "line": 20, "column": 0 }, "end": { "line": 20, "column": 25 } },
      "20": { "start": { "line": 21, "column": 0 }, "end": { "line": 21, "column": 36 } },
      "21": { "start": { "line": 22, "column": 0 }, "end": { "line": 22, "column": 24 } },
      "22": { "start": { "line": 23, "column": 0 }, "end": { "line": 23, "column": 3 } },
      "23": { "start": { "line": 24, "column": 0 }, "end": { "line": 24, "column": 0 } },
      "24": { "start": { "line": 25, "column": 0 }, "end": { "line": 25, "column": 14 } },
      "25": { "start": { "line": 26, "column": 0 }, "end": { "line": 26, "column": 41 } },
      "26": { "start": { "line": 27, "column": 0 }, "end": { "line": 27, "column": 60 } },
      "27": { "start": { "line": 28, "column": 0 }, "end": { "line": 28, "column": 3 } },
      "28": { "start": { "line": 29, "column": 0 }, "end": { "line": 29, "column": 0 } },
      "29": { "start": { "line": 30, "column": 0 }, "end": { "line": 30, "column": 52 } },
      "30": { "start": { "line": 31, "column": 0 }, "end": { "line": 31, "column": 52 } },
      "31": { "start": { "line": 32, "column": 0 }, "end": { "line": 32, "column": 56 } }
    },
    "s": {
      "0": 1,
      "1": 1,
      "2": 1,
      "3": 1,
      "4": 1,
      "5": 1,
      "6": 1,
      "7": 1,
      "8": 1,
      "9": 1,
      "10": 1,
      "11": 1,
      "12": 1,
      "13": 1,
      "14": 1,
      "15": 1,
      "16": 1,
      "17": 1,
      "18": 1,
      "19": 1,
      "20": 1,
      "21": 1,
      "22": 1,
      "23": 1,
      "24": 1,
      "25": 1,
      "26": 1,
      "27": 1,
      "28": 1,
      "29": 1,
      "30": 1,
      "31": 1
    },
    "branchMap": {},
    "b": {},
    "fnMap": {},
    "f": {}
  },
  "C:\\Users\\User\\aqdm\\src\\utils\\error.utils.ts": {
    "path": "C:\\Users\\User\\aqdm\\src\\utils\\error.utils.ts",
    "all": false,
    "statementMap": {
      "0": { "start": { "line": 1, "column": 0 }, "end": { "line": 1, "column": 43 } },
      "1": { "start": { "line": 2, "column": 0 }, "end": { "line": 2, "column": 24 } },
      "2": { "start": { "line": 3, "column": 0 }, "end": { "line": 3, "column": 67 } },
      "3": { "start": { "line": 4, "column": 0 }, "end": { "line": 4, "column": 54 } },
      "4": { "start": { "line": 5, "column": 0 }, "end": { "line": 5, "column": 0 } },
      "5": { "start": { "line": 6, "column": 0 }, "end": { "line": 6, "column": 3 } },
      "6": { "start": { "line": 7, "column": 0 }, "end": { "line": 7, "column": 13 } },
      "7": { "start": { "line": 8, "column": 0 }, "end": { "line": 8, "column": 3 } },
      "8": { "start": { "line": 9, "column": 0 }, "end": { "line": 9, "column": 37 } },
      "9": { "start": { "line": 10, "column": 0 }, "end": { "line": 10, "column": 14 } },
      "10": { "start": { "line": 11, "column": 0 }, "end": { "line": 11, "column": 27 } },
      "11": { "start": { "line": 12, "column": 0 }, "end": { "line": 12, "column": 36 } },
      "12": { "start": { "line": 13, "column": 0 }, "end": { "line": 13, "column": 25 } },
      "13": { "start": { "line": 14, "column": 0 }, "end": { "line": 14, "column": 5 } },
      "14": { "start": { "line": 15, "column": 0 }, "end": { "line": 15, "column": 19 } },
      "15": { "start": { "line": 16, "column": 0 }, "end": { "line": 16, "column": 27 } },
      "16": { "start": { "line": 17, "column": 0 }, "end": { "line": 17, "column": 3 } },
      "17": { "start": { "line": 18, "column": 0 }, "end": { "line": 18, "column": 1 } },
      "18": { "start": { "line": 19, "column": 0 }, "end": { "line": 19, "column": 0 } },
      "19": { "start": { "line": 20, "column": 0 }, "end": { "line": 20, "column": 3 } },
      "20": { "start": { "line": 21, "column": 0 }, "end": { "line": 21, "column": 12 } },
      "21": { "start": { "line": 22, "column": 0 }, "end": { "line": 22, "column": 3 } },
      "22": { "start": { "line": 23, "column": 0 }, "end": { "line": 23, "column": 69 } },
      "23": { "start": { "line": 24, "column": 0 }, "end": { "line": 24, "column": 36 } },
      "24": { "start": { "line": 25, "column": 0 }, "end": { "line": 25, "column": 35 } },
      "25": { "start": { "line": 26, "column": 0 }, "end": { "line": 26, "column": 29 } },
      "26": { "start": { "line": 27, "column": 0 }, "end": { "line": 27, "column": 7 } },
      "27": { "start": { "line": 28, "column": 0 }, "end": { "line": 28, "column": 23 } },
      "28": { "start": { "line": 29, "column": 0 }, "end": { "line": 29, "column": 35 } },
      "29": { "start": { "line": 30, "column": 0 }, "end": { "line": 30, "column": 8 } },
      "30": { "start": { "line": 31, "column": 0 }, "end": { "line": 31, "column": 22 } },
      "31": { "start": { "line": 32, "column": 0 }, "end": { "line": 32, "column": 6 } },
      "32": { "start": { "line": 33, "column": 0 }, "end": { "line": 33, "column": 3 } },
      "33": { "start": { "line": 34, "column": 0 }, "end": { "line": 34, "column": 14 } },
      "34": { "start": { "line": 35, "column": 0 }, "end": { "line": 35, "column": 1 } },
      "35": { "start": { "line": 36, "column": 0 }, "end": { "line": 36, "column": 0 } },
      "36": { "start": { "line": 37, "column": 0 }, "end": { "line": 37, "column": 3 } },
      "37": { "start": { "line": 38, "column": 0 }, "end": { "line": 38, "column": 11 } },
      "38": { "start": { "line": 39, "column": 0 }, "end": { "line": 39, "column": 3 } },
      "39": { "start": { "line": 40, "column": 0 }, "end": { "line": 40, "column": 75 } },
      "40": { "start": { "line": 41, "column": 0 }, "end": { "line": 41, "column": 31 } },
      "41": { "start": { "line": 42, "column": 0 }, "end": { "line": 42, "column": 45 } },
      "42": { "start": { "line": 43, "column": 0 }, "end": { "line": 43, "column": 0 } },
      "43": { "start": { "line": 44, "column": 0 }, "end": { "line": 44, "column": 34 } },
      "44": { "start": { "line": 45, "column": 0 }, "end": { "line": 45, "column": 34 } },
      "45": { "start": { "line": 46, "column": 0 }, "end": { "line": 46, "column": 29 } },
      "46": { "start": { "line": 47, "column": 0 }, "end": { "line": 47, "column": 7 } },
      "47": { "start": { "line": 48, "column": 0 }, "end": { "line": 48, "column": 23 } },
      "48": { "start": { "line": 49, "column": 0 }, "end": { "line": 49, "column": 31 } },
      "49": { "start": { "line": 50, "column": 0 }, "end": { "line": 50, "column": 8 } },
      "50": { "start": { "line": 51, "column": 0 }, "end": { "line": 51, "column": 35 } },
      "51": { "start": { "line": 52, "column": 0 }, "end": { "line": 52, "column": 6 } },
      "52": { "start": { "line": 53, "column": 0 }, "end": { "line": 53, "column": 3 } },
      "53": { "start": { "line": 54, "column": 0 }, "end": { "line": 54, "column": 0 } },
      "54": { "start": { "line": 55, "column": 0 }, "end": { "line": 55, "column": 27 } },
      "55": { "start": { "line": 56, "column": 0 }, "end": { "line": 56, "column": 27 } },
      "56": { "start": { "line": 57, "column": 0 }, "end": { "line": 57, "column": 5 } },
      "57": { "start": { "line": 58, "column": 0 }, "end": { "line": 58, "column": 21 } },
      "58": { "start": { "line": 59, "column": 0 }, "end": { "line": 59, "column": 41 } },
      "59": { "start": { "line": 60, "column": 0 }, "end": { "line": 60, "column": 6 } },
      "60": { "start": { "line": 61, "column": 0 }, "end": { "line": 61, "column": 20 } },
      "61": { "start": { "line": 62, "column": 0 }, "end": { "line": 62, "column": 4 } },
      "62": { "start": { "line": 63, "column": 0 }, "end": { "line": 63, "column": 1 } },
      "63": { "start": { "line": 64, "column": 0 }, "end": { "line": 64, "column": 0 } },
      "64": { "start": { "line": 65, "column": 0 }, "end": { "line": 65, "column": 3 } },
      "65": { "start": { "line": 66, "column": 0 }, "end": { "line": 66, "column": 15 } },
      "66": { "start": { "line": 67, "column": 0 }, "end": { "line": 67, "column": 3 } },
      "67": { "start": { "line": 68, "column": 0 }, "end": { "line": 68, "column": 83 } },
      "68": { "start": { "line": 69, "column": 0 }, "end": { "line": 69, "column": 20 } },
      "69": { "start": { "line": 70, "column": 0 }, "end": { "line": 70, "column": 52 } },
      "70": { "start": { "line": 71, "column": 0 }, "end": { "line": 71, "column": 0 } },
      "71": { "start": { "line": 72, "column": 0 }, "end": { "line": 72, "column": 30 } },
      "72": { "start": { "line": 73, "column": 0 }, "end": { "line": 73, "column": 27 } },
      "73": { "start": { "line": 74, "column": 0 }, "end": { "line": 74, "column": 5 } },
      "74": { "start": { "line": 75, "column": 0 }, "end": { "line": 75, "column": 21 } },
      "75": { "start": { "line": 76, "column": 0 }, "end": { "line": 76, "column": 41 } },
      "76": { "start": { "line": 77, "column": 0 }, "end": { "line": 77, "column": 32 } },
      "77": { "start": { "line": 78, "column": 0 }, "end": { "line": 78, "column": 20 } },
      "78": { "start": { "line": 79, "column": 0 }, "end": { "line": 79, "column": 4 } },
      "79": { "start": { "line": 80, "column": 0 }, "end": { "line": 80, "column": 1 } },
      "80": { "start": { "line": 81, "column": 0 }, "end": { "line": 81, "column": 0 } },
      "81": { "start": { "line": 82, "column": 0 }, "end": { "line": 82, "column": 3 } },
      "82": { "start": { "line": 83, "column": 0 }, "end": { "line": 83, "column": 11 } },
      "83": { "start": { "line": 84, "column": 0 }, "end": { "line": 84, "column": 3 } },
      "84": { "start": { "line": 85, "column": 0 }, "end": { "line": 85, "column": 63 } },
      "85": { "start": { "line": 86, "column": 0 }, "end": { "line": 86, "column": 20 } },
      "86": { "start": { "line": 87, "column": 0 }, "end": { "line": 87, "column": 36 } },
      "87": { "start": { "line": 88, "column": 0 }, "end": { "line": 88, "column": 0 } },
      "88": { "start": { "line": 89, "column": 0 }, "end": { "line": 89, "column": 30 } },
      "89": { "start": { "line": 90, "column": 0 }, "end": { "line": 90, "column": 27 } },
      "90": { "start": { "line": 91, "column": 0 }, "end": { "line": 91, "column": 5 } },
      "91": { "start": { "line": 92, "column": 0 }, "end": { "line": 92, "column": 21 } },
      "92": { "start": { "line": 93, "column": 0 }, "end": { "line": 93, "column": 32 } },
      "93": { "start": { "line": 94, "column": 0 }, "end": { "line": 94, "column": 32 } },
      "94": { "start": { "line": 95, "column": 0 }, "end": { "line": 95, "column": 20 } },
      "95": { "start": { "line": 96, "column": 0 }, "end": { "line": 96, "column": 4 } },
      "96": { "start": { "line": 97, "column": 0 }, "end": { "line": 97, "column": 1 } }
    },
    "s": {
      "0": 1,
      "1": 1,
      "2": 1,
      "3": 1,
      "4": 1,
      "5": 1,
      "6": 1,
      "7": 1,
      "8": 1,
      "9": 1,
      "10": 26,
      "11": 26,
      "12": 26,
      "13": 26,
      "14": 26,
      "15": 26,
      "16": 26,
      "17": 1,
      "18": 1,
      "19": 1,
      "20": 1,
      "21": 1,
      "22": 1,
      "23": 0,
      "24": 0,
      "25": 0,
      "26": 0,
      "27": 0,
      "28": 0,
      "29": 0,
      "30": 0,
      "31": 0,
      "32": 0,
      "33": 0,
      "34": 0,
      "35": 1,
      "36": 1,
      "37": 1,
      "38": 1,
      "39": 1,
      "40": 0,
      "41": 0,
      "42": 0,
      "43": 0,
      "44": 0,
      "45": 0,
      "46": 0,
      "47": 0,
      "48": 0,
      "49": 0,
      "50": 0,
      "51": 0,
      "52": 0,
      "53": 0,
      "54": 0,
      "55": 0,
      "56": 0,
      "57": 0,
      "58": 0,
      "59": 0,
      "60": 0,
      "61": 0,
      "62": 0,
      "63": 1,
      "64": 1,
      "65": 1,
      "66": 1,
      "67": 1,
      "68": 0,
      "69": 0,
      "70": 0,
      "71": 0,
      "72": 0,
      "73": 0,
      "74": 0,
      "75": 0,
      "76": 0,
      "77": 0,
      "78": 0,
      "79": 0,
      "80": 1,
      "81": 1,
      "82": 1,
      "83": 1,
      "84": 1,
      "85": 0,
      "86": 0,
      "87": 0,
      "88": 0,
      "89": 0,
      "90": 0,
      "91": 0,
      "92": 0,
      "93": 0,
      "94": 0,
      "95": 0,
      "96": 0
    },
    "branchMap": {
      "0": {
        "type": "branch",
        "line": 10,
        "loc": { "start": { "line": 10, "column": 2 }, "end": { "line": 17, "column": 3 } },
        "locations": [{ "start": { "line": 10, "column": 2 }, "end": { "line": 17, "column": 3 } }]
      }
    },
    "b": { "0": [26] },
    "fnMap": {
      "0": {
        "name": "AppError",
        "decl": { "start": { "line": 10, "column": 2 }, "end": { "line": 17, "column": 3 } },
        "loc": { "start": { "line": 10, "column": 2 }, "end": { "line": 17, "column": 3 } },
        "line": 10
      },
      "1": {
        "name": "handleZodError",
        "decl": { "start": { "line": 23, "column": 7 }, "end": { "line": 35, "column": 1 } },
        "loc": { "start": { "line": 23, "column": 7 }, "end": { "line": 35, "column": 1 } },
        "line": 23
      },
      "2": {
        "name": "handleError",
        "decl": { "start": { "line": 40, "column": 7 }, "end": { "line": 63, "column": 1 } },
        "loc": { "start": { "line": 40, "column": 7 }, "end": { "line": 63, "column": 1 } },
        "line": 40
      },
      "3": {
        "name": "handleDatabaseError",
        "decl": { "start": { "line": 68, "column": 7 }, "end": { "line": 80, "column": 1 } },
        "loc": { "start": { "line": 68, "column": 7 }, "end": { "line": 80, "column": 1 } },
        "line": 68
      },
      "4": {
        "name": "handleAuthError",
        "decl": { "start": { "line": 85, "column": 7 }, "end": { "line": 97, "column": 1 } },
        "loc": { "start": { "line": 85, "column": 7 }, "end": { "line": 97, "column": 1 } },
        "line": 85
      }
    },
    "f": { "0": 26, "1": 0, "2": 0, "3": 0, "4": 0 }
  }
}
