TN:
SF:src\lib\dayjs.ts
FN:14,dayjs
FNF:1
FNH:0
FNDA:0,dayjs
DA:1,1
DA:2,1
DA:3,1
DA:4,1
DA:5,1
DA:6,1
DA:7,1
DA:8,1
DA:9,1
DA:10,1
DA:11,1
DA:12,1
DA:13,1
DA:14,1
DA:15,1
DA:16,1
LF:16
LH:16
BRF:0
BRH:0
end_of_record
TN:
SF:src\lib\default.constant.ts
FNF:0
FNH:0
DA:1,1
DA:2,1
DA:3,1
DA:4,1
DA:5,1
DA:6,1
DA:7,1
DA:8,1
DA:9,1
DA:10,1
LF:10
LH:10
BRF:0
BRH:0
end_of_record
TN:
SF:src\lib\regex.constant.ts
FNF:0
FNH:0
DA:1,1
DA:2,1
DA:3,1
DA:4,1
DA:5,1
DA:6,1
DA:7,1
DA:8,1
DA:9,1
DA:10,1
DA:11,1
DA:12,1
DA:13,1
DA:14,1
DA:15,1
DA:16,1
DA:17,1
DA:18,1
DA:19,1
DA:20,1
DA:21,1
DA:22,1
DA:23,1
DA:24,1
DA:25,1
DA:26,1
DA:27,1
DA:28,1
LF:28
LH:28
BRF:0
BRH:0
end_of_record
TN:
SF:src\lib\mariadb\conn.ts
FN:11,registerService
FN:21,logConnection
FNF:2
FNH:1
FNDA:1,registerService
FNDA:0,logConnection
DA:1,1
DA:2,1
DA:3,1
DA:4,1
DA:5,1
DA:6,1
DA:7,1
DA:8,1
DA:9,1
DA:10,1
DA:11,1
DA:12,1
DA:13,0
DA:14,0
DA:15,0
DA:16,0
DA:17,0
DA:18,1
DA:19,1
DA:20,1
DA:21,0
DA:22,0
DA:23,0
DA:24,0
DA:25,0
DA:26,0
DA:27,0
DA:28,0
DA:29,0
DA:30,0
DA:31,0
DA:32,0
DA:33,0
DA:34,0
DA:35,0
DA:36,0
DA:37,0
DA:38,0
DA:39,0
DA:40,0
DA:41,0
DA:42,0
DA:43,0
DA:44,0
DA:45,0
DA:46,1
DA:47,1
DA:48,1
DA:49,1
DA:50,1
DA:51,1
DA:52,1
DA:53,1
DA:54,1
DA:55,1
DA:56,1
DA:57,1
DA:58,1
DA:59,1
DA:60,1
DA:61,1
DA:62,1
DA:63,1
DA:64,1
DA:65,1
DA:66,1
DA:67,1
DA:68,1
DA:69,1
DA:70,1
DA:71,1
DA:72,1
DA:73,0
DA:74,0
DA:75,1
DA:76,1
DA:77,1
DA:78,1
DA:79,0
DA:80,0
DA:81,1
DA:82,1
LF:82
LH:48
BRDA:78,0,0,0
BRDA:11,1,0,1
BRDA:12,2,0,0
BRDA:50,3,0,1
BRDA:56,4,0,0
BRDA:72,5,0,0
BRDA:72,6,0,0
BRF:7
BRH:2
end_of_record
TN:
SF:src\lib\mariadb\query.ts
FN:13,resolveNestedValue
FN:25,mapRow
FN:64,releaseConn
FN:77,beginTransaction
FN:97,commitTransaction
FN:112,rollbackTransaction
FN:165,getAll
FN:236,getRow
FN:286,getOne
FN:339,exec
FNF:10
FNH:0
FNDA:0,resolveNestedValue
FNDA:0,mapRow
FNDA:0,releaseConn
FNDA:0,beginTransaction
FNDA:0,commitTransaction
FNDA:0,rollbackTransaction
FNDA:0,getAll
FNDA:0,getRow
FNDA:0,getOne
FNDA:0,exec
DA:1,1
DA:2,1
DA:3,1
DA:4,1
DA:5,1
DA:6,1
DA:7,1
DA:8,1
DA:9,1
DA:10,1
DA:11,1
DA:12,1
DA:13,1
DA:14,0
DA:15,0
DA:16,0
DA:17,1
DA:18,1
DA:19,1
DA:20,1
DA:21,1
DA:22,1
DA:23,1
DA:24,1
DA:25,1
DA:26,0
DA:27,0
DA:28,0
DA:29,0
DA:30,0
DA:31,0
DA:32,0
DA:33,0
DA:34,0
DA:35,0
DA:36,0
DA:37,0
DA:38,0
DA:39,0
DA:40,0
DA:41,0
DA:42,0
DA:43,0
DA:44,0
DA:45,0
DA:46,0
DA:47,0
DA:48,0
DA:49,0
DA:50,0
DA:51,0
DA:52,0
DA:53,0
DA:54,0
DA:55,0
DA:56,0
DA:57,0
DA:58,1
DA:59,1
DA:60,1
DA:61,1
DA:62,1
DA:63,1
DA:64,1
DA:65,0
DA:66,0
DA:67,0
DA:68,0
DA:69,0
DA:70,0
DA:71,1
DA:72,1
DA:73,1
DA:74,1
DA:75,1
DA:76,1
DA:77,1
DA:78,0
DA:79,0
DA:80,0
DA:81,0
DA:82,0
DA:83,0
DA:84,0
DA:85,0
DA:86,0
DA:87,0
DA:88,0
DA:89,0
DA:90,0
DA:91,1
DA:92,1
DA:93,1
DA:94,1
DA:95,1
DA:96,1
DA:97,1
DA:98,0
DA:99,0
DA:100,0
DA:101,0
DA:102,0
DA:103,0
DA:104,0
DA:105,0
DA:106,1
DA:107,1
DA:108,1
DA:109,1
DA:110,1
DA:111,1
DA:112,1
DA:113,0
DA:114,0
DA:115,0
DA:116,0
DA:117,0
DA:118,0
DA:119,0
DA:120,0
DA:121,1
DA:122,1
DA:123,1
DA:124,1
DA:125,1
DA:126,1
DA:127,1
DA:128,1
DA:129,1
DA:130,1
DA:131,1
DA:132,1
DA:133,1
DA:134,1
DA:135,1
DA:136,1
DA:137,1
DA:138,1
DA:139,1
DA:140,1
DA:141,1
DA:142,1
DA:143,1
DA:144,1
DA:145,1
DA:146,1
DA:147,1
DA:148,1
DA:149,1
DA:150,1
DA:151,1
DA:152,1
DA:153,1
DA:154,1
DA:155,1
DA:156,1
DA:157,1
DA:158,1
DA:159,1
DA:160,1
DA:161,1
DA:162,1
DA:163,1
DA:164,1
DA:165,1
DA:166,0
DA:167,0
DA:168,0
DA:169,0
DA:170,0
DA:171,0
DA:172,0
DA:173,0
DA:174,0
DA:175,0
DA:176,0
DA:177,0
DA:178,0
DA:179,0
DA:180,0
DA:181,0
DA:182,0
DA:183,0
DA:184,0
DA:185,0
DA:186,0
DA:187,0
DA:188,0
DA:189,0
DA:190,0
DA:191,0
DA:192,0
DA:193,0
DA:194,0
DA:195,0
DA:196,1
DA:197,1
DA:198,1
DA:199,1
DA:200,1
DA:201,1
DA:202,1
DA:203,1
DA:204,1
DA:205,1
DA:206,1
DA:207,1
DA:208,1
DA:209,1
DA:210,1
DA:211,1
DA:212,1
DA:213,1
DA:214,1
DA:215,1
DA:216,1
DA:217,1
DA:218,1
DA:219,1
DA:220,1
DA:221,1
DA:222,1
DA:223,1
DA:224,1
DA:225,1
DA:226,1
DA:227,1
DA:228,1
DA:229,1
DA:230,1
DA:231,1
DA:232,1
DA:233,1
DA:234,1
DA:235,1
DA:236,1
DA:237,0
DA:238,0
DA:239,0
DA:240,0
DA:241,0
DA:242,0
DA:243,0
DA:244,0
DA:245,0
DA:246,0
DA:247,0
DA:248,0
DA:249,0
DA:250,0
DA:251,0
DA:252,0
DA:253,0
DA:254,0
DA:255,0
DA:256,0
DA:257,0
DA:258,0
DA:259,0
DA:260,0
DA:261,0
DA:262,0
DA:263,0
DA:264,0
DA:265,0
DA:266,0
DA:267,1
DA:268,1
DA:269,1
DA:270,1
DA:271,1
DA:272,1
DA:273,1
DA:274,1
DA:275,1
DA:276,1
DA:277,1
DA:278,1
DA:279,1
DA:280,1
DA:281,1
DA:282,1
DA:283,1
DA:284,1
DA:285,1
DA:286,1
DA:287,0
DA:288,0
DA:289,0
DA:290,0
DA:291,0
DA:292,0
DA:293,0
DA:294,0
DA:295,0
DA:296,0
DA:297,0
DA:298,0
DA:299,0
DA:300,0
DA:301,0
DA:302,0
DA:303,0
DA:304,0
DA:305,0
DA:306,0
DA:307,0
DA:308,0
DA:309,0
DA:310,0
DA:311,0
DA:312,0
DA:313,0
DA:314,0
DA:315,0
DA:316,0
DA:317,0
DA:318,0
DA:319,0
DA:320,0
DA:321,1
DA:322,1
DA:323,1
DA:324,1
DA:325,1
DA:326,1
DA:327,1
DA:328,1
DA:329,1
DA:330,1
DA:331,1
DA:332,1
DA:333,1
DA:334,1
DA:335,1
DA:336,1
DA:337,1
DA:338,1
DA:339,1
DA:340,0
DA:341,0
DA:342,0
DA:343,0
DA:344,0
DA:345,0
DA:346,0
DA:347,0
DA:348,0
DA:349,0
DA:350,0
DA:351,0
DA:352,0
DA:353,0
DA:354,0
DA:355,0
DA:356,0
DA:357,0
DA:358,0
DA:359,0
DA:360,0
DA:361,0
DA:362,0
DA:363,0
DA:364,0
DA:365,0
DA:366,0
DA:367,0
DA:368,0
DA:369,0
DA:370,0
DA:371,1
DA:372,1
LF:372
LH:177
BRF:0
BRH:0
end_of_record
TN:
SF:src\models\rnDevices\rnDevices.model.ts
FN:6,insertRnDevices
FN:30,findDeviceByMac
FN:37,findDevicesByMacs
FN:75,softDeleteRnDevice
FN:85,updateDeviceMac
FNF:5
FNH:0
FNDA:0,insertRnDevices
FNDA:0,findDeviceByMac
FNDA:0,findDevicesByMacs
FNDA:0,softDeleteRnDevice
FNDA:0,updateDeviceMac
DA:1,1
DA:2,1
DA:3,1
DA:4,1
DA:5,1
DA:6,1
DA:7,0
DA:8,0
DA:9,0
DA:10,0
DA:11,0
DA:12,0
DA:13,0
DA:14,0
DA:15,0
DA:16,0
DA:17,0
DA:18,0
DA:19,0
DA:20,0
DA:21,0
DA:22,0
DA:23,0
DA:24,0
DA:25,0
DA:26,0
DA:27,0
DA:28,0
DA:29,1
DA:30,1
DA:31,0
DA:32,0
DA:33,0
DA:34,0
DA:35,1
DA:36,1
DA:37,1
DA:38,0
DA:39,0
DA:40,0
DA:41,0
DA:42,0
DA:43,1
DA:44,1
DA:45,1
DA:46,1
DA:47,1
DA:48,1
DA:49,1
DA:50,1
DA:51,1
DA:52,1
DA:53,1
DA:54,1
DA:55,1
DA:56,1
DA:57,1
DA:58,1
DA:59,1
DA:60,1
DA:61,1
DA:62,1
DA:63,1
DA:64,1
DA:65,1
DA:66,1
DA:67,1
DA:68,1
DA:69,1
DA:70,1
DA:71,1
DA:72,1
DA:73,1
DA:74,1
DA:75,1
DA:76,0
DA:77,0
DA:78,0
DA:79,0
DA:80,0
DA:81,0
DA:82,0
DA:83,1
DA:84,1
DA:85,1
DA:86,0
DA:87,0
DA:88,0
DA:89,0
DA:90,0
DA:91,0
DA:92,0
DA:93,0
LF:93
LH:47
BRF:0
BRH:0
end_of_record
TN:
SF:src\models\rnDevicesRel\rnDevicesRel.model.ts
FN:26,findRnDevicesRelBySchoolNo
FN:115,findRnDeviceRelBySchoolNoAndMac
FN:149,insertRnDevicesRel
FN:170,findRelByMac
FN:176,updateRnDevicesRel
FN:225,softDeleteRnDevicesRel
FN:235,checkMacExists
FN:241,updateMacAddress
FNF:8
FNH:0
FNDA:0,findRnDevicesRelBySchoolNo
FNDA:0,findRnDeviceRelBySchoolNoAndMac
FNDA:0,insertRnDevicesRel
FNDA:0,findRelByMac
FNDA:0,updateRnDevicesRel
FNDA:0,softDeleteRnDevicesRel
FNDA:0,checkMacExists
FNDA:0,updateMacAddress
DA:1,1
DA:2,1
DA:3,1
DA:4,1
DA:5,1
DA:6,1
DA:7,1
DA:8,1
DA:9,1
DA:10,1
DA:11,1
DA:12,1
DA:13,1
DA:14,1
DA:15,1
DA:16,1
DA:17,1
DA:18,1
DA:19,1
DA:20,1
DA:21,1
DA:22,1
DA:23,1
DA:24,1
DA:25,1
DA:26,1
DA:27,0
DA:28,0
DA:29,0
DA:30,0
DA:31,0
DA:32,0
DA:33,0
DA:34,0
DA:35,0
DA:36,0
DA:37,0
DA:38,0
DA:39,0
DA:40,0
DA:41,0
DA:42,0
DA:43,0
DA:44,0
DA:45,0
DA:46,0
DA:47,0
DA:48,0
DA:49,0
DA:50,0
DA:51,0
DA:52,0
DA:53,0
DA:54,0
DA:55,0
DA:56,0
DA:57,0
DA:58,0
DA:59,0
DA:60,0
DA:61,0
DA:62,0
DA:63,0
DA:64,0
DA:65,0
DA:66,0
DA:67,0
DA:68,0
DA:69,0
DA:70,0
DA:71,0
DA:72,0
DA:73,0
DA:74,0
DA:75,0
DA:76,0
DA:77,0
DA:78,0
DA:79,0
DA:80,0
DA:81,0
DA:82,0
DA:83,0
DA:84,0
DA:85,0
DA:86,0
DA:87,0
DA:88,0
DA:89,0
DA:90,0
DA:91,0
DA:92,0
DA:93,0
DA:94,0
DA:95,0
DA:96,0
DA:97,0
DA:98,0
DA:99,0
DA:100,0
DA:101,0
DA:102,0
DA:103,0
DA:104,0
DA:105,0
DA:106,0
DA:107,0
DA:108,0
DA:109,0
DA:110,0
DA:111,0
DA:112,0
DA:113,1
DA:114,1
DA:115,1
DA:116,0
DA:117,0
DA:118,0
DA:119,0
DA:120,0
DA:121,0
DA:122,0
DA:123,0
DA:124,0
DA:125,0
DA:126,0
DA:127,0
DA:128,0
DA:129,0
DA:130,0
DA:131,0
DA:132,0
DA:133,0
DA:134,0
DA:135,0
DA:136,0
DA:137,0
DA:138,0
DA:139,0
DA:140,0
DA:141,0
DA:142,0
DA:143,0
DA:144,0
DA:145,0
DA:146,0
DA:147,1
DA:148,1
DA:149,1
DA:150,0
DA:151,0
DA:152,0
DA:153,0
DA:154,0
DA:155,0
DA:156,0
DA:157,0
DA:158,0
DA:159,0
DA:160,0
DA:161,0
DA:162,0
DA:163,0
DA:164,0
DA:165,0
DA:166,0
DA:167,0
DA:168,0
DA:169,1
DA:170,1
DA:171,0
DA:172,0
DA:173,0
DA:174,1
DA:175,1
DA:176,1
DA:177,0
DA:178,0
DA:179,0
DA:180,0
DA:181,0
DA:182,0
DA:183,0
DA:184,0
DA:185,0
DA:186,0
DA:187,0
DA:188,0
DA:189,0
DA:190,0
DA:191,0
DA:192,0
DA:193,0
DA:194,0
DA:195,0
DA:196,0
DA:197,0
DA:198,0
DA:199,0
DA:200,0
DA:201,0
DA:202,0
DA:203,0
DA:204,0
DA:205,0
DA:206,0
DA:207,0
DA:208,0
DA:209,0
DA:210,0
DA:211,0
DA:212,0
DA:213,0
DA:214,0
DA:215,0
DA:216,0
DA:217,0
DA:218,0
DA:219,0
DA:220,0
DA:221,0
DA:222,0
DA:223,1
DA:224,1
DA:225,1
DA:226,0
DA:227,0
DA:228,0
DA:229,0
DA:230,0
DA:231,0
DA:232,0
DA:233,1
DA:234,1
DA:235,1
DA:236,0
DA:237,0
DA:238,0
DA:239,1
DA:240,1
DA:241,1
DA:242,0
DA:243,0
DA:244,0
DA:245,0
DA:246,0
DA:247,0
DA:248,0
DA:249,0
LF:249
LH:46
BRF:0
BRH:0
end_of_record
TN:
SF:src\services\areas\[area]\schools\[schoolNo]\devices\[mac]\[mac].service.ts
FN:18,getDevice
FN:79,updateDevice
FN:171,deleteDevice
FN:240,updateMac
FNF:4
FNH:4
FNDA:12,getDevice
FNDA:23,updateDevice
FNDA:15,deleteDevice
FNDA:12,updateMac
DA:1,1
DA:2,1
DA:3,1
DA:4,1
DA:5,1
DA:6,1
DA:7,1
DA:8,1
DA:9,1
DA:10,1
DA:11,1
DA:12,1
DA:13,1
DA:14,1
DA:15,1
DA:16,1
DA:17,1
DA:18,1
DA:19,12
DA:20,12
DA:21,12
DA:22,12
DA:23,12
DA:24,12
DA:25,11
DA:26,12
DA:27,3
DA:28,3
DA:29,3
DA:30,4
DA:31,4
DA:32,4
DA:33,4
DA:34,4
DA:35,4
DA:36,4
DA:37,4
DA:38,4
DA:39,4
DA:40,4
DA:41,4
DA:42,4
DA:43,4
DA:44,4
DA:45,4
DA:46,4
DA:47,3
DA:48,12
DA:49,1
DA:50,1
DA:51,1
DA:52,4
DA:53,4
DA:54,4
DA:55,12
DA:56,5
DA:57,4
DA:58,4
DA:59,2
DA:60,2
DA:61,2
DA:62,4
DA:63,5
DA:64,5
DA:65,12
DA:66,12
DA:67,11
DA:68,11
DA:69,11
DA:70,5
DA:71,5
DA:72,11
DA:73,12
DA:74,12
DA:75,1
DA:76,1
DA:77,1
DA:78,1
DA:79,1
DA:80,23
DA:81,23
DA:82,23
DA:83,23
DA:84,23
DA:85,2
DA:86,2
DA:87,21
DA:88,21
DA:89,21
DA:90,21
DA:91,20
DA:92,20
DA:93,20
DA:94,23
DA:95,2
DA:96,2
DA:97,14
DA:98,14
DA:99,23
DA:100,3
DA:101,3
DA:102,3
DA:103,3
DA:104,3
DA:105,3
DA:106,3
DA:107,3
DA:108,3
DA:109,3
DA:110,0
DA:111,0
DA:112,11
DA:113,11
DA:114,11
DA:115,11
DA:116,11
DA:117,11
DA:118,11
DA:119,9
DA:120,9
DA:121,9
DA:122,9
DA:123,9
DA:124,9
DA:125,9
DA:126,9
DA:127,9
DA:128,9
DA:129,9
DA:130,9
DA:131,9
DA:132,9
DA:133,9
DA:134,9
DA:135,9
DA:136,7
DA:137,23
DA:138,2
DA:139,2
DA:140,2
DA:141,9
DA:142,9
DA:143,8
DA:144,23
DA:145,13
DA:146,12
DA:147,12
DA:148,12
DA:149,12
DA:150,12
DA:151,12
DA:152,13
DA:153,13
DA:154,2
DA:155,2
DA:156,11
DA:157,23
DA:158,21
DA:159,20
DA:160,20
DA:161,20
DA:162,2
DA:163,2
DA:164,20
DA:165,21
DA:166,23
DA:167,1
DA:168,1
DA:169,1
DA:170,1
DA:171,1
DA:172,15
DA:173,15
DA:174,15
DA:175,15
DA:176,15
DA:177,15
DA:178,14
DA:179,14
DA:180,14
DA:181,11
DA:182,15
DA:183,2
DA:184,2
DA:185,2
DA:186,9
DA:187,9
DA:188,9
DA:189,3
DA:190,3
DA:191,3
DA:192,3
DA:193,3
DA:194,3
DA:195,3
DA:196,3
DA:197,3
DA:198,3
DA:199,3
DA:200,3
DA:201,3
DA:202,3
DA:203,3
DA:204,3
DA:205,3
DA:206,3
DA:207,3
DA:208,3
DA:209,2
DA:210,15
DA:211,1
DA:212,1
DA:213,1
DA:214,3
DA:215,3
DA:216,15
DA:217,10
DA:218,7
DA:219,7
DA:220,7
DA:221,7
DA:222,7
DA:223,7
DA:224,10
DA:225,10
DA:226,15
DA:227,15
DA:228,11
DA:229,11
DA:230,11
DA:231,2
DA:232,2
DA:233,11
DA:234,15
DA:235,15
DA:236,1
DA:237,1
DA:238,1
DA:239,1
DA:240,1
DA:241,12
DA:242,12
DA:243,12
DA:244,12
DA:245,12
DA:246,14
DA:247,14
DA:248,14
DA:249,2
DA:250,2
DA:251,12
DA:252,12
DA:253,12
DA:254,14
DA:255,1
DA:256,1
DA:257,8
DA:258,8
DA:259,8
DA:260,8
DA:261,8
DA:262,8
DA:263,8
DA:264,8
DA:265,8
DA:266,8
DA:267,8
DA:268,8
DA:269,8
DA:270,8
DA:271,8
DA:272,8
DA:273,8
DA:274,8
DA:275,8
DA:276,8
DA:277,8
DA:278,8
DA:279,8
DA:280,8
DA:281,6
DA:282,14
DA:283,2
DA:284,2
DA:285,2
DA:286,14
DA:287,6
LF:287
LH:285
BRDA:18,0,0,12
BRDA:24,1,0,11
BRDA:25,2,0,7
BRDA:26,3,0,3
BRDA:29,4,0,4
BRDA:46,5,0,3
BRDA:48,6,0,1
BRDA:51,7,0,4
BRDA:55,8,0,5
BRDA:56,9,0,4
BRDA:58,10,0,2
BRDA:65,11,0,0
BRDA:66,12,0,11
BRDA:68,13,0,6
BRDA:69,14,0,5
BRDA:79,15,0,23
BRDA:84,16,0,2
BRDA:86,17,0,21
BRDA:90,18,0,20
BRDA:93,19,0,16
BRDA:94,20,0,2
BRDA:96,21,0,14
BRDA:99,22,0,3
BRDA:109,23,0,0
BRDA:111,24,0,11
BRDA:118,25,0,9
BRDA:135,26,0,7
BRDA:137,27,0,2
BRDA:140,28,0,9
BRDA:142,29,0,8
BRDA:144,30,0,13
BRDA:145,31,0,12
BRDA:147,32,0,0
BRDA:153,33,0,2
BRDA:155,34,0,11
BRDA:157,35,0,0
BRDA:157,36,0,21
BRDA:158,37,0,20
BRDA:160,38,0,18
BRDA:161,39,0,2
BRDA:171,40,0,15
BRDA:177,41,0,14
BRDA:180,42,0,11
BRDA:182,43,0,2
BRDA:185,44,0,9
BRDA:188,45,0,3
BRDA:208,46,0,2
BRDA:210,47,0,1
BRDA:213,48,0,3
BRDA:216,49,0,10
BRDA:217,50,0,7
BRDA:219,51,0,0
BRDA:226,52,0,3
BRDA:227,53,0,11
BRDA:229,54,0,9
BRDA:230,55,0,2
BRDA:240,56,0,12
BRDA:245,57,0,14
BRDA:248,58,0,2
BRDA:250,59,0,12
BRDA:253,60,0,9
BRDA:254,61,0,1
BRDA:256,62,0,8
BRDA:280,63,0,6
BRDA:282,64,0,2
BRDA:286,65,0,6
BRF:66
BRH:61
end_of_record
TN:
SF:src\types\common.ts
FNF:0
FNH:0
DA:1,1
DA:2,1
DA:3,1
DA:4,1
DA:5,1
DA:6,1
DA:7,1
DA:8,1
DA:9,1
DA:10,1
DA:11,1
DA:12,1
DA:13,1
DA:14,1
DA:15,1
DA:16,1
DA:17,1
DA:18,1
DA:19,1
DA:20,1
DA:21,1
DA:22,1
DA:23,1
DA:24,1
DA:25,1
DA:26,1
DA:27,1
DA:28,1
DA:29,1
DA:30,1
DA:31,1
DA:32,1
DA:33,1
DA:34,1
DA:35,1
DA:36,1
DA:37,1
DA:38,1
DA:39,1
DA:40,1
DA:41,1
DA:42,1
DA:43,1
DA:44,1
DA:45,1
DA:46,1
DA:47,1
DA:48,1
DA:49,1
DA:50,1
DA:51,1
DA:52,1
DA:53,1
DA:54,1
DA:55,1
DA:56,1
DA:57,1
DA:58,1
DA:59,1
DA:60,1
DA:61,1
DA:62,1
DA:63,1
DA:64,1
DA:65,1
DA:66,1
DA:67,1
DA:68,1
DA:69,1
DA:70,1
DA:71,1
DA:72,1
DA:73,1
DA:74,1
DA:75,1
DA:76,1
DA:77,1
DA:78,1
DA:79,1
DA:80,1
DA:81,1
DA:82,1
DA:83,1
DA:84,1
DA:85,1
DA:86,1
DA:87,1
DA:88,1
DA:89,1
DA:90,1
DA:91,1
DA:92,1
DA:93,1
DA:94,1
DA:95,1
DA:96,1
DA:97,1
DA:98,1
DA:99,1
DA:100,1
LF:100
LH:100
BRF:0
BRH:0
end_of_record
TN:
SF:src\types\device.ts
FN:63,Object.<anonymous>._zod.z.object.ip._zod.z.string.nullable.refine.message
FN:75,Object.<anonymous>._zod.z.object.rip._zod.z.string.nullable.refine.message
FNF:2
FNH:0
FNDA:0,Object.<anonymous>._zod.z.object.ip._zod.z.string.nullable.refine.message
FNDA:0,Object.<anonymous>._zod.z.object.rip._zod.z.string.nullable.refine.message
DA:1,1
DA:2,1
DA:3,1
DA:4,1
DA:5,1
DA:6,1
DA:7,1
DA:8,1
DA:9,1
DA:10,1
DA:11,1
DA:12,1
DA:13,1
DA:14,1
DA:15,1
DA:16,1
DA:17,1
DA:18,1
DA:19,1
DA:20,1
DA:21,1
DA:22,1
DA:23,1
DA:24,1
DA:25,1
DA:26,1
DA:27,1
DA:28,1
DA:29,1
DA:30,1
DA:31,1
DA:32,1
DA:33,1
DA:34,1
DA:35,1
DA:36,1
DA:37,1
DA:38,1
DA:39,1
DA:40,1
DA:41,1
DA:42,1
DA:43,1
DA:44,1
DA:45,1
DA:46,1
DA:47,1
DA:48,1
DA:49,1
DA:50,1
DA:51,1
DA:52,1
DA:53,1
DA:54,1
DA:55,1
DA:56,1
DA:57,1
DA:58,1
DA:59,1
DA:60,1
DA:61,1
DA:62,1
DA:63,1
DA:64,0
DA:65,0
DA:66,0
DA:67,0
DA:68,0
DA:69,1
DA:70,1
DA:71,1
DA:72,1
DA:73,1
DA:74,1
DA:75,1
DA:76,0
DA:77,0
DA:78,0
DA:79,0
DA:80,0
DA:81,1
DA:82,1
DA:83,1
DA:84,1
DA:85,1
DA:86,1
DA:87,1
DA:88,1
DA:89,1
DA:90,1
DA:91,0
DA:92,0
DA:93,0
DA:94,0
DA:95,0
DA:96,0
DA:97,0
DA:98,0
DA:99,0
DA:100,0
DA:101,0
DA:102,0
DA:103,0
DA:104,0
DA:105,0
DA:106,0
DA:107,0
DA:108,0
DA:109,0
DA:110,0
DA:111,0
DA:112,0
DA:113,0
DA:114,0
DA:115,0
DA:116,0
DA:117,0
DA:118,0
DA:119,0
DA:120,0
DA:121,0
DA:122,0
DA:123,0
DA:124,0
DA:125,0
DA:126,1
DA:127,1
DA:128,1
DA:129,1
DA:130,1
DA:131,1
DA:132,1
DA:133,1
DA:134,1
DA:135,1
DA:136,1
DA:137,1
DA:138,1
DA:139,1
DA:140,1
DA:141,1
DA:142,1
DA:143,1
DA:144,1
DA:145,1
DA:146,1
DA:147,1
DA:148,1
DA:149,1
DA:150,1
DA:151,1
DA:152,1
DA:153,1
DA:154,1
DA:155,1
DA:156,1
DA:157,1
DA:158,1
DA:159,1
DA:160,1
DA:161,1
DA:162,1
DA:163,1
DA:164,1
DA:165,1
DA:166,1
DA:167,1
DA:168,1
DA:169,1
DA:170,1
DA:171,1
DA:172,1
DA:173,1
DA:174,1
DA:175,1
DA:176,1
DA:177,1
DA:178,1
DA:179,1
DA:180,1
DA:181,1
DA:182,1
DA:183,1
DA:184,1
DA:185,1
DA:186,1
DA:187,1
DA:188,1
DA:189,1
DA:190,1
DA:191,1
DA:192,1
DA:193,1
DA:194,1
DA:195,1
DA:196,1
DA:197,1
DA:198,1
DA:199,1
DA:200,1
DA:201,1
DA:202,1
DA:203,1
DA:204,1
DA:205,1
DA:206,1
DA:207,1
DA:208,1
DA:209,1
DA:210,1
DA:211,1
DA:212,1
DA:213,1
DA:214,1
DA:215,1
DA:216,1
DA:217,1
DA:218,1
DA:219,1
DA:220,1
DA:221,1
DA:222,1
DA:223,1
DA:224,1
DA:225,1
DA:226,1
DA:227,1
DA:228,1
DA:229,1
DA:230,1
DA:231,1
DA:232,1
DA:233,1
DA:234,1
DA:235,1
DA:236,1
DA:237,1
DA:238,1
DA:239,1
DA:240,1
DA:241,1
DA:242,1
DA:243,1
LF:243
LH:198
BRF:0
BRH:0
end_of_record
